[     792ms] [INFO] Banner not shown: beforeinstallpromptevent.preventDefault() called. The page must call beforeinstallpromptevent.prompt() to show the banner. @ https://www.instagram.com/beyondbeautynatasha/:0
[    1429ms] [LOG] 
%cStop! font-family:helvetica; font-size:20px; font-size:50px; font-weight:bold; color:red; -webkit-text-stroke:1px black; @ https://static.cdninstagram.com/rsrc.php/v4iqwK4/yT/l/en_US-j/CKKoD8n6EQBmICe3y3Oh6zqlATF0asnSLdTApq0kA2TOv7WOcl_GyRyMFQQMTMPZfNoYfDQnsESIGpnMMLVJszTD2JkkXTyKPMRTsaa6c_y1OvMHgcVJ4CCWK.js:537
[    1430ms] [LOG] 
%cThis is a browser feature intended for developers. If someone told you to copy-paste something here to enable an Instagram feature or "hack" someone's account, it is a scam and will give them access to your Instagram account. font-family:helvetica; font-size:20px;  @ https://static.cdninstagram.com/rsrc.php/v4iqwK4/yT/l/en_US-j/CKKoD8n6EQBmICe3y3Oh6zqlATF0asnSLdTApq0kA2TOv7WOcl_GyRyMFQQMTMPZfNoYfDQnsESIGpnMMLVJszTD2JkkXTyKPMRTsaa6c_y1OvMHgcVJ4CCWK.js:537
[    1430ms] [LOG] 
%cSee https://www.facebook.com/selfxss for more information. font-family:helvetica; font-size:20px;  @ https://static.cdninstagram.com/rsrc.php/v4iqwK4/yT/l/en_US-j/CKKoD8n6EQBmICe3y3Oh6zqlATF0asnSLdTApq0kA2TOv7WOcl_GyRyMFQQMTMPZfNoYfDQnsESIGpnMMLVJszTD2JkkXTyKPMRTsaa6c_y1OvMHgcVJ4CCWK.js:537
[    1431ms] [LOG] 
%c  @ https://static.cdninstagram.com/rsrc.php/v4iqwK4/yT/l/en_US-j/CKKoD8n6EQBmICe3y3Oh6zqlATF0asnSLdTApq0kA2TOv7WOcl_GyRyMFQQMTMPZfNoYfDQnsESIGpnMMLVJszTD2JkkXTyKPMRTsaa6c_y1OvMHgcVJ4CCWK.js:537
[    1716ms] [ERROR] ErrorUtils caught an error:

GraphQL operation responded with error 4630001: Invalid module param. (Operation: PolarisStoriesV3TrayContainerQuery)
 [Caught in: unexpected]

Subsequent non-fatal errors won't be logged; see https://fburl.com/debugjs. {column: 241, clientTime: 1781061715, extra: Object, guardList: Array(0), hash: 3wdpxg} @ https://static.cdninstagram.com/rsrc.php/v4/y8/r/3h4YqOhE0YZ.js:79
[    4561ms] [ERROR] Permissions policy violation: unload is not allowed in this document. @ https://static.xx.fbcdn.net/rsrc.php/v4/yA/r/llpHPzBZ1ZW.js:241
[   16524ms] [INFO] Banner not shown: beforeinstallpromptevent.preventDefault() called. The page must call beforeinstallpromptevent.prompt() to show the banner. @ https://www.instagram.com/indyaagos/:0
[   17378ms] [INFO] Banner not shown: beforeinstallpromptevent.preventDefault() called. The page must call beforeinstallpromptevent.prompt() to show the banner. @ https://www.instagram.com/bec_bfit/:0
[   18358ms] [LOG] 
%cStop! font-family:helvetica; font-size:20px; font-size:50px; font-weight:bold; color:red; -webkit-text-stroke:1px black; @ https://static.cdninstagram.com/rsrc.php/v4i8iB4/yg/l/en_US-j/dTApq0kA2TOv7WOcl_GyRyMFQQMTMPZfNoYfDQnsESIGTsaa6c_y1Ov0FbROOjSCWMC4fHGZPlv6rTGHskmxiWfm19JIBMpvbDr9aUyD2ha4Ta_2mxykuiW-v0MgvGFgTubtGa_18N7y_wfidQMhm2UXA2rrCxjEFdRGjiFGHh9ozlMI64oxaJD-bMV1zrNvhsc-jaOuxqSKnm9UbXofocMwkJXyIKxAiusmbNiolQ_GXCJLbUoLqllHVDFQqoHyzVzN2il_s172D1_ZhzkphhshD5-sc1yxdkJx4O5NrpKzMGU-W7GsTMMsiJC02ez.js:219
[   18359ms] [LOG] 
%cThis is a browser feature intended for developers. If someone told you to copy-paste something here to enable an Instagram feature or "hack" someone's account, it is a scam and will give them access to your Instagram account. font-family:helvetica; font-size:20px;  @ https://static.cdninstagram.com/rsrc.php/v4i8iB4/yg/l/en_US-j/dTApq0kA2TOv7WOcl_GyRyMFQQMTMPZfNoYfDQnsESIGTsaa6c_y1Ov0FbROOjSCWMC4fHGZPlv6rTGHskmxiWfm19JIBMpvbDr9aUyD2ha4Ta_2mxykuiW-v0MgvGFgTubtGa_18N7y_wfidQMhm2UXA2rrCxjEFdRGjiFGHh9ozlMI64oxaJD-bMV1zrNvhsc-jaOuxqSKnm9UbXofocMwkJXyIKxAiusmbNiolQ_GXCJLbUoLqllHVDFQqoHyzVzN2il_s172D1_ZhzkphhshD5-sc1yxdkJx4O5NrpKzMGU-W7GsTMMsiJC02ez.js:219
[   18359ms] [LOG] 
%cSee https://www.facebook.com/selfxss for more information. font-family:helvetica; font-size:20px;  @ https://static.cdninstagram.com/rsrc.php/v4i8iB4/yg/l/en_US-j/dTApq0kA2TOv7WOcl_GyRyMFQQMTMPZfNoYfDQnsESIGTsaa6c_y1Ov0FbROOjSCWMC4fHGZPlv6rTGHskmxiWfm19JIBMpvbDr9aUyD2ha4Ta_2mxykuiW-v0MgvGFgTubtGa_18N7y_wfidQMhm2UXA2rrCxjEFdRGjiFGHh9ozlMI64oxaJD-bMV1zrNvhsc-jaOuxqSKnm9UbXofocMwkJXyIKxAiusmbNiolQ_GXCJLbUoLqllHVDFQqoHyzVzN2il_s172D1_ZhzkphhshD5-sc1yxdkJx4O5NrpKzMGU-W7GsTMMsiJC02ez.js:219
[   18359ms] [LOG] 
%c  @ https://static.cdninstagram.com/rsrc.php/v4i8iB4/yg/l/en_US-j/dTApq0kA2TOv7WOcl_GyRyMFQQMTMPZfNoYfDQnsESIGTsaa6c_y1Ov0FbROOjSCWMC4fHGZPlv6rTGHskmxiWfm19JIBMpvbDr9aUyD2ha4Ta_2mxykuiW-v0MgvGFgTubtGa_18N7y_wfidQMhm2UXA2rrCxjEFdRGjiFGHh9ozlMI64oxaJD-bMV1zrNvhsc-jaOuxqSKnm9UbXofocMwkJXyIKxAiusmbNiolQ_GXCJLbUoLqllHVDFQqoHyzVzN2il_s172D1_ZhzkphhshD5-sc1yxdkJx4O5NrpKzMGU-W7GsTMMsiJC02ez.js:219
[   19036ms] [LOG] 
%cStop! font-family:helvetica; font-size:20px; font-size:50px; font-weight:bold; color:red; -webkit-text-stroke:1px black; @ https://static.cdninstagram.com/rsrc.php/v4i8iB4/yg/l/en_US-j/dTApq0kA2TOv7WOcl_GyRyMFQQMTMPZfNoYfDQnsESIGTsaa6c_y1Ov0FbROOjSCWMC4fHGZPlv6rTGHskmxiWfm19JIBMpvbDr9aUyD2ha4Ta_2mxykuiW-v0MgvGFgTubtGa_18N7y_wfidQMhm2UXA2rrCxjEFdRGjiFGHh9ozlMI64oxaJD-bMV1zrNvhsc-jaOuxqSKnm9UbXofocMwkJXyIKxAiusmbNiolQ_GXCJLbUoLqllHVDFQqoHyzVzN2il_s172D1_ZhzkphhshD5-sc1yxdkJx4O5NrpKzMGU-W7GsTMMsiJC02ez.js:219
[   19037ms] [LOG] 
%cThis is a browser feature intended for developers. If someone told you to copy-paste something here to enable an Instagram feature or "hack" someone's account, it is a scam and will give them access to your Instagram account. font-family:helvetica; font-size:20px;  @ https://static.cdninstagram.com/rsrc.php/v4i8iB4/yg/l/en_US-j/dTApq0kA2TOv7WOcl_GyRyMFQQMTMPZfNoYfDQnsESIGTsaa6c_y1Ov0FbROOjSCWMC4fHGZPlv6rTGHskmxiWfm19JIBMpvbDr9aUyD2ha4Ta_2mxykuiW-v0MgvGFgTubtGa_18N7y_wfidQMhm2UXA2rrCxjEFdRGjiFGHh9ozlMI64oxaJD-bMV1zrNvhsc-jaOuxqSKnm9UbXofocMwkJXyIKxAiusmbNiolQ_GXCJLbUoLqllHVDFQqoHyzVzN2il_s172D1_ZhzkphhshD5-sc1yxdkJx4O5NrpKzMGU-W7GsTMMsiJC02ez.js:219
[   19038ms] [LOG] 
%cSee https://www.facebook.com/selfxss for more information. font-family:helvetica; font-size:20px;  @ https://static.cdninstagram.com/rsrc.php/v4i8iB4/yg/l/en_US-j/dTApq0kA2TOv7WOcl_GyRyMFQQMTMPZfNoYfDQnsESIGTsaa6c_y1Ov0FbROOjSCWMC4fHGZPlv6rTGHskmxiWfm19JIBMpvbDr9aUyD2ha4Ta_2mxykuiW-v0MgvGFgTubtGa_18N7y_wfidQMhm2UXA2rrCxjEFdRGjiFGHh9ozlMI64oxaJD-bMV1zrNvhsc-jaOuxqSKnm9UbXofocMwkJXyIKxAiusmbNiolQ_GXCJLbUoLqllHVDFQqoHyzVzN2il_s172D1_ZhzkphhshD5-sc1yxdkJx4O5NrpKzMGU-W7GsTMMsiJC02ez.js:219
[   19038ms] [LOG] 
%c  @ https://static.cdninstagram.com/rsrc.php/v4i8iB4/yg/l/en_US-j/dTApq0kA2TOv7WOcl_GyRyMFQQMTMPZfNoYfDQnsESIGTsaa6c_y1Ov0FbROOjSCWMC4fHGZPlv6rTGHskmxiWfm19JIBMpvbDr9aUyD2ha4Ta_2mxykuiW-v0MgvGFgTubtGa_18N7y_wfidQMhm2UXA2rrCxjEFdRGjiFGHh9ozlMI64oxaJD-bMV1zrNvhsc-jaOuxqSKnm9UbXofocMwkJXyIKxAiusmbNiolQ_GXCJLbUoLqllHVDFQqoHyzVzN2il_s172D1_ZhzkphhshD5-sc1yxdkJx4O5NrpKzMGU-W7GsTMMsiJC02ez.js:219
[   19230ms] [ERROR] ErrorUtils caught an error:

GraphQL operation responded with error 4630001: Invalid module param. (Operation: PolarisStoriesV3TrayContainerQuery)
 [Caught in: unexpected]

Subsequent non-fatal errors won't be logged; see https://fburl.com/debugjs. {column: 241, clientTime: 1781061733, extra: Object, guardList: Array(0), hash: kvyt2o} @ https://static.cdninstagram.com/rsrc.php/v4/y8/r/3h4YqOhE0YZ.js:79
[   19709ms] [INFO] Banner not shown: beforeinstallpromptevent.preventDefault() called. The page must call beforeinstallpromptevent.prompt() to show the banner. @ https://www.instagram.com/vashtikanahele/:0
[   20449ms] [LOG] 
%cStop! font-family:helvetica; font-size:20px; font-size:50px; font-weight:bold; color:red; -webkit-text-stroke:1px black; @ https://static.cdninstagram.com/rsrc.php/v4i8iB4/yg/l/en_US-j/dTApq0kA2TOv7WOcl_GyRyMFQQMTMPZfNoYfDQnsESIGTsaa6c_y1Ov0FbROOjSCWMC4fHGZPlv6rTGHskmxiWfm19JIBMpvbDr9aUyD2ha4Ta_2mxykuiW-v0MgvGFgTubtGa_18N7y_wfidQMhm2UXA2rrCxjEFdRGjiFGHh9ozlMI64oxaJD-bMV1zrNvhsc-jaOuxqSKnm9UbXofocMwkJXyIKxAiusmbNiolQ_GXCJLbUoLqllHVDFQqoHyzVzN2il_s172D1_ZhzkphhshD5-sc1yxdkJx4O5NrpKzMGU-W7GsTMMsiJC02ez.js:219
[   20450ms] [LOG] 
%cThis is a browser feature intended for developers. If someone told you to copy-paste something here to enable an Instagram feature or "hack" someone's account, it is a scam and will give them access to your Instagram account. font-family:helvetica; font-size:20px;  @ https://static.cdninstagram.com/rsrc.php/v4i8iB4/yg/l/en_US-j/dTApq0kA2TOv7WOcl_GyRyMFQQMTMPZfNoYfDQnsESIGTsaa6c_y1Ov0FbROOjSCWMC4fHGZPlv6rTGHskmxiWfm19JIBMpvbDr9aUyD2ha4Ta_2mxykuiW-v0MgvGFgTubtGa_18N7y_wfidQMhm2UXA2rrCxjEFdRGjiFGHh9ozlMI64oxaJD-bMV1zrNvhsc-jaOuxqSKnm9UbXofocMwkJXyIKxAiusmbNiolQ_GXCJLbUoLqllHVDFQqoHyzVzN2il_s172D1_ZhzkphhshD5-sc1yxdkJx4O5NrpKzMGU-W7GsTMMsiJC02ez.js:219
[   20450ms] [LOG] 
%cSee https://www.facebook.com/selfxss for more information. font-family:helvetica; font-size:20px;  @ https://static.cdninstagram.com/rsrc.php/v4i8iB4/yg/l/en_US-j/dTApq0kA2TOv7WOcl_GyRyMFQQMTMPZfNoYfDQnsESIGTsaa6c_y1Ov0FbROOjSCWMC4fHGZPlv6rTGHskmxiWfm19JIBMpvbDr9aUyD2ha4Ta_2mxykuiW-v0MgvGFgTubtGa_18N7y_wfidQMhm2UXA2rrCxjEFdRGjiFGHh9ozlMI64oxaJD-bMV1zrNvhsc-jaOuxqSKnm9UbXofocMwkJXyIKxAiusmbNiolQ_GXCJLbUoLqllHVDFQqoHyzVzN2il_s172D1_ZhzkphhshD5-sc1yxdkJx4O5NrpKzMGU-W7GsTMMsiJC02ez.js:219
[   20450ms] [LOG] 
%c  @ https://static.cdninstagram.com/rsrc.php/v4i8iB4/yg/l/en_US-j/dTApq0kA2TOv7WOcl_GyRyMFQQMTMPZfNoYfDQnsESIGTsaa6c_y1Ov0FbROOjSCWMC4fHGZPlv6rTGHskmxiWfm19JIBMpvbDr9aUyD2ha4Ta_2mxykuiW-v0MgvGFgTubtGa_18N7y_wfidQMhm2UXA2rrCxjEFdRGjiFGHh9ozlMI64oxaJD-bMV1zrNvhsc-jaOuxqSKnm9UbXofocMwkJXyIKxAiusmbNiolQ_GXCJLbUoLqllHVDFQqoHyzVzN2il_s172D1_ZhzkphhshD5-sc1yxdkJx4O5NrpKzMGU-W7GsTMMsiJC02ez.js:219
[   20653ms] [ERROR] ErrorUtils caught an error:

GraphQL operation responded with error 4630001: Invalid module param. (Operation: PolarisStoriesV3TrayContainerQuery)
 [Caught in: unexpected]

Subsequent non-fatal errors won't be logged; see https://fburl.com/debugjs. {column: 241, clientTime: 1781061734, extra: Object, guardList: Array(0), hash: kvyt2o} @ https://static.cdninstagram.com/rsrc.php/v4/y8/r/3h4YqOhE0YZ.js:79
[   21119ms] [INFO] Banner not shown: beforeinstallpromptevent.preventDefault() called. The page must call beforeinstallpromptevent.prompt() to show the banner. @ https://www.instagram.com/mandimakes/:0
[   21809ms] [INFO] Banner not shown: beforeinstallpromptevent.preventDefault() called. The page must call beforeinstallpromptevent.prompt() to show the banner. @ https://www.instagram.com/katiexfelton/:0
[   22439ms] [INFO] Banner not shown: beforeinstallpromptevent.preventDefault() called. The page must call beforeinstallpromptevent.prompt() to show the banner. @ https://www.instagram.com/randysantel/:0
[   23232ms] [INFO] Banner not shown: beforeinstallpromptevent.preventDefault() called. The page must call beforeinstallpromptevent.prompt() to show the banner. @ https://www.instagram.com/sonyabarlowuk/:0
[   24100ms] [LOG] 
%cStop! font-family:helvetica; font-size:20px; font-size:50px; font-weight:bold; color:red; -webkit-text-stroke:1px black; @ https://static.cdninstagram.com/rsrc.php/v4i8iB4/yg/l/en_US-j/dTApq0kA2TOv7WOcl_GyRyMFQQMTMPZfNoYfDQnsESIGTsaa6c_y1Ov0FbROOjSCWMC4fHGZPlv6rTGHskmxiWfm19JIBMpvbDr9aUyD2ha4Ta_2mxykuiW-v0MgvGFgTubtGa_18N7y_wfidQMhm2UXA2rrCxjEFdRGjiFGHh9ozlMI64oxaJD-bMV1zrNvhsc-jaOuxqSKnm9UbXofocMwkJXyIKxAiusmbNiolQ_GXCJLbUoLqllHVDFQqoHyzVzN2il_s172D1_ZhzkphhshD5-sc1yxdkJx4O5NrpKzMGU-W7GsTMMsiJC02ez.js:219
[   24101ms] [LOG] 
%cThis is a browser feature intended for developers. If someone told you to copy-paste something here to enable an Instagram feature or "hack" someone's account, it is a scam and will give them access to your Instagram account. font-family:helvetica; font-size:20px;  @ https://static.cdninstagram.com/rsrc.php/v4i8iB4/yg/l/en_US-j/dTApq0kA2TOv7WOcl_GyRyMFQQMTMPZfNoYfDQnsESIGTsaa6c_y1Ov0FbROOjSCWMC4fHGZPlv6rTGHskmxiWfm19JIBMpvbDr9aUyD2ha4Ta_2mxykuiW-v0MgvGFgTubtGa_18N7y_wfidQMhm2UXA2rrCxjEFdRGjiFGHh9ozlMI64oxaJD-bMV1zrNvhsc-jaOuxqSKnm9UbXofocMwkJXyIKxAiusmbNiolQ_GXCJLbUoLqllHVDFQqoHyzVzN2il_s172D1_ZhzkphhshD5-sc1yxdkJx4O5NrpKzMGU-W7GsTMMsiJC02ez.js:219
[   24101ms] [LOG] 
%cSee https://www.facebook.com/selfxss for more information. font-family:helvetica; font-size:20px;  @ https://static.cdninstagram.com/rsrc.php/v4i8iB4/yg/l/en_US-j/dTApq0kA2TOv7WOcl_GyRyMFQQMTMPZfNoYfDQnsESIGTsaa6c_y1Ov0FbROOjSCWMC4fHGZPlv6rTGHskmxiWfm19JIBMpvbDr9aUyD2ha4Ta_2mxykuiW-v0MgvGFgTubtGa_18N7y_wfidQMhm2UXA2rrCxjEFdRGjiFGHh9ozlMI64oxaJD-bMV1zrNvhsc-jaOuxqSKnm9UbXofocMwkJXyIKxAiusmbNiolQ_GXCJLbUoLqllHVDFQqoHyzVzN2il_s172D1_ZhzkphhshD5-sc1yxdkJx4O5NrpKzMGU-W7GsTMMsiJC02ez.js:219
[   24101ms] [LOG] 
%c  @ https://static.cdninstagram.com/rsrc.php/v4i8iB4/yg/l/en_US-j/dTApq0kA2TOv7WOcl_GyRyMFQQMTMPZfNoYfDQnsESIGTsaa6c_y1Ov0FbROOjSCWMC4fHGZPlv6rTGHskmxiWfm19JIBMpvbDr9aUyD2ha4Ta_2mxykuiW-v0MgvGFgTubtGa_18N7y_wfidQMhm2UXA2rrCxjEFdRGjiFGHh9ozlMI64oxaJD-bMV1zrNvhsc-jaOuxqSKnm9UbXofocMwkJXyIKxAiusmbNiolQ_GXCJLbUoLqllHVDFQqoHyzVzN2il_s172D1_ZhzkphhshD5-sc1yxdkJx4O5NrpKzMGU-W7GsTMMsiJC02ez.js:219
[   24743ms] [INFO] Banner not shown: beforeinstallpromptevent.preventDefault() called. The page must call beforeinstallpromptevent.prompt() to show the banner. @ https://www.instagram.com/sophworkbaby/:0
[   25231ms] [LOG] 
%cStop! font-family:helvetica; font-size:20px; font-size:50px; font-weight:bold; color:red; -webkit-text-stroke:1px black; @ https://static.cdninstagram.com/rsrc.php/v4iqwK4/yT/l/en_US-j/CKKoD8n6EQBmICe3y3Oh6zqlATF0asnSLdTApq0kA2TOv7WOcl_GyRyMFQQMTMPZfNoYfDQnsESIGpnMMLVJszTD2JkkXTyKPMRTsaa6c_y1OvMHgcVJ4CCWK.js:537
[   25231ms] [LOG] 
%cThis is a browser feature intended for developers. If someone told you to copy-paste something here to enable an Instagram feature or "hack" someone's account, it is a scam and will give them access to your Instagram account. font-family:helvetica; font-size:20px;  @ https://static.cdninstagram.com/rsrc.php/v4iqwK4/yT/l/en_US-j/CKKoD8n6EQBmICe3y3Oh6zqlATF0asnSLdTApq0kA2TOv7WOcl_GyRyMFQQMTMPZfNoYfDQnsESIGpnMMLVJszTD2JkkXTyKPMRTsaa6c_y1OvMHgcVJ4CCWK.js:537
[   25231ms] [LOG] 
%cSee https://www.facebook.com/selfxss for more information. font-family:helvetica; font-size:20px;  @ https://static.cdninstagram.com/rsrc.php/v4iqwK4/yT/l/en_US-j/CKKoD8n6EQBmICe3y3Oh6zqlATF0asnSLdTApq0kA2TOv7WOcl_GyRyMFQQMTMPZfNoYfDQnsESIGpnMMLVJszTD2JkkXTyKPMRTsaa6c_y1OvMHgcVJ4CCWK.js:537
[   25232ms] [LOG] 
%c  @ https://static.cdninstagram.com/rsrc.php/v4iqwK4/yT/l/en_US-j/CKKoD8n6EQBmICe3y3Oh6zqlATF0asnSLdTApq0kA2TOv7WOcl_GyRyMFQQMTMPZfNoYfDQnsESIGpnMMLVJszTD2JkkXTyKPMRTsaa6c_y1OvMHgcVJ4CCWK.js:537
[   25887ms] [INFO] Banner not shown: beforeinstallpromptevent.preventDefault() called. The page must call beforeinstallpromptevent.prompt() to show the banner. @ https://www.instagram.com/mollyrodham/:0
[   26787ms] [INFO] Banner not shown: beforeinstallpromptevent.preventDefault() called. The page must call beforeinstallpromptevent.prompt() to show the banner. @ https://www.instagram.com/aitrendz.xyz/:0
[   27397ms] [INFO] Banner not shown: beforeinstallpromptevent.preventDefault() called. The page must call beforeinstallpromptevent.prompt() to show the banner. @ https://www.instagram.com/evelynelesin_ugc/:0
[   28100ms] [LOG] 
%cStop! font-family:helvetica; font-size:20px; font-size:50px; font-weight:bold; color:red; -webkit-text-stroke:1px black; @ https://static.cdninstagram.com/rsrc.php/v4iqwK4/yT/l/en_US-j/CKKoD8n6EQBmICe3y3Oh6zqlATF0asnSLdTApq0kA2TOv7WOcl_GyRyMFQQMTMPZfNoYfDQnsESIGpnMMLVJszTD2JkkXTyKPMRTsaa6c_y1OvMHgcVJ4CCWK.js:537
[   28100ms] [LOG] 
%cThis is a browser feature intended for developers. If someone told you to copy-paste something here to enable an Instagram feature or "hack" someone's account, it is a scam and will give them access to your Instagram account. font-family:helvetica; font-size:20px;  @ https://static.cdninstagram.com/rsrc.php/v4iqwK4/yT/l/en_US-j/CKKoD8n6EQBmICe3y3Oh6zqlATF0asnSLdTApq0kA2TOv7WOcl_GyRyMFQQMTMPZfNoYfDQnsESIGpnMMLVJszTD2JkkXTyKPMRTsaa6c_y1OvMHgcVJ4CCWK.js:537
[   28100ms] [LOG] 
%cSee https://www.facebook.com/selfxss for more information. font-family:helvetica; font-size:20px;  @ https://static.cdninstagram.com/rsrc.php/v4iqwK4/yT/l/en_US-j/CKKoD8n6EQBmICe3y3Oh6zqlATF0asnSLdTApq0kA2TOv7WOcl_GyRyMFQQMTMPZfNoYfDQnsESIGpnMMLVJszTD2JkkXTyKPMRTsaa6c_y1OvMHgcVJ4CCWK.js:537
[   28101ms] [LOG] 
%c  @ https://static.cdninstagram.com/rsrc.php/v4iqwK4/yT/l/en_US-j/CKKoD8n6EQBmICe3y3Oh6zqlATF0asnSLdTApq0kA2TOv7WOcl_GyRyMFQQMTMPZfNoYfDQnsESIGpnMMLVJszTD2JkkXTyKPMRTsaa6c_y1OvMHgcVJ4CCWK.js:537
[   28103ms] [INFO] Banner not shown: beforeinstallpromptevent.preventDefault() called. The page must call beforeinstallpromptevent.prompt() to show the banner. @ https://www.instagram.com/conversationswithbron/:0
[   28741ms] [ERROR] ErrorUtils caught an error:

GraphQL operation responded with error 4630001: Invalid module param. (Operation: PolarisStoriesV3TrayContainerQuery)
 [Caught in: unexpected]

Subsequent non-fatal errors won't be logged; see https://fburl.com/debugjs. {column: 241, clientTime: 1781061742, extra: Object, guardList: Array(0), hash: 3wdpxg} @ https://static.cdninstagram.com/rsrc.php/v4/y8/r/3h4YqOhE0YZ.js:79
[   31826ms] [ERROR] Permissions policy violation: unload is not allowed in this document. @ https://static.xx.fbcdn.net/rsrc.php/v4/yA/r/llpHPzBZ1ZW.js:241
[   37931ms] [INFO] Banner not shown: beforeinstallpromptevent.preventDefault() called. The page must call beforeinstallpromptevent.prompt() to show the banner. @ https://www.instagram.com/lovesweatfitness/:0
[   38521ms] [LOG] 
%cStop! font-family:helvetica; font-size:20px; font-size:50px; font-weight:bold; color:red; -webkit-text-stroke:1px black; @ https://static.cdninstagram.com/rsrc.php/v4iqwK4/yT/l/en_US-j/CKKoD8n6EQBmICe3y3Oh6zqlATF0asnSLdTApq0kA2TOv7WOcl_GyRyMFQQMTMPZfNoYfDQnsESIGpnMMLVJszTD2JkkXTyKPMRTsaa6c_y1OvMHgcVJ4CCWK.js:537
[   38521ms] [LOG] 
%cThis is a browser feature intended for developers. If someone told you to copy-paste something here to enable an Instagram feature or "hack" someone's account, it is a scam and will give them access to your Instagram account. font-family:helvetica; font-size:20px;  @ https://static.cdninstagram.com/rsrc.php/v4iqwK4/yT/l/en_US-j/CKKoD8n6EQBmICe3y3Oh6zqlATF0asnSLdTApq0kA2TOv7WOcl_GyRyMFQQMTMPZfNoYfDQnsESIGpnMMLVJszTD2JkkXTyKPMRTsaa6c_y1OvMHgcVJ4CCWK.js:537
[   38521ms] [LOG] 
%cSee https://www.facebook.com/selfxss for more information. font-family:helvetica; font-size:20px;  @ https://static.cdninstagram.com/rsrc.php/v4iqwK4/yT/l/en_US-j/CKKoD8n6EQBmICe3y3Oh6zqlATF0asnSLdTApq0kA2TOv7WOcl_GyRyMFQQMTMPZfNoYfDQnsESIGpnMMLVJszTD2JkkXTyKPMRTsaa6c_y1OvMHgcVJ4CCWK.js:537
[   38521ms] [LOG] 
%c  @ https://static.cdninstagram.com/rsrc.php/v4iqwK4/yT/l/en_US-j/CKKoD8n6EQBmICe3y3Oh6zqlATF0asnSLdTApq0kA2TOv7WOcl_GyRyMFQQMTMPZfNoYfDQnsESIGpnMMLVJszTD2JkkXTyKPMRTsaa6c_y1OvMHgcVJ4CCWK.js:537
[   38710ms] [ERROR] ErrorUtils caught an error:

GraphQL operation responded with error 4630001: Invalid module param. (Operation: PolarisStoriesV3TrayContainerQuery)
 [Caught in: unexpected]

Subsequent non-fatal errors won't be logged; see https://fburl.com/debugjs. {column: 241, clientTime: 1781061752, extra: Object, guardList: Array(0), hash: 3wdpxg} @ https://static.cdninstagram.com/rsrc.php/v4/y8/r/3h4YqOhE0YZ.js:79
[   40470ms] [INFO] Banner not shown: beforeinstallpromptevent.preventDefault() called. The page must call beforeinstallpromptevent.prompt() to show the banner. @ https://www.instagram.com/indyaagos/:0
[   41088ms] [LOG] 
%cStop! font-family:helvetica; font-size:20px; font-size:50px; font-weight:bold; color:red; -webkit-text-stroke:1px black; @ https://static.cdninstagram.com/rsrc.php/v4iqwK4/yT/l/en_US-j/CKKoD8n6EQBmICe3y3Oh6zqlATF0asnSLdTApq0kA2TOv7WOcl_GyRyMFQQMTMPZfNoYfDQnsESIGpnMMLVJszTD2JkkXTyKPMRTsaa6c_y1OvMHgcVJ4CCWK.js:537
[   41089ms] [LOG] 
%cThis is a browser feature intended for developers. If someone told you to copy-paste something here to enable an Instagram feature or "hack" someone's account, it is a scam and will give them access to your Instagram account. font-family:helvetica; font-size:20px;  @ https://static.cdninstagram.com/rsrc.php/v4iqwK4/yT/l/en_US-j/CKKoD8n6EQBmICe3y3Oh6zqlATF0asnSLdTApq0kA2TOv7WOcl_GyRyMFQQMTMPZfNoYfDQnsESIGpnMMLVJszTD2JkkXTyKPMRTsaa6c_y1OvMHgcVJ4CCWK.js:537
[   41089ms] [LOG] 
%cSee https://www.facebook.com/selfxss for more information. font-family:helvetica; font-size:20px;  @ https://static.cdninstagram.com/rsrc.php/v4iqwK4/yT/l/en_US-j/CKKoD8n6EQBmICe3y3Oh6zqlATF0asnSLdTApq0kA2TOv7WOcl_GyRyMFQQMTMPZfNoYfDQnsESIGpnMMLVJszTD2JkkXTyKPMRTsaa6c_y1OvMHgcVJ4CCWK.js:537
[   41089ms] [LOG] 
%c  @ https://static.cdninstagram.com/rsrc.php/v4iqwK4/yT/l/en_US-j/CKKoD8n6EQBmICe3y3Oh6zqlATF0asnSLdTApq0kA2TOv7WOcl_GyRyMFQQMTMPZfNoYfDQnsESIGpnMMLVJszTD2JkkXTyKPMRTsaa6c_y1OvMHgcVJ4CCWK.js:537
[   41257ms] [ERROR] ErrorUtils caught an error:

GraphQL operation responded with error 4630001: Invalid module param. (Operation: PolarisStoriesV3TrayContainerQuery)
 [Caught in: unexpected]

Subsequent non-fatal errors won't be logged; see https://fburl.com/debugjs. {column: 241, clientTime: 1781061755, extra: Object, guardList: Array(0), hash: 3wdpxg} @ https://static.cdninstagram.com/rsrc.php/v4/y8/r/3h4YqOhE0YZ.js:79
[   43159ms] [INFO] Banner not shown: beforeinstallpromptevent.preventDefault() called. The page must call beforeinstallpromptevent.prompt() to show the banner. @ https://www.instagram.com/bec_bfit/:0
[   43616ms] [LOG] 
%cStop! font-family:helvetica; font-size:20px; font-size:50px; font-weight:bold; color:red; -webkit-text-stroke:1px black; @ https://static.cdninstagram.com/rsrc.php/v4iqwK4/yT/l/en_US-j/CKKoD8n6EQBmICe3y3Oh6zqlATF0asnSLdTApq0kA2TOv7WOcl_GyRyMFQQMTMPZfNoYfDQnsESIGpnMMLVJszTD2JkkXTyKPMRTsaa6c_y1OvMHgcVJ4CCWK.js:537
[   43618ms] [LOG] 
%cThis is a browser feature intended for developers. If someone told you to copy-paste something here to enable an Instagram feature or "hack" someone's account, it is a scam and will give them access to your Instagram account. font-family:helvetica; font-size:20px;  @ https://static.cdninstagram.com/rsrc.php/v4iqwK4/yT/l/en_US-j/CKKoD8n6EQBmICe3y3Oh6zqlATF0asnSLdTApq0kA2TOv7WOcl_GyRyMFQQMTMPZfNoYfDQnsESIGpnMMLVJszTD2JkkXTyKPMRTsaa6c_y1OvMHgcVJ4CCWK.js:537
[   43619ms] [LOG] 
%cSee https://www.facebook.com/selfxss for more information. font-family:helvetica; font-size:20px;  @ https://static.cdninstagram.com/rsrc.php/v4iqwK4/yT/l/en_US-j/CKKoD8n6EQBmICe3y3Oh6zqlATF0asnSLdTApq0kA2TOv7WOcl_GyRyMFQQMTMPZfNoYfDQnsESIGpnMMLVJszTD2JkkXTyKPMRTsaa6c_y1OvMHgcVJ4CCWK.js:537
[   43620ms] [LOG] 
%c  @ https://static.cdninstagram.com/rsrc.php/v4iqwK4/yT/l/en_US-j/CKKoD8n6EQBmICe3y3Oh6zqlATF0asnSLdTApq0kA2TOv7WOcl_GyRyMFQQMTMPZfNoYfDQnsESIGpnMMLVJszTD2JkkXTyKPMRTsaa6c_y1OvMHgcVJ4CCWK.js:537
[   43773ms] [ERROR] ErrorUtils caught an error:

GraphQL operation responded with error 4630001: Invalid module param. (Operation: PolarisStoriesV3TrayContainerQuery)
 [Caught in: unexpected]

Subsequent non-fatal errors won't be logged; see https://fburl.com/debugjs. {column: 241, clientTime: 1781061757, extra: Object, guardList: Array(0), hash: 3wdpxg} @ https://static.cdninstagram.com/rsrc.php/v4/y8/r/3h4YqOhE0YZ.js:79
[   45889ms] [LOG] 
%cStop! font-family:helvetica; font-size:20px; font-size:50px; font-weight:bold; color:red; -webkit-text-stroke:1px black; @ https://static.cdninstagram.com/rsrc.php/v4i8iB4/yg/l/en_US-j/dTApq0kA2TOv7WOcl_GyRyMFQQMTMPZfNoYfDQnsESIGTsaa6c_y1Ov0FbROOjSCWMC4fHGZPlv6rTGHskmxiWfm19JIBMpvbDr9aUyD2ha4Ta_2mxykuiW-v0MgvGFgTubtGa_18N7y_wfidQMhm2UXA2rrCxjEFdRGjiFGHh9ozlMI64oxaJD-bMV1zrNvhsc-jaOuxqSKnm9UbXofocMwkJXyIKxAiusmbNiolQ_GXCJLbUoLqllHVDFQqoHyzVzN2il_s172D1_ZhzkphhshD5-sc1yxdkJx4O5NrpKzMGU-W7GsTMMsiJC02ez.js:219
[   45890ms] [LOG] 
%cThis is a browser feature intended for developers. If someone told you to copy-paste something here to enable an Instagram feature or "hack" someone's account, it is a scam and will give them access to your Instagram account. font-family:helvetica; font-size:20px;  @ https://static.cdninstagram.com/rsrc.php/v4i8iB4/yg/l/en_US-j/dTApq0kA2TOv7WOcl_GyRyMFQQMTMPZfNoYfDQnsESIGTsaa6c_y1Ov0FbROOjSCWMC4fHGZPlv6rTGHskmxiWfm19JIBMpvbDr9aUyD2ha4Ta_2mxykuiW-v0MgvGFgTubtGa_18N7y_wfidQMhm2UXA2rrCxjEFdRGjiFGHh9ozlMI64oxaJD-bMV1zrNvhsc-jaOuxqSKnm9UbXofocMwkJXyIKxAiusmbNiolQ_GXCJLbUoLqllHVDFQqoHyzVzN2il_s172D1_ZhzkphhshD5-sc1yxdkJx4O5NrpKzMGU-W7GsTMMsiJC02ez.js:219
[   45890ms] [LOG] 
%cSee https://www.facebook.com/selfxss for more information. font-family:helvetica; font-size:20px;  @ https://static.cdninstagram.com/rsrc.php/v4i8iB4/yg/l/en_US-j/dTApq0kA2TOv7WOcl_GyRyMFQQMTMPZfNoYfDQnsESIGTsaa6c_y1Ov0FbROOjSCWMC4fHGZPlv6rTGHskmxiWfm19JIBMpvbDr9aUyD2ha4Ta_2mxykuiW-v0MgvGFgTubtGa_18N7y_wfidQMhm2UXA2rrCxjEFdRGjiFGHh9ozlMI64oxaJD-bMV1zrNvhsc-jaOuxqSKnm9UbXofocMwkJXyIKxAiusmbNiolQ_GXCJLbUoLqllHVDFQqoHyzVzN2il_s172D1_ZhzkphhshD5-sc1yxdkJx4O5NrpKzMGU-W7GsTMMsiJC02ez.js:219
[   45890ms] [LOG] 
%c  @ https://static.cdninstagram.com/rsrc.php/v4i8iB4/yg/l/en_US-j/dTApq0kA2TOv7WOcl_GyRyMFQQMTMPZfNoYfDQnsESIGTsaa6c_y1Ov0FbROOjSCWMC4fHGZPlv6rTGHskmxiWfm19JIBMpvbDr9aUyD2ha4Ta_2mxykuiW-v0MgvGFgTubtGa_18N7y_wfidQMhm2UXA2rrCxjEFdRGjiFGHh9ozlMI64oxaJD-bMV1zrNvhsc-jaOuxqSKnm9UbXofocMwkJXyIKxAiusmbNiolQ_GXCJLbUoLqllHVDFQqoHyzVzN2il_s172D1_ZhzkphhshD5-sc1yxdkJx4O5NrpKzMGU-W7GsTMMsiJC02ez.js:219
[   46199ms] [ERROR] ErrorUtils caught an error:

GraphQL operation responded with error 4630001: Invalid module param. (Operation: PolarisStoriesV3TrayContainerQuery)
 [Caught in: unexpected]

Subsequent non-fatal errors won't be logged; see https://fburl.com/debugjs. {column: 241, clientTime: 1781061760, extra: Object, guardList: Array(0), hash: kvyt2o} @ https://static.cdninstagram.com/rsrc.php/v4/y8/r/3h4YqOhE0YZ.js:79
[   48239ms] [LOG] 
%cStop! font-family:helvetica; font-size:20px; font-size:50px; font-weight:bold; color:red; -webkit-text-stroke:1px black; @ https://static.cdninstagram.com/rsrc.php/v4i8iB4/yg/l/en_US-j/dTApq0kA2TOv7WOcl_GyRyMFQQMTMPZfNoYfDQnsESIGTsaa6c_y1Ov0FbROOjSCWMC4fHGZPlv6rTGHskmxiWfm19JIBMpvbDr9aUyD2ha4Ta_2mxykuiW-v0MgvGFgTubtGa_18N7y_wfidQMhm2UXA2rrCxjEFdRGjiFGHh9ozlMI64oxaJD-bMV1zrNvhsc-jaOuxqSKnm9UbXofocMwkJXyIKxAiusmbNiolQ_GXCJLbUoLqllHVDFQqoHyzVzN2il_s172D1_ZhzkphhshD5-sc1yxdkJx4O5NrpKzMGU-W7GsTMMsiJC02ez.js:219
[   48239ms] [LOG] 
%cThis is a browser feature intended for developers. If someone told you to copy-paste something here to enable an Instagram feature or "hack" someone's account, it is a scam and will give them access to your Instagram account. font-family:helvetica; font-size:20px;  @ https://static.cdninstagram.com/rsrc.php/v4i8iB4/yg/l/en_US-j/dTApq0kA2TOv7WOcl_GyRyMFQQMTMPZfNoYfDQnsESIGTsaa6c_y1Ov0FbROOjSCWMC4fHGZPlv6rTGHskmxiWfm19JIBMpvbDr9aUyD2ha4Ta_2mxykuiW-v0MgvGFgTubtGa_18N7y_wfidQMhm2UXA2rrCxjEFdRGjiFGHh9ozlMI64oxaJD-bMV1zrNvhsc-jaOuxqSKnm9UbXofocMwkJXyIKxAiusmbNiolQ_GXCJLbUoLqllHVDFQqoHyzVzN2il_s172D1_ZhzkphhshD5-sc1yxdkJx4O5NrpKzMGU-W7GsTMMsiJC02ez.js:219
[   48240ms] [LOG] 
%cSee https://www.facebook.com/selfxss for more information. font-family:helvetica; font-size:20px;  @ https://static.cdninstagram.com/rsrc.php/v4i8iB4/yg/l/en_US-j/dTApq0kA2TOv7WOcl_GyRyMFQQMTMPZfNoYfDQnsESIGTsaa6c_y1Ov0FbROOjSCWMC4fHGZPlv6rTGHskmxiWfm19JIBMpvbDr9aUyD2ha4Ta_2mxykuiW-v0MgvGFgTubtGa_18N7y_wfidQMhm2UXA2rrCxjEFdRGjiFGHh9ozlMI64oxaJD-bMV1zrNvhsc-jaOuxqSKnm9UbXofocMwkJXyIKxAiusmbNiolQ_GXCJLbUoLqllHVDFQqoHyzVzN2il_s172D1_ZhzkphhshD5-sc1yxdkJx4O5NrpKzMGU-W7GsTMMsiJC02ez.js:219
[   48240ms] [LOG] 
%c  @ https://static.cdninstagram.com/rsrc.php/v4i8iB4/yg/l/en_US-j/dTApq0kA2TOv7WOcl_GyRyMFQQMTMPZfNoYfDQnsESIGTsaa6c_y1Ov0FbROOjSCWMC4fHGZPlv6rTGHskmxiWfm19JIBMpvbDr9aUyD2ha4Ta_2mxykuiW-v0MgvGFgTubtGa_18N7y_wfidQMhm2UXA2rrCxjEFdRGjiFGHh9ozlMI64oxaJD-bMV1zrNvhsc-jaOuxqSKnm9UbXofocMwkJXyIKxAiusmbNiolQ_GXCJLbUoLqllHVDFQqoHyzVzN2il_s172D1_ZhzkphhshD5-sc1yxdkJx4O5NrpKzMGU-W7GsTMMsiJC02ez.js:219
[   48438ms] [ERROR] ErrorUtils caught an error:

GraphQL operation responded with error 4630001: Invalid module param. (Operation: PolarisStoriesV3TrayContainerQuery)
 [Caught in: unexpected]

Subsequent non-fatal errors won't be logged; see https://fburl.com/debugjs. {column: 241, clientTime: 1781061762, extra: Object, guardList: Array(0), hash: kvyt2o} @ https://static.cdninstagram.com/rsrc.php/v4/y8/r/3h4YqOhE0YZ.js:79
[   50432ms] [INFO] Banner not shown: beforeinstallpromptevent.preventDefault() called. The page must call beforeinstallpromptevent.prompt() to show the banner. @ https://www.instagram.com/vashtikanahele/:0
[   51017ms] [LOG] 
%cStop! font-family:helvetica; font-size:20px; font-size:50px; font-weight:bold; color:red; -webkit-text-stroke:1px black; @ https://static.cdninstagram.com/rsrc.php/v4iqwK4/yT/l/en_US-j/CKKoD8n6EQBmICe3y3Oh6zqlATF0asnSLdTApq0kA2TOv7WOcl_GyRyMFQQMTMPZfNoYfDQnsESIGpnMMLVJszTD2JkkXTyKPMRTsaa6c_y1OvMHgcVJ4CCWK.js:537
[   51018ms] [LOG] 
%cThis is a browser feature intended for developers. If someone told you to copy-paste something here to enable an Instagram feature or "hack" someone's account, it is a scam and will give them access to your Instagram account. font-family:helvetica; font-size:20px;  @ https://static.cdninstagram.com/rsrc.php/v4iqwK4/yT/l/en_US-j/CKKoD8n6EQBmICe3y3Oh6zqlATF0asnSLdTApq0kA2TOv7WOcl_GyRyMFQQMTMPZfNoYfDQnsESIGpnMMLVJszTD2JkkXTyKPMRTsaa6c_y1OvMHgcVJ4CCWK.js:537
[   51018ms] [LOG] 
%cSee https://www.facebook.com/selfxss for more information. font-family:helvetica; font-size:20px;  @ https://static.cdninstagram.com/rsrc.php/v4iqwK4/yT/l/en_US-j/CKKoD8n6EQBmICe3y3Oh6zqlATF0asnSLdTApq0kA2TOv7WOcl_GyRyMFQQMTMPZfNoYfDQnsESIGpnMMLVJszTD2JkkXTyKPMRTsaa6c_y1OvMHgcVJ4CCWK.js:537
[   51018ms] [LOG] 
%c  @ https://static.cdninstagram.com/rsrc.php/v4iqwK4/yT/l/en_US-j/CKKoD8n6EQBmICe3y3Oh6zqlATF0asnSLdTApq0kA2TOv7WOcl_GyRyMFQQMTMPZfNoYfDQnsESIGpnMMLVJszTD2JkkXTyKPMRTsaa6c_y1OvMHgcVJ4CCWK.js:537
[   51336ms] [ERROR] ErrorUtils caught an error:

GraphQL operation responded with error 4630001: Invalid module param. (Operation: PolarisStoriesV3TrayContainerQuery)
 [Caught in: unexpected]

Subsequent non-fatal errors won't be logged; see https://fburl.com/debugjs. {column: 241, clientTime: 1781061765, extra: Object, guardList: Array(0), hash: 3wdpxg} @ https://static.cdninstagram.com/rsrc.php/v4/y8/r/3h4YqOhE0YZ.js:79
[   53189ms] [LOG] 
%cStop! font-family:helvetica; font-size:20px; font-size:50px; font-weight:bold; color:red; -webkit-text-stroke:1px black; @ https://static.cdninstagram.com/rsrc.php/v4i8iB4/yg/l/en_US-j/dTApq0kA2TOv7WOcl_GyRyMFQQMTMPZfNoYfDQnsESIGTsaa6c_y1Ov0FbROOjSCWMC4fHGZPlv6rTGHskmxiWfm19JIBMpvbDr9aUyD2ha4Ta_2mxykuiW-v0MgvGFgTubtGa_18N7y_wfidQMhm2UXA2rrCxjEFdRGjiFGHh9ozlMI64oxaJD-bMV1zrNvhsc-jaOuxqSKnm9UbXofocMwkJXyIKxAiusmbNiolQ_GXCJLbUoLqllHVDFQqoHyzVzN2il_s172D1_ZhzkphhshD5-sc1yxdkJx4O5NrpKzMGU-W7GsTMMsiJC02ez.js:219
[   53190ms] [LOG] 
%cThis is a browser feature intended for developers. If someone told you to copy-paste something here to enable an Instagram feature or "hack" someone's account, it is a scam and will give them access to your Instagram account. font-family:helvetica; font-size:20px;  @ https://static.cdninstagram.com/rsrc.php/v4i8iB4/yg/l/en_US-j/dTApq0kA2TOv7WOcl_GyRyMFQQMTMPZfNoYfDQnsESIGTsaa6c_y1Ov0FbROOjSCWMC4fHGZPlv6rTGHskmxiWfm19JIBMpvbDr9aUyD2ha4Ta_2mxykuiW-v0MgvGFgTubtGa_18N7y_wfidQMhm2UXA2rrCxjEFdRGjiFGHh9ozlMI64oxaJD-bMV1zrNvhsc-jaOuxqSKnm9UbXofocMwkJXyIKxAiusmbNiolQ_GXCJLbUoLqllHVDFQqoHyzVzN2il_s172D1_ZhzkphhshD5-sc1yxdkJx4O5NrpKzMGU-W7GsTMMsiJC02ez.js:219
[   53190ms] [LOG] 
%cSee https://www.facebook.com/selfxss for more information. font-family:helvetica; font-size:20px;  @ https://static.cdninstagram.com/rsrc.php/v4i8iB4/yg/l/en_US-j/dTApq0kA2TOv7WOcl_GyRyMFQQMTMPZfNoYfDQnsESIGTsaa6c_y1Ov0FbROOjSCWMC4fHGZPlv6rTGHskmxiWfm19JIBMpvbDr9aUyD2ha4Ta_2mxykuiW-v0MgvGFgTubtGa_18N7y_wfidQMhm2UXA2rrCxjEFdRGjiFGHh9ozlMI64oxaJD-bMV1zrNvhsc-jaOuxqSKnm9UbXofocMwkJXyIKxAiusmbNiolQ_GXCJLbUoLqllHVDFQqoHyzVzN2il_s172D1_ZhzkphhshD5-sc1yxdkJx4O5NrpKzMGU-W7GsTMMsiJC02ez.js:219
[   53190ms] [LOG] 
%c  @ https://static.cdninstagram.com/rsrc.php/v4i8iB4/yg/l/en_US-j/dTApq0kA2TOv7WOcl_GyRyMFQQMTMPZfNoYfDQnsESIGTsaa6c_y1Ov0FbROOjSCWMC4fHGZPlv6rTGHskmxiWfm19JIBMpvbDr9aUyD2ha4Ta_2mxykuiW-v0MgvGFgTubtGa_18N7y_wfidQMhm2UXA2rrCxjEFdRGjiFGHh9ozlMI64oxaJD-bMV1zrNvhsc-jaOuxqSKnm9UbXofocMwkJXyIKxAiusmbNiolQ_GXCJLbUoLqllHVDFQqoHyzVzN2il_s172D1_ZhzkphhshD5-sc1yxdkJx4O5NrpKzMGU-W7GsTMMsiJC02ez.js:219
[   53382ms] [ERROR] ErrorUtils caught an error:

GraphQL operation responded with error 4630001: Invalid module param. (Operation: PolarisStoriesV3TrayContainerQuery)
 [Caught in: unexpected]

Subsequent non-fatal errors won't be logged; see https://fburl.com/debugjs. {column: 241, clientTime: 1781061767, extra: Object, guardList: Array(0), hash: kvyt2o} @ https://static.cdninstagram.com/rsrc.php/v4/y8/r/3h4YqOhE0YZ.js:79
[   55457ms] [INFO] Banner not shown: beforeinstallpromptevent.preventDefault() called. The page must call beforeinstallpromptevent.prompt() to show the banner. @ https://www.instagram.com/mandimakes/:0
[   55816ms] [LOG] 
%cStop! font-family:helvetica; font-size:20px; font-size:50px; font-weight:bold; color:red; -webkit-text-stroke:1px black; @ https://static.cdninstagram.com/rsrc.php/v4iqwK4/yT/l/en_US-j/CKKoD8n6EQBmICe3y3Oh6zqlATF0asnSLdTApq0kA2TOv7WOcl_GyRyMFQQMTMPZfNoYfDQnsESIGpnMMLVJszTD2JkkXTyKPMRTsaa6c_y1OvMHgcVJ4CCWK.js:537
[   55816ms] [LOG] 
%cThis is a browser feature intended for developers. If someone told you to copy-paste something here to enable an Instagram feature or "hack" someone's account, it is a scam and will give them access to your Instagram account. font-family:helvetica; font-size:20px;  @ https://static.cdninstagram.com/rsrc.php/v4iqwK4/yT/l/en_US-j/CKKoD8n6EQBmICe3y3Oh6zqlATF0asnSLdTApq0kA2TOv7WOcl_GyRyMFQQMTMPZfNoYfDQnsESIGpnMMLVJszTD2JkkXTyKPMRTsaa6c_y1OvMHgcVJ4CCWK.js:537
[   55817ms] [LOG] 
%cSee https://www.facebook.com/selfxss for more information. font-family:helvetica; font-size:20px;  @ https://static.cdninstagram.com/rsrc.php/v4iqwK4/yT/l/en_US-j/CKKoD8n6EQBmICe3y3Oh6zqlATF0asnSLdTApq0kA2TOv7WOcl_GyRyMFQQMTMPZfNoYfDQnsESIGpnMMLVJszTD2JkkXTyKPMRTsaa6c_y1OvMHgcVJ4CCWK.js:537
[   55817ms] [LOG] 
%c  @ https://static.cdninstagram.com/rsrc.php/v4iqwK4/yT/l/en_US-j/CKKoD8n6EQBmICe3y3Oh6zqlATF0asnSLdTApq0kA2TOv7WOcl_GyRyMFQQMTMPZfNoYfDQnsESIGpnMMLVJszTD2JkkXTyKPMRTsaa6c_y1OvMHgcVJ4CCWK.js:537
[   55972ms] [ERROR] ErrorUtils caught an error:

GraphQL operation responded with error 4630001: Invalid module param. (Operation: PolarisStoriesV3TrayContainerQuery)
 [Caught in: unexpected]

Subsequent non-fatal errors won't be logged; see https://fburl.com/debugjs. {column: 241, clientTime: 1781061770, extra: Object, guardList: Array(0), hash: 3wdpxg} @ https://static.cdninstagram.com/rsrc.php/v4/y8/r/3h4YqOhE0YZ.js:79
[   57956ms] [INFO] Banner not shown: beforeinstallpromptevent.preventDefault() called. The page must call beforeinstallpromptevent.prompt() to show the banner. @ https://www.instagram.com/katiexfelton/:0
[   58478ms] [LOG] 
%cStop! font-family:helvetica; font-size:20px; font-size:50px; font-weight:bold; color:red; -webkit-text-stroke:1px black; @ https://static.cdninstagram.com/rsrc.php/v4iqwK4/yT/l/en_US-j/CKKoD8n6EQBmICe3y3Oh6zqlATF0asnSLdTApq0kA2TOv7WOcl_GyRyMFQQMTMPZfNoYfDQnsESIGpnMMLVJszTD2JkkXTyKPMRTsaa6c_y1OvMHgcVJ4CCWK.js:537
[   58478ms] [LOG] 
%cThis is a browser feature intended for developers. If someone told you to copy-paste something here to enable an Instagram feature or "hack" someone's account, it is a scam and will give them access to your Instagram account. font-family:helvetica; font-size:20px;  @ https://static.cdninstagram.com/rsrc.php/v4iqwK4/yT/l/en_US-j/CKKoD8n6EQBmICe3y3Oh6zqlATF0asnSLdTApq0kA2TOv7WOcl_GyRyMFQQMTMPZfNoYfDQnsESIGpnMMLVJszTD2JkkXTyKPMRTsaa6c_y1OvMHgcVJ4CCWK.js:537
[   58479ms] [LOG] 
%cSee https://www.facebook.com/selfxss for more information. font-family:helvetica; font-size:20px;  @ https://static.cdninstagram.com/rsrc.php/v4iqwK4/yT/l/en_US-j/CKKoD8n6EQBmICe3y3Oh6zqlATF0asnSLdTApq0kA2TOv7WOcl_GyRyMFQQMTMPZfNoYfDQnsESIGpnMMLVJszTD2JkkXTyKPMRTsaa6c_y1OvMHgcVJ4CCWK.js:537
[   58479ms] [LOG] 
%c  @ https://static.cdninstagram.com/rsrc.php/v4iqwK4/yT/l/en_US-j/CKKoD8n6EQBmICe3y3Oh6zqlATF0asnSLdTApq0kA2TOv7WOcl_GyRyMFQQMTMPZfNoYfDQnsESIGpnMMLVJszTD2JkkXTyKPMRTsaa6c_y1OvMHgcVJ4CCWK.js:537
[   58649ms] [ERROR] ErrorUtils caught an error:

GraphQL operation responded with error 4630001: Invalid module param. (Operation: PolarisStoriesV3TrayContainerQuery)
 [Caught in: unexpected]

Subsequent non-fatal errors won't be logged; see https://fburl.com/debugjs. {column: 241, clientTime: 1781061772, extra: Object, guardList: Array(0), hash: 3wdpxg} @ https://static.cdninstagram.com/rsrc.php/v4/y8/r/3h4YqOhE0YZ.js:79
[   60530ms] [INFO] Banner not shown: beforeinstallpromptevent.preventDefault() called. The page must call beforeinstallpromptevent.prompt() to show the banner. @ https://www.instagram.com/randysantel/:0
[   61024ms] [LOG] 
%cStop! font-family:helvetica; font-size:20px; font-size:50px; font-weight:bold; color:red; -webkit-text-stroke:1px black; @ https://static.cdninstagram.com/rsrc.php/v4iqwK4/yT/l/en_US-j/CKKoD8n6EQBmICe3y3Oh6zqlATF0asnSLdTApq0kA2TOv7WOcl_GyRyMFQQMTMPZfNoYfDQnsESIGpnMMLVJszTD2JkkXTyKPMRTsaa6c_y1OvMHgcVJ4CCWK.js:537
[   61024ms] [LOG] 
%cThis is a browser feature intended for developers. If someone told you to copy-paste something here to enable an Instagram feature or "hack" someone's account, it is a scam and will give them access to your Instagram account. font-family:helvetica; font-size:20px;  @ https://static.cdninstagram.com/rsrc.php/v4iqwK4/yT/l/en_US-j/CKKoD8n6EQBmICe3y3Oh6zqlATF0asnSLdTApq0kA2TOv7WOcl_GyRyMFQQMTMPZfNoYfDQnsESIGpnMMLVJszTD2JkkXTyKPMRTsaa6c_y1OvMHgcVJ4CCWK.js:537
[   61024ms] [LOG] 
%cSee https://www.facebook.com/selfxss for more information. font-family:helvetica; font-size:20px;  @ https://static.cdninstagram.com/rsrc.php/v4iqwK4/yT/l/en_US-j/CKKoD8n6EQBmICe3y3Oh6zqlATF0asnSLdTApq0kA2TOv7WOcl_GyRyMFQQMTMPZfNoYfDQnsESIGpnMMLVJszTD2JkkXTyKPMRTsaa6c_y1OvMHgcVJ4CCWK.js:537
[   61024ms] [LOG] 
%c  @ https://static.cdninstagram.com/rsrc.php/v4iqwK4/yT/l/en_US-j/CKKoD8n6EQBmICe3y3Oh6zqlATF0asnSLdTApq0kA2TOv7WOcl_GyRyMFQQMTMPZfNoYfDQnsESIGpnMMLVJszTD2JkkXTyKPMRTsaa6c_y1OvMHgcVJ4CCWK.js:537
[   61224ms] [ERROR] ErrorUtils caught an error:

GraphQL operation responded with error 4630001: Invalid module param. (Operation: PolarisStoriesV3TrayContainerQuery)
 [Caught in: unexpected]

Subsequent non-fatal errors won't be logged; see https://fburl.com/debugjs. {column: 241, clientTime: 1781061775, extra: Object, guardList: Array(0), hash: 3wdpxg} @ https://static.cdninstagram.com/rsrc.php/v4/y8/r/3h4YqOhE0YZ.js:79
[   63470ms] [INFO] Banner not shown: beforeinstallpromptevent.preventDefault() called. The page must call beforeinstallpromptevent.prompt() to show the banner. @ https://www.instagram.com/sonyabarlowuk/:0
[   63680ms] [LOG] 
%cStop! font-family:helvetica; font-size:20px; font-size:50px; font-weight:bold; color:red; -webkit-text-stroke:1px black; @ https://static.cdninstagram.com/rsrc.php/v4iqwK4/yT/l/en_US-j/CKKoD8n6EQBmICe3y3Oh6zqlATF0asnSLdTApq0kA2TOv7WOcl_GyRyMFQQMTMPZfNoYfDQnsESIGpnMMLVJszTD2JkkXTyKPMRTsaa6c_y1OvMHgcVJ4CCWK.js:537
[   63680ms] [LOG] 
%cThis is a browser feature intended for developers. If someone told you to copy-paste something here to enable an Instagram feature or "hack" someone's account, it is a scam and will give them access to your Instagram account. font-family:helvetica; font-size:20px;  @ https://static.cdninstagram.com/rsrc.php/v4iqwK4/yT/l/en_US-j/CKKoD8n6EQBmICe3y3Oh6zqlATF0asnSLdTApq0kA2TOv7WOcl_GyRyMFQQMTMPZfNoYfDQnsESIGpnMMLVJszTD2JkkXTyKPMRTsaa6c_y1OvMHgcVJ4CCWK.js:537
[   63681ms] [LOG] 
%cSee https://www.facebook.com/selfxss for more information. font-family:helvetica; font-size:20px;  @ https://static.cdninstagram.com/rsrc.php/v4iqwK4/yT/l/en_US-j/CKKoD8n6EQBmICe3y3Oh6zqlATF0asnSLdTApq0kA2TOv7WOcl_GyRyMFQQMTMPZfNoYfDQnsESIGpnMMLVJszTD2JkkXTyKPMRTsaa6c_y1OvMHgcVJ4CCWK.js:537
[   63681ms] [LOG] 
%c  @ https://static.cdninstagram.com/rsrc.php/v4iqwK4/yT/l/en_US-j/CKKoD8n6EQBmICe3y3Oh6zqlATF0asnSLdTApq0kA2TOv7WOcl_GyRyMFQQMTMPZfNoYfDQnsESIGpnMMLVJszTD2JkkXTyKPMRTsaa6c_y1OvMHgcVJ4CCWK.js:537
[   63864ms] [ERROR] ErrorUtils caught an error:

GraphQL operation responded with error 4630001: Invalid module param. (Operation: PolarisStoriesV3TrayContainerQuery)
 [Caught in: unexpected]

Subsequent non-fatal errors won't be logged; see https://fburl.com/debugjs. {column: 241, clientTime: 1781061777, extra: Object, guardList: Array(0), hash: 3wdpxg} @ https://static.cdninstagram.com/rsrc.php/v4/y8/r/3h4YqOhE0YZ.js:79
[   66036ms] [LOG] 
%cStop! font-family:helvetica; font-size:20px; font-size:50px; font-weight:bold; color:red; -webkit-text-stroke:1px black; @ https://static.cdninstagram.com/rsrc.php/v4i8iB4/yg/l/en_US-j/dTApq0kA2TOv7WOcl_GyRyMFQQMTMPZfNoYfDQnsESIGTsaa6c_y1Ov0FbROOjSCWMC4fHGZPlv6rTGHskmxiWfm19JIBMpvbDr9aUyD2ha4Ta_2mxykuiW-v0MgvGFgTubtGa_18N7y_wfidQMhm2UXA2rrCxjEFdRGjiFGHh9ozlMI64oxaJD-bMV1zrNvhsc-jaOuxqSKnm9UbXofocMwkJXyIKxAiusmbNiolQ_GXCJLbUoLqllHVDFQqoHyzVzN2il_s172D1_ZhzkphhshD5-sc1yxdkJx4O5NrpKzMGU-W7GsTMMsiJC02ez.js:219
[   66037ms] [LOG] 
%cThis is a browser feature intended for developers. If someone told you to copy-paste something here to enable an Instagram feature or "hack" someone's account, it is a scam and will give them access to your Instagram account. font-family:helvetica; font-size:20px;  @ https://static.cdninstagram.com/rsrc.php/v4i8iB4/yg/l/en_US-j/dTApq0kA2TOv7WOcl_GyRyMFQQMTMPZfNoYfDQnsESIGTsaa6c_y1Ov0FbROOjSCWMC4fHGZPlv6rTGHskmxiWfm19JIBMpvbDr9aUyD2ha4Ta_2mxykuiW-v0MgvGFgTubtGa_18N7y_wfidQMhm2UXA2rrCxjEFdRGjiFGHh9ozlMI64oxaJD-bMV1zrNvhsc-jaOuxqSKnm9UbXofocMwkJXyIKxAiusmbNiolQ_GXCJLbUoLqllHVDFQqoHyzVzN2il_s172D1_ZhzkphhshD5-sc1yxdkJx4O5NrpKzMGU-W7GsTMMsiJC02ez.js:219
[   66037ms] [LOG] 
%cSee https://www.facebook.com/selfxss for more information. font-family:helvetica; font-size:20px;  @ https://static.cdninstagram.com/rsrc.php/v4i8iB4/yg/l/en_US-j/dTApq0kA2TOv7WOcl_GyRyMFQQMTMPZfNoYfDQnsESIGTsaa6c_y1Ov0FbROOjSCWMC4fHGZPlv6rTGHskmxiWfm19JIBMpvbDr9aUyD2ha4Ta_2mxykuiW-v0MgvGFgTubtGa_18N7y_wfidQMhm2UXA2rrCxjEFdRGjiFGHh9ozlMI64oxaJD-bMV1zrNvhsc-jaOuxqSKnm9UbXofocMwkJXyIKxAiusmbNiolQ_GXCJLbUoLqllHVDFQqoHyzVzN2il_s172D1_ZhzkphhshD5-sc1yxdkJx4O5NrpKzMGU-W7GsTMMsiJC02ez.js:219
[   66037ms] [LOG] 
%c  @ https://static.cdninstagram.com/rsrc.php/v4i8iB4/yg/l/en_US-j/dTApq0kA2TOv7WOcl_GyRyMFQQMTMPZfNoYfDQnsESIGTsaa6c_y1Ov0FbROOjSCWMC4fHGZPlv6rTGHskmxiWfm19JIBMpvbDr9aUyD2ha4Ta_2mxykuiW-v0MgvGFgTubtGa_18N7y_wfidQMhm2UXA2rrCxjEFdRGjiFGHh9ozlMI64oxaJD-bMV1zrNvhsc-jaOuxqSKnm9UbXofocMwkJXyIKxAiusmbNiolQ_GXCJLbUoLqllHVDFQqoHyzVzN2il_s172D1_ZhzkphhshD5-sc1yxdkJx4O5NrpKzMGU-W7GsTMMsiJC02ez.js:219
[   66209ms] [ERROR] ErrorUtils caught an error:

GraphQL operation responded with error 4630001: Invalid module param. (Operation: PolarisStoriesV3TrayContainerQuery)
 [Caught in: unexpected]

Subsequent non-fatal errors won't be logged; see https://fburl.com/debugjs. {column: 241, clientTime: 1781061780, extra: Object, guardList: Array(0), hash: kvyt2o} @ https://static.cdninstagram.com/rsrc.php/v4/y8/r/3h4YqOhE0YZ.js:79
[   68158ms] [INFO] Banner not shown: beforeinstallpromptevent.preventDefault() called. The page must call beforeinstallpromptevent.prompt() to show the banner. @ https://www.instagram.com/sophworkbaby/:0
[   68696ms] [LOG] 
%cStop! font-family:helvetica; font-size:20px; font-size:50px; font-weight:bold; color:red; -webkit-text-stroke:1px black; @ https://static.cdninstagram.com/rsrc.php/v4iqwK4/yT/l/en_US-j/CKKoD8n6EQBmICe3y3Oh6zqlATF0asnSLdTApq0kA2TOv7WOcl_GyRyMFQQMTMPZfNoYfDQnsESIGpnMMLVJszTD2JkkXTyKPMRTsaa6c_y1OvMHgcVJ4CCWK.js:537
[   68697ms] [LOG] 
%cThis is a browser feature intended for developers. If someone told you to copy-paste something here to enable an Instagram feature or "hack" someone's account, it is a scam and will give them access to your Instagram account. font-family:helvetica; font-size:20px;  @ https://static.cdninstagram.com/rsrc.php/v4iqwK4/yT/l/en_US-j/CKKoD8n6EQBmICe3y3Oh6zqlATF0asnSLdTApq0kA2TOv7WOcl_GyRyMFQQMTMPZfNoYfDQnsESIGpnMMLVJszTD2JkkXTyKPMRTsaa6c_y1OvMHgcVJ4CCWK.js:537
[   68697ms] [LOG] 
%cSee https://www.facebook.com/selfxss for more information. font-family:helvetica; font-size:20px;  @ https://static.cdninstagram.com/rsrc.php/v4iqwK4/yT/l/en_US-j/CKKoD8n6EQBmICe3y3Oh6zqlATF0asnSLdTApq0kA2TOv7WOcl_GyRyMFQQMTMPZfNoYfDQnsESIGpnMMLVJszTD2JkkXTyKPMRTsaa6c_y1OvMHgcVJ4CCWK.js:537
[   68697ms] [LOG] 
%c  @ https://static.cdninstagram.com/rsrc.php/v4iqwK4/yT/l/en_US-j/CKKoD8n6EQBmICe3y3Oh6zqlATF0asnSLdTApq0kA2TOv7WOcl_GyRyMFQQMTMPZfNoYfDQnsESIGpnMMLVJszTD2JkkXTyKPMRTsaa6c_y1OvMHgcVJ4CCWK.js:537
[   68940ms] [ERROR] ErrorUtils caught an error:

GraphQL operation responded with error 4630001: Invalid module param. (Operation: PolarisStoriesV3TrayContainerQuery)
 [Caught in: unexpected]

Subsequent non-fatal errors won't be logged; see https://fburl.com/debugjs. {column: 241, clientTime: 1781061782, extra: Object, guardList: Array(0), hash: 3wdpxg} @ https://static.cdninstagram.com/rsrc.php/v4/y8/r/3h4YqOhE0YZ.js:79
[   70688ms] [INFO] Banner not shown: beforeinstallpromptevent.preventDefault() called. The page must call beforeinstallpromptevent.prompt() to show the banner. @ https://www.instagram.com/mollyrodham/:0
[   70954ms] [LOG] 
%cStop! font-family:helvetica; font-size:20px; font-size:50px; font-weight:bold; color:red; -webkit-text-stroke:1px black; @ https://static.cdninstagram.com/rsrc.php/v4iqwK4/yT/l/en_US-j/CKKoD8n6EQBmICe3y3Oh6zqlATF0asnSLdTApq0kA2TOv7WOcl_GyRyMFQQMTMPZfNoYfDQnsESIGpnMMLVJszTD2JkkXTyKPMRTsaa6c_y1OvMHgcVJ4CCWK.js:537
[   70954ms] [LOG] 
%cThis is a browser feature intended for developers. If someone told you to copy-paste something here to enable an Instagram feature or "hack" someone's account, it is a scam and will give them access to your Instagram account. font-family:helvetica; font-size:20px;  @ https://static.cdninstagram.com/rsrc.php/v4iqwK4/yT/l/en_US-j/CKKoD8n6EQBmICe3y3Oh6zqlATF0asnSLdTApq0kA2TOv7WOcl_GyRyMFQQMTMPZfNoYfDQnsESIGpnMMLVJszTD2JkkXTyKPMRTsaa6c_y1OvMHgcVJ4CCWK.js:537
[   70955ms] [LOG] 
%cSee https://www.facebook.com/selfxss for more information. font-family:helvetica; font-size:20px;  @ https://static.cdninstagram.com/rsrc.php/v4iqwK4/yT/l/en_US-j/CKKoD8n6EQBmICe3y3Oh6zqlATF0asnSLdTApq0kA2TOv7WOcl_GyRyMFQQMTMPZfNoYfDQnsESIGpnMMLVJszTD2JkkXTyKPMRTsaa6c_y1OvMHgcVJ4CCWK.js:537
[   70955ms] [LOG] 
%c  @ https://static.cdninstagram.com/rsrc.php/v4iqwK4/yT/l/en_US-j/CKKoD8n6EQBmICe3y3Oh6zqlATF0asnSLdTApq0kA2TOv7WOcl_GyRyMFQQMTMPZfNoYfDQnsESIGpnMMLVJszTD2JkkXTyKPMRTsaa6c_y1OvMHgcVJ4CCWK.js:537
[   71113ms] [ERROR] ErrorUtils caught an error:

GraphQL operation responded with error 4630001: Invalid module param. (Operation: PolarisStoriesV3TrayContainerQuery)
 [Caught in: unexpected]

Subsequent non-fatal errors won't be logged; see https://fburl.com/debugjs. {column: 241, clientTime: 1781061785, extra: Object, guardList: Array(0), hash: 3wdpxg} @ https://static.cdninstagram.com/rsrc.php/v4/y8/r/3h4YqOhE0YZ.js:79
[   73276ms] [INFO] Banner not shown: beforeinstallpromptevent.preventDefault() called. The page must call beforeinstallpromptevent.prompt() to show the banner. @ https://www.instagram.com/aitrendz.xyz/:0
[   73633ms] [LOG] 
%cStop! font-family:helvetica; font-size:20px; font-size:50px; font-weight:bold; color:red; -webkit-text-stroke:1px black; @ https://static.cdninstagram.com/rsrc.php/v4iqwK4/yT/l/en_US-j/CKKoD8n6EQBmICe3y3Oh6zqlATF0asnSLdTApq0kA2TOv7WOcl_GyRyMFQQMTMPZfNoYfDQnsESIGpnMMLVJszTD2JkkXTyKPMRTsaa6c_y1OvMHgcVJ4CCWK.js:537
[   73633ms] [LOG] 
%cThis is a browser feature intended for developers. If someone told you to copy-paste something here to enable an Instagram feature or "hack" someone's account, it is a scam and will give them access to your Instagram account. font-family:helvetica; font-size:20px;  @ https://static.cdninstagram.com/rsrc.php/v4iqwK4/yT/l/en_US-j/CKKoD8n6EQBmICe3y3Oh6zqlATF0asnSLdTApq0kA2TOv7WOcl_GyRyMFQQMTMPZfNoYfDQnsESIGpnMMLVJszTD2JkkXTyKPMRTsaa6c_y1OvMHgcVJ4CCWK.js:537
[   73634ms] [LOG] 
%cSee https://www.facebook.com/selfxss for more information. font-family:helvetica; font-size:20px;  @ https://static.cdninstagram.com/rsrc.php/v4iqwK4/yT/l/en_US-j/CKKoD8n6EQBmICe3y3Oh6zqlATF0asnSLdTApq0kA2TOv7WOcl_GyRyMFQQMTMPZfNoYfDQnsESIGpnMMLVJszTD2JkkXTyKPMRTsaa6c_y1OvMHgcVJ4CCWK.js:537
[   73634ms] [LOG] 
%c  @ https://static.cdninstagram.com/rsrc.php/v4iqwK4/yT/l/en_US-j/CKKoD8n6EQBmICe3y3Oh6zqlATF0asnSLdTApq0kA2TOv7WOcl_GyRyMFQQMTMPZfNoYfDQnsESIGpnMMLVJszTD2JkkXTyKPMRTsaa6c_y1OvMHgcVJ4CCWK.js:537
[   73790ms] [ERROR] ErrorUtils caught an error:

GraphQL operation responded with error 4630001: Invalid module param. (Operation: PolarisStoriesV3TrayContainerQuery)
 [Caught in: unexpected]

Subsequent non-fatal errors won't be logged; see https://fburl.com/debugjs. {column: 241, clientTime: 1781061787, extra: Object, guardList: Array(0), hash: 3wdpxg} @ https://static.cdninstagram.com/rsrc.php/v4/y8/r/3h4YqOhE0YZ.js:79
[   75921ms] [INFO] Banner not shown: beforeinstallpromptevent.preventDefault() called. The page must call beforeinstallpromptevent.prompt() to show the banner. @ https://www.instagram.com/evelynelesin_ugc/:0
[   76323ms] [LOG] 
%cStop! font-family:helvetica; font-size:20px; font-size:50px; font-weight:bold; color:red; -webkit-text-stroke:1px black; @ https://static.cdninstagram.com/rsrc.php/v4iqwK4/yT/l/en_US-j/CKKoD8n6EQBmICe3y3Oh6zqlATF0asnSLdTApq0kA2TOv7WOcl_GyRyMFQQMTMPZfNoYfDQnsESIGpnMMLVJszTD2JkkXTyKPMRTsaa6c_y1OvMHgcVJ4CCWK.js:537
[   76324ms] [LOG] 
%cThis is a browser feature intended for developers. If someone told you to copy-paste something here to enable an Instagram feature or "hack" someone's account, it is a scam and will give them access to your Instagram account. font-family:helvetica; font-size:20px;  @ https://static.cdninstagram.com/rsrc.php/v4iqwK4/yT/l/en_US-j/CKKoD8n6EQBmICe3y3Oh6zqlATF0asnSLdTApq0kA2TOv7WOcl_GyRyMFQQMTMPZfNoYfDQnsESIGpnMMLVJszTD2JkkXTyKPMRTsaa6c_y1OvMHgcVJ4CCWK.js:537
[   76324ms] [LOG] 
%cSee https://www.facebook.com/selfxss for more information. font-family:helvetica; font-size:20px;  @ https://static.cdninstagram.com/rsrc.php/v4iqwK4/yT/l/en_US-j/CKKoD8n6EQBmICe3y3Oh6zqlATF0asnSLdTApq0kA2TOv7WOcl_GyRyMFQQMTMPZfNoYfDQnsESIGpnMMLVJszTD2JkkXTyKPMRTsaa6c_y1OvMHgcVJ4CCWK.js:537
[   76324ms] [LOG] 
%c  @ https://static.cdninstagram.com/rsrc.php/v4iqwK4/yT/l/en_US-j/CKKoD8n6EQBmICe3y3Oh6zqlATF0asnSLdTApq0kA2TOv7WOcl_GyRyMFQQMTMPZfNoYfDQnsESIGpnMMLVJszTD2JkkXTyKPMRTsaa6c_y1OvMHgcVJ4CCWK.js:537
[   76485ms] [ERROR] ErrorUtils caught an error:

GraphQL operation responded with error 4630001: Invalid module param. (Operation: PolarisStoriesV3TrayContainerQuery)
 [Caught in: unexpected]

Subsequent non-fatal errors won't be logged; see https://fburl.com/debugjs. {column: 241, clientTime: 1781061790, extra: Object, guardList: Array(0), hash: 3wdpxg} @ https://static.cdninstagram.com/rsrc.php/v4/y8/r/3h4YqOhE0YZ.js:79
[   78365ms] [INFO] Banner not shown: beforeinstallpromptevent.preventDefault() called. The page must call beforeinstallpromptevent.prompt() to show the banner. @ https://www.instagram.com/conversationswithbron/:0
[   78850ms] [LOG] 
%cStop! font-family:helvetica; font-size:20px; font-size:50px; font-weight:bold; color:red; -webkit-text-stroke:1px black; @ https://static.cdninstagram.com/rsrc.php/v4iqwK4/yT/l/en_US-j/CKKoD8n6EQBmICe3y3Oh6zqlATF0asnSLdTApq0kA2TOv7WOcl_GyRyMFQQMTMPZfNoYfDQnsESIGpnMMLVJszTD2JkkXTyKPMRTsaa6c_y1OvMHgcVJ4CCWK.js:537
[   78851ms] [LOG] 
%cThis is a browser feature intended for developers. If someone told you to copy-paste something here to enable an Instagram feature or "hack" someone's account, it is a scam and will give them access to your Instagram account. font-family:helvetica; font-size:20px;  @ https://static.cdninstagram.com/rsrc.php/v4iqwK4/yT/l/en_US-j/CKKoD8n6EQBmICe3y3Oh6zqlATF0asnSLdTApq0kA2TOv7WOcl_GyRyMFQQMTMPZfNoYfDQnsESIGpnMMLVJszTD2JkkXTyKPMRTsaa6c_y1OvMHgcVJ4CCWK.js:537
[   78851ms] [LOG] 
%cSee https://www.facebook.com/selfxss for more information. font-family:helvetica; font-size:20px;  @ https://static.cdninstagram.com/rsrc.php/v4iqwK4/yT/l/en_US-j/CKKoD8n6EQBmICe3y3Oh6zqlATF0asnSLdTApq0kA2TOv7WOcl_GyRyMFQQMTMPZfNoYfDQnsESIGpnMMLVJszTD2JkkXTyKPMRTsaa6c_y1OvMHgcVJ4CCWK.js:537
[   78851ms] [LOG] 
%c  @ https://static.cdninstagram.com/rsrc.php/v4iqwK4/yT/l/en_US-j/CKKoD8n6EQBmICe3y3Oh6zqlATF0asnSLdTApq0kA2TOv7WOcl_GyRyMFQQMTMPZfNoYfDQnsESIGpnMMLVJszTD2JkkXTyKPMRTsaa6c_y1OvMHgcVJ4CCWK.js:537
[   79056ms] [ERROR] ErrorUtils caught an error:

GraphQL operation responded with error 4630001: Invalid module param. (Operation: PolarisStoriesV3TrayContainerQuery)
 [Caught in: unexpected]

Subsequent non-fatal errors won't be logged; see https://fburl.com/debugjs. {column: 241, clientTime: 1781061793, extra: Object, guardList: Array(0), hash: 3wdpxg} @ https://static.cdninstagram.com/rsrc.php/v4/y8/r/3h4YqOhE0YZ.js:79
[   82080ms] [ERROR] Permissions policy violation: unload is not allowed in this document. @ https://static.xx.fbcdn.net/rsrc.php/v4/yA/r/llpHPzBZ1ZW.js:241
