[  944976ms] [LOG] 
%cStop! font-family:helvetica; font-size:20px; font-size:50px; font-weight:bold; color:red; -webkit-text-stroke:1px black; @ https://static.cdninstagram.com/rsrc.php/v4ijct4/y9/l/en_US-j/TlMeuDVz9tsCKKoD8n6EQBmICe3y3Oh6zqlATF0asnSLdTApq0kA2TOv7WOcl_GyRyMFQQMTMPZfNoYfDQnsESIGpnMMLVJszTD2JkkXTyKPMRTsaa6c_y1OvMHgcVJ4CCWK0FbROOjSCWM.js:669
[  944977ms] [LOG] 
%cThis is a browser feature intended for developers. If someone told you to copy-paste something here to enable an Instagram feature or "hack" someone's account, it is a scam and will give them access to your Instagram account. font-family:helvetica; font-size:20px;  @ https://static.cdninstagram.com/rsrc.php/v4ijct4/y9/l/en_US-j/TlMeuDVz9tsCKKoD8n6EQBmICe3y3Oh6zqlATF0asnSLdTApq0kA2TOv7WOcl_GyRyMFQQMTMPZfNoYfDQnsESIGpnMMLVJszTD2JkkXTyKPMRTsaa6c_y1OvMHgcVJ4CCWK0FbROOjSCWM.js:669
[  944977ms] [LOG] 
%cSee https://www.facebook.com/selfxss for more information. font-family:helvetica; font-size:20px;  @ https://static.cdninstagram.com/rsrc.php/v4ijct4/y9/l/en_US-j/TlMeuDVz9tsCKKoD8n6EQBmICe3y3Oh6zqlATF0asnSLdTApq0kA2TOv7WOcl_GyRyMFQQMTMPZfNoYfDQnsESIGpnMMLVJszTD2JkkXTyKPMRTsaa6c_y1OvMHgcVJ4CCWK0FbROOjSCWM.js:669
[  944977ms] [LOG] 
%c  @ https://static.cdninstagram.com/rsrc.php/v4ijct4/y9/l/en_US-j/TlMeuDVz9tsCKKoD8n6EQBmICe3y3Oh6zqlATF0asnSLdTApq0kA2TOv7WOcl_GyRyMFQQMTMPZfNoYfDQnsESIGpnMMLVJszTD2JkkXTyKPMRTsaa6c_y1OvMHgcVJ4CCWK0FbROOjSCWM.js:669
[  945143ms] [INFO] Banner not shown: beforeinstallpromptevent.preventDefault() called. The page must call beforeinstallpromptevent.prompt() to show the banner. @ https://www.instagram.com/aichandre/:0
[  946373ms] [LOG] 
%cStop! font-family:helvetica; font-size:20px; font-size:50px; font-weight:bold; color:red; -webkit-text-stroke:1px black; @ https://static.cdninstagram.com/rsrc.php/v4ijct4/y9/l/en_US-j/TlMeuDVz9tsCKKoD8n6EQBmICe3y3Oh6zqlATF0asnSLdTApq0kA2TOv7WOcl_GyRyMFQQMTMPZfNoYfDQnsESIGpnMMLVJszTD2JkkXTyKPMRTsaa6c_y1OvMHgcVJ4CCWK0FbROOjSCWM.js:669
[  946373ms] [LOG] 
%cThis is a browser feature intended for developers. If someone told you to copy-paste something here to enable an Instagram feature or "hack" someone's account, it is a scam and will give them access to your Instagram account. font-family:helvetica; font-size:20px;  @ https://static.cdninstagram.com/rsrc.php/v4ijct4/y9/l/en_US-j/TlMeuDVz9tsCKKoD8n6EQBmICe3y3Oh6zqlATF0asnSLdTApq0kA2TOv7WOcl_GyRyMFQQMTMPZfNoYfDQnsESIGpnMMLVJszTD2JkkXTyKPMRTsaa6c_y1OvMHgcVJ4CCWK0FbROOjSCWM.js:669
[  946373ms] [LOG] 
%cSee https://www.facebook.com/selfxss for more information. font-family:helvetica; font-size:20px;  @ https://static.cdninstagram.com/rsrc.php/v4ijct4/y9/l/en_US-j/TlMeuDVz9tsCKKoD8n6EQBmICe3y3Oh6zqlATF0asnSLdTApq0kA2TOv7WOcl_GyRyMFQQMTMPZfNoYfDQnsESIGpnMMLVJszTD2JkkXTyKPMRTsaa6c_y1OvMHgcVJ4CCWK0FbROOjSCWM.js:669
[  946373ms] [LOG] 
%c  @ https://static.cdninstagram.com/rsrc.php/v4ijct4/y9/l/en_US-j/TlMeuDVz9tsCKKoD8n6EQBmICe3y3Oh6zqlATF0asnSLdTApq0kA2TOv7WOcl_GyRyMFQQMTMPZfNoYfDQnsESIGpnMMLVJszTD2JkkXTyKPMRTsaa6c_y1OvMHgcVJ4CCWK0FbROOjSCWM.js:669
[  946465ms] [INFO] Banner not shown: beforeinstallpromptevent.preventDefault() called. The page must call beforeinstallpromptevent.prompt() to show the banner. @ https://www.instagram.com/astronomer_amber/:0
[  949608ms] [ERROR] Permissions policy violation: unload is not allowed in this document. @ https://static.xx.fbcdn.net/rsrc.php/v4/yA/r/llpHPzBZ1ZW.js:241
[ 1024382ms] [LOG] 
%cStop! font-family:helvetica; font-size:20px; font-size:50px; font-weight:bold; color:red; -webkit-text-stroke:1px black; @ https://static.cdninstagram.com/rsrc.php/v4ijct4/y9/l/en_US-j/TlMeuDVz9tsCKKoD8n6EQBmICe3y3Oh6zqlATF0asnSLdTApq0kA2TOv7WOcl_GyRyMFQQMTMPZfNoYfDQnsESIGpnMMLVJszTD2JkkXTyKPMRTsaa6c_y1OvMHgcVJ4CCWK0FbROOjSCWM.js:669
[ 1024382ms] [LOG] 
%cThis is a browser feature intended for developers. If someone told you to copy-paste something here to enable an Instagram feature or "hack" someone's account, it is a scam and will give them access to your Instagram account. font-family:helvetica; font-size:20px;  @ https://static.cdninstagram.com/rsrc.php/v4ijct4/y9/l/en_US-j/TlMeuDVz9tsCKKoD8n6EQBmICe3y3Oh6zqlATF0asnSLdTApq0kA2TOv7WOcl_GyRyMFQQMTMPZfNoYfDQnsESIGpnMMLVJszTD2JkkXTyKPMRTsaa6c_y1OvMHgcVJ4CCWK0FbROOjSCWM.js:669
[ 1024382ms] [LOG] 
%cSee https://www.facebook.com/selfxss for more information. font-family:helvetica; font-size:20px;  @ https://static.cdninstagram.com/rsrc.php/v4ijct4/y9/l/en_US-j/TlMeuDVz9tsCKKoD8n6EQBmICe3y3Oh6zqlATF0asnSLdTApq0kA2TOv7WOcl_GyRyMFQQMTMPZfNoYfDQnsESIGpnMMLVJszTD2JkkXTyKPMRTsaa6c_y1OvMHgcVJ4CCWK0FbROOjSCWM.js:669
[ 1024382ms] [LOG] 
%c  @ https://static.cdninstagram.com/rsrc.php/v4ijct4/y9/l/en_US-j/TlMeuDVz9tsCKKoD8n6EQBmICe3y3Oh6zqlATF0asnSLdTApq0kA2TOv7WOcl_GyRyMFQQMTMPZfNoYfDQnsESIGpnMMLVJszTD2JkkXTyKPMRTsaa6c_y1OvMHgcVJ4CCWK0FbROOjSCWM.js:669
[ 1024393ms] [INFO] Banner not shown: beforeinstallpromptevent.preventDefault() called. The page must call beforeinstallpromptevent.prompt() to show the banner. @ https://www.instagram.com/aichandre/:0
[ 1024464ms] [ERROR] ErrorUtils caught an error:

GraphQL operation responded with error 4630001: Invalid module param. (Operation: PolarisStoriesV3TrayContainerQuery)
 [Caught in: unexpected]

Subsequent non-fatal errors won't be logged; see https://fburl.com/debugjs. {column: 241, clientTime: 1781053131, extra: Object, guardList: Array(0), hash: 1ohenq} @ https://static.cdninstagram.com/rsrc.php/v4/y8/r/3h4YqOhE0YZ.js:79
[ 1027798ms] [ERROR] Permissions policy violation: unload is not allowed in this document. @ https://static.xx.fbcdn.net/rsrc.php/v4/yA/r/llpHPzBZ1ZW.js:241
