[     740ms] [LOG] 
%cStop! font-family:helvetica; font-size:20px; font-size:50px; font-weight:bold; color:red; -webkit-text-stroke:1px black; @ https://static.cdninstagram.com/rsrc.php/v4/yA/r/llpHPzBZ1ZW.js:245
[     741ms] [LOG] 
%cThis is a browser feature intended for developers. If someone told you to copy-paste something here to enable an Instagram feature or "hack" someone's account, it is a scam and will give them access to your Instagram account. font-family:helvetica; font-size:20px;  @ https://static.cdninstagram.com/rsrc.php/v4/yA/r/llpHPzBZ1ZW.js:245
[     741ms] [LOG] 
%cSee https://www.facebook.com/selfxss for more information. font-family:helvetica; font-size:20px;  @ https://static.cdninstagram.com/rsrc.php/v4/yA/r/llpHPzBZ1ZW.js:245
[     742ms] [LOG] 
%c  @ https://static.cdninstagram.com/rsrc.php/v4/yA/r/llpHPzBZ1ZW.js:245
[     896ms] [INFO] Banner not shown: beforeinstallpromptevent.preventDefault() called. The page must call beforeinstallpromptevent.prompt() to show the banner. @ https://www.instagram.com/accounts/login/:0
[    4582ms] [WARNING] The resource https://static.cdninstagram.com/rsrc.php/yc/r/Ls1ECoTDejJ.webp was preloaded using link preload but not used within a few seconds from the window's load event. Please make sure it has an appropriate `as` value and it is preloaded intentionally. @ https://www.instagram.com/accounts/login/:0
[    5423ms] [ERROR] Failed to launch 'intent://instagram.com/_n/mainfeed?ig_mid=22F29ED2-798F-49AE-940C-3BCD2CBDCD1D&utm_source=instagramweb#Intent;package=com.instagram.android;action=android.intent.action.VIEW;scheme=https;S.browser_fallback_url=ms-windows-store%3A%2F%2Fpdp%2F%3Fproductid%3D9nblggh5l9xt%26referrer%3Dappbadge%26source%3Dwww.instagram.com%26mode%3Dmini%26pos%3D12%2C12%2C1313%2C1117;end' because the scheme does not have a registered handler. @ https://www.instagram.com/accounts/login/:0
[    7944ms] [VERBOSE] [DOM] Input elements should have autocomplete attributes (suggested: "current-password"): (More info: https://goo.gl/9p2vKq) %o @ https://www.instagram.com/accounts/login/:0
[   30711ms] [ERROR] ErrorUtils caught an error:

Missing cryptedUid for successful web login

Subsequent non-fatal errors won't be logged; see https://fburl.com/debugjs. {column: 17870, clientTime: 1781049617, extra: Object, guardList: Array(1), hash: pdzjka} @ https://static.cdninstagram.com/rsrc.php/v4/yA/r/llpHPzBZ1ZW.js:79
[   31320ms] [LOG] 
%cStop! font-family:helvetica; font-size:20px; font-size:50px; font-weight:bold; color:red; -webkit-text-stroke:1px black; @ https://static.cdninstagram.com/rsrc.php/v4/yA/r/llpHPzBZ1ZW.js:245
[   31320ms] [LOG] 
%cThis is a browser feature intended for developers. If someone told you to copy-paste something here to enable an Instagram feature or "hack" someone's account, it is a scam and will give them access to your Instagram account. font-family:helvetica; font-size:20px;  @ https://static.cdninstagram.com/rsrc.php/v4/yA/r/llpHPzBZ1ZW.js:245
[   31320ms] [LOG] 
%cSee https://www.facebook.com/selfxss for more information. font-family:helvetica; font-size:20px;  @ https://static.cdninstagram.com/rsrc.php/v4/yA/r/llpHPzBZ1ZW.js:245
[   31320ms] [LOG] 
%c  @ https://static.cdninstagram.com/rsrc.php/v4/yA/r/llpHPzBZ1ZW.js:245
[   31420ms] [INFO] Banner not shown: beforeinstallpromptevent.preventDefault() called. The page must call beforeinstallpromptevent.prompt() to show the banner. @ https://www.instagram.com/auth_platform/recaptcha/?apc=Q8HeCgO7tg8KlV22t2ZyC63LlWmU3fUW5yAj2Jsf2wez8gYy9pzhWuxG3gH22q-kvzWFwcw8lE1woWttST7QTChEJdAsj6mxe5H70080iTbG56qIsG8adW2PdXwx8H--DjV_rPDhWghqqiigAK606LAdFJfdUFfv545kTewpM8rtZ5yDfz-qhzT7WVpzXpVZr71lG16icgN4M2RdGqQw_czel8Ha4NZ1fgihlsycT0A0ev5n8JyB2yy8qsOyTRWeQXkgRlxNaSra2ehNB8ylo5n57EFOxDWse2-NADIYvkkkjd8_TZwkJiBO3LtHMdeXcncFeVBK_vXGYB_n-vCSxMCnNLeFIx1eXfPUpjQe6Q1AiPF-0t1z8vmsK2v6aMWvUZ4Jr8iUcK0oodyJa1LMGqrtUweZ0xHO0_YsD7q1sCYGXgYomQRLn4oETVX2b7J9eKvzkZ7LXAdKFFGIGMuHk7C4eKAZxKzsg-nbQAXR2O77UXMS8RzqXbefiHS6bQroe0dBmTHYNLtmI6iwz0yr6vbpuRWElcek5yvmn2Yca-A0RcpxQvza-1ij6yRtiT0Tqppw70UNh6MPLzlLATmRDeIuiSL7aCwr0xRYOZ6yFz54V1lNy4le0aaTXytPhCOeiBapdbyBNGJ9s4vhhTX1FFWb05iAEVC4_CrZ9PuPpQvZqtUIiGsP9ZCsvu2YfMgnF1nKbfhsBIkpEIkcFi8yJ4aMHBlroAJwTCE5QkCK2ZtZIXzT1TcLU4ZsMgq6jDs3u2NPbY24RDFD2i7vppjwwZNaGenUA81XiGGbFQIgR4XyZWjjMoJrK3Ta6NFSEHRuxQ0pSod2cvJgusyXsnYVT3c9La4efknPugLKg6VXv1nYrV4-rPZ_fV9A0f-rkHcQcFwDR-dDEct0ieI7YdR3Th4-o7Gd0GzEKjSJpwxHNw0Cap8YNKMdiZUHyrahZe0-qxtjFquqiUetTdtBXD4r7KRHeVBUt_KR7Q3lbBQEwBIivt6qbNobWZTxwPVwAMW9Wel3Hgf5CW3AlIwP8F7YGXrATjU4WyNqxg1EnUj97N408exMNdzTWnIFiSQGYmSryKLJtI1QWfRsVVZcDIQR_Y6wPpWI-C90H_xnoNnLZS3EOArMnFd8msU9sDWPFWe9IukD8oq6BegheO7eXM7yfwCUtTVtyxoKxYsEuSE17XGi8kSI7MCpxU39S6cncq_BwcxN1rTl28EsGX9yJeNuZTW2TLQntAHPHuSUN2kAk5OC9X6Y_jxt1k9bbLf1sbd-2rGQf72g5yaRkvqYfW1tIdRIHVraYUzi-gAVRb2GmbXvHPU3Qm_WKDRC4iz5czVQnIjuemQwK77FjXG5wXPic7CY7u9-rInRybDDQ4wZcN6zBGnrKA4CDOmcphLJ7lQX1Cwvo7ztGOz_l_Us6UCPhb1bTRiw6n8mKqatUJtl7iT6-GcAbsCNpwfZ7-XzNE43GVmEhNRxi4N3eV_2xCAfDDGdC9HWvP2GlVFviVD8QCzC4L0wXPXH9kVoqJwn5TvNwnUXqivTHpzrtYD7PBjP8bKwe1DKdZbuLM-Jm3sRFOvJdaT-k_p-hD2iwO3UubmZw9g98TZy4nLqW9LeWF85dIGVulw_a_gBc9E4Bsv_UOiz-WILGzj_o0A52pGA32LIDgT98u3kq7JjlidONELWHkc-EHcEIS1We8inPeE4Fvbshn0PMy66EemaOZf7MsrylSww4Bo-nwRtxNI9uJXt7ekPYrGjUIvogxEy5oThpkzug4w6NVmKyLXORHjLU-B7c1212vgePvctnLNnoyPZqQP15Oq6qUHffP4khYOCrMCUb9f-1c74bAqpdFzx-SZKiMvX5Kyx_tiIQ2OErzwAF5FEx3JwgE2NqW7HdPWE4WRg-y2GKXUH3WQUN4R73-oinobQtr0gRf4d9jB--CmShA6JY5nob2Wl6jel7SHTXOXac0nbvH-2e9xdlEBYRyGwZjqjIII1e3YhiWjZDpVc6U43kTRCMRF8ca2goE3AqbeUX2bk1nuoUc3rwOSAarPJwXBR9BGdKzoWD_ro49zhPvao71dCTtgyfNnr2GSqOw2dKMsg1hnN_aogWoU9Y1vBDAzlcDGP2-wRj-i7M95XKsuW9GaW0UA8UCXHtoHrlTSl7yxsX7NxDBeE7ECGmRvssdawN3B_zXaIt1xVWhwXzMVU9ZUQyzv7zo4JNsRaxjF5QJfUJDRFTZaTpD7B5NLZCzUWcGe8NMeT80vkpWg-FX8cbU-BXBy_tI8mJomoYA55JevApMZTuc1CYUxCyi0pd63Hz-XIstK09DVkNBKrQRTaVGYT4McdVnT2LyxjIG2Zz83cKVG_2dOBUMmemj6SCgsrGiIhg6_mi293Y2QbAiLS7vLQIWj_bJfPsi3BEZyXNT1mEarjs2FFCB0JXttgL6-QkKfa5CILzQgxkz6q-A474qFmM1yknQdPxVWSFMmEYfIMwY50PQzjvymjPomwQ5glK8Z37jTNCBg1WwZUvo3O6BSYKtHZ3fhUzJeIZoXTKNzW3D_k9hohkHVUPzeb2g%7Capas&device_id=aiioyQALAAFpnWlaIVnbXWWOIzfB:0
[   31661ms] [ERROR] Permissions policy violation: unload is not allowed in this document. @ https://static.xx.fbcdn.net/rsrc.php/v4/ys/r/wPrfXEAC8ZC.js:321
[   34145ms] [LOG] 
%cStop! font-family:helvetica; font-size:20px; font-size:50px; font-weight:bold; color:red; -webkit-text-stroke:1px black; @ https://static.cdninstagram.com/rsrc.php/v4/yA/r/llpHPzBZ1ZW.js:245
[   34146ms] [LOG] 
%cThis is a browser feature intended for developers. If someone told you to copy-paste something here to enable an Instagram feature or "hack" someone's account, it is a scam and will give them access to your Instagram account. font-family:helvetica; font-size:20px;  @ https://static.cdninstagram.com/rsrc.php/v4/yA/r/llpHPzBZ1ZW.js:245
[   34147ms] [LOG] 
%cSee https://www.facebook.com/selfxss for more information. font-family:helvetica; font-size:20px;  @ https://static.cdninstagram.com/rsrc.php/v4/yA/r/llpHPzBZ1ZW.js:245
[   34147ms] [LOG] 
%c  @ https://static.cdninstagram.com/rsrc.php/v4/yA/r/llpHPzBZ1ZW.js:245
[   34217ms] [INFO] Banner not shown: beforeinstallpromptevent.preventDefault() called. The page must call beforeinstallpromptevent.prompt() to show the banner. @ https://www.instagram.com/accounts/login/:0
[   35931ms] [VERBOSE] [DOM] Input elements should have autocomplete attributes (suggested: "current-password"): (More info: https://goo.gl/9p2vKq) %o @ https://www.instagram.com/accounts/login/:0
[   49106ms] [ERROR] ErrorUtils caught an error:

Missing cryptedUid for successful web login

Subsequent non-fatal errors won't be logged; see https://fburl.com/debugjs. {column: 17870, clientTime: 1781049635, extra: Object, guardList: Array(1), hash: pdzjka} @ https://static.cdninstagram.com/rsrc.php/v4/yA/r/llpHPzBZ1ZW.js:79
[   49635ms] [LOG] 
%cStop! font-family:helvetica; font-size:20px; font-size:50px; font-weight:bold; color:red; -webkit-text-stroke:1px black; @ https://static.cdninstagram.com/rsrc.php/v4/yA/r/llpHPzBZ1ZW.js:245
[   49635ms] [LOG] 
%cThis is a browser feature intended for developers. If someone told you to copy-paste something here to enable an Instagram feature or "hack" someone's account, it is a scam and will give them access to your Instagram account. font-family:helvetica; font-size:20px;  @ https://static.cdninstagram.com/rsrc.php/v4/yA/r/llpHPzBZ1ZW.js:245
[   49635ms] [LOG] 
%cSee https://www.facebook.com/selfxss for more information. font-family:helvetica; font-size:20px;  @ https://static.cdninstagram.com/rsrc.php/v4/yA/r/llpHPzBZ1ZW.js:245
[   49635ms] [LOG] 
%c  @ https://static.cdninstagram.com/rsrc.php/v4/yA/r/llpHPzBZ1ZW.js:245
[   49707ms] [INFO] Banner not shown: beforeinstallpromptevent.preventDefault() called. The page must call beforeinstallpromptevent.prompt() to show the banner. @ https://www.instagram.com/auth_platform/recaptcha/?apc=Q8HeCgO2E-heq0d2bhgqNPpfvFRBUG_yFiHADJloty1mZargyK38yNNFoDBZBSsUAETvD3oH08JPmcD8YcsLHrKYbfxQmn6f6kFL-NF3WRNTQXqWTmmIM9tCCdjHWwZuGlaRRl5FWbwZh5RD_JONkB8JWGgHYQGFD7XOqwxcMtTiGVSSu2qjeQ4EBfZryuu8q8bKUuR_ee9Ej86JNgCO0fTTkWgTm3bAPHfvDoY9C-OrU9wK0GJrHWBtjJoxIiPKzRsOb5VpHmo6kZtvRaDfSbq-mXtLw-fW1pIhomkd0EDnG0HRDRDSR46cd8JaHeiCbDKQa2SPN_loYFV6LueMAdtuNQ4yzgk_kh8GbjaYAtgM8zYsL2kC-i_RGtvhWD8zuUhJDxDsRBwffldfoDJG_iYrsT5uaNzvi-BY_FPgkp3jK_0k4Dzf8pVINVEc2HoMK_oW8hL8fNru2sBjVMsjGQnyonXBj0FCT8BvjVYGFzWpRyjajjxIpSv008H7EGBHBdkAryM9rOnioLBXpUUTZyK21mv8puh2TJ4y-qXhjEefL4SYtB3Tga8ehuU-Pw0iHrYu2C99JFCwrf-Qcgs2UrFW9zqAn-H7OIP4B9YSU8mOLAWbT5fOCpAbH8rZLcl2e-aPAOxyOh2Ia581sjlqWoEjJz8Xdqb0HosRcThbNM1BetL1ak5Xe9jCOH21ps6ccVV_oc1MwZ5_MCExbtbZIQzGNZ7hcCeSbuRfrwkGgjbRJBhBLOG6LYLAyRcn3fvMlEn4pE2G2pMFIM3ZncZKOgoz6uHhisxQM4oMcAY0Jj_3GQfrfjBujkN250Jxy2wZaQQEfXdZj8p7JSyITDUuEMvByb-MXQRNl9IzA-k3qljO7jvSG-rGclpQYb7hNpGA5SfW6W-dfmS2HNfSRBGSfrN0YdCrXJEACvkVGPAKWHEsC5bCx2gQ-2WLyAv2sg0cAT2s-C3TGoPCWyMNx0JKFLaOfB0IcMStNeH19whQjfnmepujmB_hHTTJg9a66i8VQQ4EyvrnDFFqqo_MNnAYpep8y-sUcGopbfd5nDaZ_AtX4c7bQBzvoIIzbjPC6xd2B7pDd2TXhV-4WU6Xtii90W6axHAtN3sZsf2GqD5cmPjy2HUc0b2GHUwtwhcQMW1X1uSO3MeEkyERPNqVsRcuBNeQiz7VASwbMy35zYVsAUQXv8umJNL903XxXOTBOmmnlSmPV-GFVf7gi6ttKbpdfURX3OjUA1wFLtfabdSQR5vG_20xWDIu60fRN6hfmIMOUPv1omrMUB8k68fFLHRk7DUKaY2nXv3_i0nrNvGuzj4XTsqKEkkTHf82yh3RTF-LhNI53yWIe1m1wOs9cflQRJCc6dZQgPBJ6eMQfRshGk1_n51n16CVj3emYQGSMXD8o4Y-gzbGSFePjmB7bAcv-PQCUR9La668tpZH8qsvVhcO0kmGrq46bfQHxxGEDd7WQoclALB_GJhWWGLPjBMKe8o39ZNGXQApHsTgD5R4xn1RBPk8HI9cnN4GPqu_B7ARtGTrU-ui9-IUoBFiFcXR5BLkCShxdCcQUzt7EJ5X233v8oVQuLAJKZB3M7_Ni4WFKZg29Ho_lsaxZqjA9hmfpxulnhj-1Z9xkiJxdM4lXmVCNTsSSsS92clIkJiVYKQdz0x1VRXikoy7X0fvihNctcMjllGDhe9qVRWyoL8gfMKTpkDZjnIqsswR_QqXxD4LOC6kQtam-aEIMJHS7OcSlM7d0l7LOS-xfNM2J0EB0kS-7_w7lbjYMNajPaCly0oirWOyue9s--bLsx9HUfwISOjQN85rznXGdo-ZJJbfeBpHCH2O9zS3ACiP1sNVG0HsmB1ppg8pKUGVlgJk3PzVO0dAFm94RHM3sKSYsj1esDNl9lDn1wQsbbQYPIdj4nq4h7QqHlVBlClrFcPBfS0GvcjxHYezykN3zIq_sV5ypCGgKkpFTojR_a1Np4aOFiHHhc_hnpepiyzvkyIMshpvxDKZH-nXOllMjtKfqHx5OLVGCEUdt55dDNtZHnwmMfzscBkNhi4tGTlGvcD2fBUM7prQtHYegx8hIrkZzoqkYLK_G_D5Tx6Pd2sKvtqqRtkFKaY4f0aKiSbc2tK41JtCiP-gcgeeWKxs6pXzdcbVfZeZG811n4qApRXhoz4TRdTkGlSVrFoYUGalO1JIqvTKtNSJdEkFv9LnYUnjMerynUdRMsaOE-jSut4erCdxSDB7ADfcSLPvec6SDbRDtJOcLWR1CG9SN8oARgM2aUthaSZjzvcI5FqAymbdA9U82mTTdQEzSF3Kgw_MBdZwuDrblJsP7hhP812_xa2Ot9JtruWfxvRNxl0w9Cj_Bo5hRwu4E7LJ7C6GMMbNzDdZGn27ZjDQpEpvh09S2dop_bYPWnOx9PhIVHBo5c2UBCDCTgp28N5LfL69mT2Oyn-kkjNgvGv5Afhoiu5J1J5VvdoZfbJKw-Ymj401KI5agwwZbCvbN4tNqRM3EZnv7mKQwzkuYZcucFU4o9GR0SpGK-9gzEoT2aoNYCoy5ZYNdeUHRAtw3qSVB_HUge2wRPvLzr-ovQ6XBjdvEDVtcCwAFvF791tBkrFbVB6zBm92biOu7l7801fsknxdT93wxTrcrppeymA%7Capas&device_id=aiioyQALAAFpnWlaIVnbXWWOIzfB:0
[   49871ms] [ERROR] Permissions policy violation: unload is not allowed in this document. @ https://static.xx.fbcdn.net/rsrc.php/v4/ys/r/wPrfXEAC8ZC.js:321
[   57170ms] [INFO] Banner not shown: beforeinstallpromptevent.preventDefault() called. The page must call beforeinstallpromptevent.prompt() to show the banner. @ https://www.instagram.com/accounts/onetap/:0
[   57534ms] [LOG] 
%cStop! font-family:helvetica; font-size:20px; font-size:50px; font-weight:bold; color:red; -webkit-text-stroke:1px black; @ https://static.cdninstagram.com/rsrc.php/v4iUuQ4/y_/l/en_US-j/dTApq0kA2TOv7WOcl_GyRyMFQQMTMPZfNoYfDQnsESIGTsaa6c_y1Ov0FbROOjSCWMC4fHGZPlv6rIU4yu-GZIMW19JIBMpvbDr9aUyD2ha4Ta_2mxykuiW-v0MgvGFgTubtGa_18N7y_wflTU6h_74-8uMXEOkztNZ5ZrrCxjEFdRGjiFGHh9ozlMI64oxaJD-bMV1zrNvhsc-jaOuxqSKnm9UbXofocMwkJXyIKxAiusmbNiolQ_GXCJLbUoLqllHVDFQqoHyzVzN2il_s172D1_ZhzkphhshD5-sc1yxdkJx4O5NrpKzMGU-W7GsTMMsiJC02ez.js:219
[   57534ms] [LOG] 
%cThis is a browser feature intended for developers. If someone told you to copy-paste something here to enable an Instagram feature or "hack" someone's account, it is a scam and will give them access to your Instagram account. font-family:helvetica; font-size:20px;  @ https://static.cdninstagram.com/rsrc.php/v4iUuQ4/y_/l/en_US-j/dTApq0kA2TOv7WOcl_GyRyMFQQMTMPZfNoYfDQnsESIGTsaa6c_y1Ov0FbROOjSCWMC4fHGZPlv6rIU4yu-GZIMW19JIBMpvbDr9aUyD2ha4Ta_2mxykuiW-v0MgvGFgTubtGa_18N7y_wflTU6h_74-8uMXEOkztNZ5ZrrCxjEFdRGjiFGHh9ozlMI64oxaJD-bMV1zrNvhsc-jaOuxqSKnm9UbXofocMwkJXyIKxAiusmbNiolQ_GXCJLbUoLqllHVDFQqoHyzVzN2il_s172D1_ZhzkphhshD5-sc1yxdkJx4O5NrpKzMGU-W7GsTMMsiJC02ez.js:219
[   57534ms] [LOG] 
%cSee https://www.facebook.com/selfxss for more information. font-family:helvetica; font-size:20px;  @ https://static.cdninstagram.com/rsrc.php/v4iUuQ4/y_/l/en_US-j/dTApq0kA2TOv7WOcl_GyRyMFQQMTMPZfNoYfDQnsESIGTsaa6c_y1Ov0FbROOjSCWMC4fHGZPlv6rIU4yu-GZIMW19JIBMpvbDr9aUyD2ha4Ta_2mxykuiW-v0MgvGFgTubtGa_18N7y_wflTU6h_74-8uMXEOkztNZ5ZrrCxjEFdRGjiFGHh9ozlMI64oxaJD-bMV1zrNvhsc-jaOuxqSKnm9UbXofocMwkJXyIKxAiusmbNiolQ_GXCJLbUoLqllHVDFQqoHyzVzN2il_s172D1_ZhzkphhshD5-sc1yxdkJx4O5NrpKzMGU-W7GsTMMsiJC02ez.js:219
[   57534ms] [LOG] 
%c  @ https://static.cdninstagram.com/rsrc.php/v4iUuQ4/y_/l/en_US-j/dTApq0kA2TOv7WOcl_GyRyMFQQMTMPZfNoYfDQnsESIGTsaa6c_y1Ov0FbROOjSCWMC4fHGZPlv6rIU4yu-GZIMW19JIBMpvbDr9aUyD2ha4Ta_2mxykuiW-v0MgvGFgTubtGa_18N7y_wflTU6h_74-8uMXEOkztNZ5ZrrCxjEFdRGjiFGHh9ozlMI64oxaJD-bMV1zrNvhsc-jaOuxqSKnm9UbXofocMwkJXyIKxAiusmbNiolQ_GXCJLbUoLqllHVDFQqoHyzVzN2il_s172D1_ZhzkphhshD5-sc1yxdkJx4O5NrpKzMGU-W7GsTMMsiJC02ez.js:219
[   62493ms] [INFO] Banner not shown: beforeinstallpromptevent.preventDefault() called. The page must call beforeinstallpromptevent.prompt() to show the banner. @ https://www.instagram.com/:0
[   62498ms] [LOG] 
%cStop! font-family:helvetica; font-size:20px; font-size:50px; font-weight:bold; color:red; -webkit-text-stroke:1px black; @ https://static.cdninstagram.com/rsrc.php/v4iT3Q4/yQ/l/en_US-j/MFQQMTMPZfNoYfDQnsESIG2JkkXTyKPMRTsaa6c_y1OvMHgcVJ4CCWKC4fHGZPlv6r19JIBMpvbDr9aUyD2ha4TaGa_18N7y_wflTU6h_74-8uMXEOkztNZ5ZrrCxjEFdRGj64oxaJD-bMV1zrNvhsc-jaOuxqSKnm9UbIKxAiusmbNiolQ_GXCJLbUZakI0r4aghtTxTvep2LFN5RKF_1AXP12lphhshD5-sc1pKzMGU-W7Gs.js:8
[   62498ms] [LOG] 
%cThis is a browser feature intended for developers. If someone told you to copy-paste something here to enable an Instagram feature or "hack" someone's account, it is a scam and will give them access to your Instagram account. font-family:helvetica; font-size:20px;  @ https://static.cdninstagram.com/rsrc.php/v4iT3Q4/yQ/l/en_US-j/MFQQMTMPZfNoYfDQnsESIG2JkkXTyKPMRTsaa6c_y1OvMHgcVJ4CCWKC4fHGZPlv6r19JIBMpvbDr9aUyD2ha4TaGa_18N7y_wflTU6h_74-8uMXEOkztNZ5ZrrCxjEFdRGj64oxaJD-bMV1zrNvhsc-jaOuxqSKnm9UbIKxAiusmbNiolQ_GXCJLbUZakI0r4aghtTxTvep2LFN5RKF_1AXP12lphhshD5-sc1pKzMGU-W7Gs.js:8
[   62498ms] [LOG] 
%cSee https://www.facebook.com/selfxss for more information. font-family:helvetica; font-size:20px;  @ https://static.cdninstagram.com/rsrc.php/v4iT3Q4/yQ/l/en_US-j/MFQQMTMPZfNoYfDQnsESIG2JkkXTyKPMRTsaa6c_y1OvMHgcVJ4CCWKC4fHGZPlv6r19JIBMpvbDr9aUyD2ha4TaGa_18N7y_wflTU6h_74-8uMXEOkztNZ5ZrrCxjEFdRGj64oxaJD-bMV1zrNvhsc-jaOuxqSKnm9UbIKxAiusmbNiolQ_GXCJLbUZakI0r4aghtTxTvep2LFN5RKF_1AXP12lphhshD5-sc1pKzMGU-W7Gs.js:8
[   62498ms] [LOG] 
%c  @ https://static.cdninstagram.com/rsrc.php/v4iT3Q4/yQ/l/en_US-j/MFQQMTMPZfNoYfDQnsESIG2JkkXTyKPMRTsaa6c_y1OvMHgcVJ4CCWKC4fHGZPlv6r19JIBMpvbDr9aUyD2ha4TaGa_18N7y_wflTU6h_74-8uMXEOkztNZ5ZrrCxjEFdRGj64oxaJD-bMV1zrNvhsc-jaOuxqSKnm9UbIKxAiusmbNiolQ_GXCJLbUZakI0r4aghtTxTvep2LFN5RKF_1AXP12lphhshD5-sc1pKzMGU-W7Gs.js:8
[   66380ms] [ERROR] Permissions policy violation: unload is not allowed in this document. @ https://static.xx.fbcdn.net/rsrc.php/v4/yA/r/llpHPzBZ1ZW.js:241
