[     764ms] [INFO] Banner not shown: beforeinstallpromptevent.preventDefault() called. The page must call beforeinstallpromptevent.prompt() to show the banner. @ https://www.instagram.com/katiexfelton/:0
[    1318ms] [LOG] 
%cStop! font-family:helvetica; font-size:20px; font-size:50px; font-weight:bold; color:red; -webkit-text-stroke:1px black; @ https://static.cdninstagram.com/rsrc.php/v4iqwK4/yT/l/en_US-j/CKKoD8n6EQBmICe3y3Oh6zqlATF0asnSLdTApq0kA2TOv7WOcl_GyRyMFQQMTMPZfNoYfDQnsESIGpnMMLVJszTD2JkkXTyKPMRTsaa6c_y1OvMHgcVJ4CCWK.js:537
[    1319ms] [LOG] 
%cThis is a browser feature intended for developers. If someone told you to copy-paste something here to enable an Instagram feature or "hack" someone's account, it is a scam and will give them access to your Instagram account. font-family:helvetica; font-size:20px;  @ https://static.cdninstagram.com/rsrc.php/v4iqwK4/yT/l/en_US-j/CKKoD8n6EQBmICe3y3Oh6zqlATF0asnSLdTApq0kA2TOv7WOcl_GyRyMFQQMTMPZfNoYfDQnsESIGpnMMLVJszTD2JkkXTyKPMRTsaa6c_y1OvMHgcVJ4CCWK.js:537
[    1319ms] [LOG] 
%cSee https://www.facebook.com/selfxss for more information. font-family:helvetica; font-size:20px;  @ https://static.cdninstagram.com/rsrc.php/v4iqwK4/yT/l/en_US-j/CKKoD8n6EQBmICe3y3Oh6zqlATF0asnSLdTApq0kA2TOv7WOcl_GyRyMFQQMTMPZfNoYfDQnsESIGpnMMLVJszTD2JkkXTyKPMRTsaa6c_y1OvMHgcVJ4CCWK.js:537
[    1319ms] [LOG] 
%c  @ https://static.cdninstagram.com/rsrc.php/v4iqwK4/yT/l/en_US-j/CKKoD8n6EQBmICe3y3Oh6zqlATF0asnSLdTApq0kA2TOv7WOcl_GyRyMFQQMTMPZfNoYfDQnsESIGpnMMLVJszTD2JkkXTyKPMRTsaa6c_y1OvMHgcVJ4CCWK.js:537
[    1562ms] [ERROR] ErrorUtils caught an error:

GraphQL operation responded with error 4630001: Invalid module param. (Operation: PolarisStoriesV3TrayContainerQuery)
 [Caught in: unexpected]

Subsequent non-fatal errors won't be logged; see https://fburl.com/debugjs. {column: 241, clientTime: 1781061806, extra: Object, guardList: Array(0), hash: 3wdpxg} @ https://static.cdninstagram.com/rsrc.php/v4/y8/r/3h4YqOhE0YZ.js:79
[    4555ms] [ERROR] Permissions policy violation: unload is not allowed in this document. @ https://static.xx.fbcdn.net/rsrc.php/v4/yA/r/llpHPzBZ1ZW.js:241
[   29152ms] [INFO] Banner not shown: beforeinstallpromptevent.preventDefault() called. The page must call beforeinstallpromptevent.prompt() to show the banner. @ https://www.instagram.com/lovesweatfitness/:0
[   29518ms] [LOG] 
%cStop! font-family:helvetica; font-size:20px; font-size:50px; font-weight:bold; color:red; -webkit-text-stroke:1px black; @ https://static.cdninstagram.com/rsrc.php/v4iqwK4/yT/l/en_US-j/CKKoD8n6EQBmICe3y3Oh6zqlATF0asnSLdTApq0kA2TOv7WOcl_GyRyMFQQMTMPZfNoYfDQnsESIGpnMMLVJszTD2JkkXTyKPMRTsaa6c_y1OvMHgcVJ4CCWK.js:537
[   29519ms] [LOG] 
%cThis is a browser feature intended for developers. If someone told you to copy-paste something here to enable an Instagram feature or "hack" someone's account, it is a scam and will give them access to your Instagram account. font-family:helvetica; font-size:20px;  @ https://static.cdninstagram.com/rsrc.php/v4iqwK4/yT/l/en_US-j/CKKoD8n6EQBmICe3y3Oh6zqlATF0asnSLdTApq0kA2TOv7WOcl_GyRyMFQQMTMPZfNoYfDQnsESIGpnMMLVJszTD2JkkXTyKPMRTsaa6c_y1OvMHgcVJ4CCWK.js:537
[   29519ms] [LOG] 
%cSee https://www.facebook.com/selfxss for more information. font-family:helvetica; font-size:20px;  @ https://static.cdninstagram.com/rsrc.php/v4iqwK4/yT/l/en_US-j/CKKoD8n6EQBmICe3y3Oh6zqlATF0asnSLdTApq0kA2TOv7WOcl_GyRyMFQQMTMPZfNoYfDQnsESIGpnMMLVJszTD2JkkXTyKPMRTsaa6c_y1OvMHgcVJ4CCWK.js:537
[   29519ms] [LOG] 
%c  @ https://static.cdninstagram.com/rsrc.php/v4iqwK4/yT/l/en_US-j/CKKoD8n6EQBmICe3y3Oh6zqlATF0asnSLdTApq0kA2TOv7WOcl_GyRyMFQQMTMPZfNoYfDQnsESIGpnMMLVJszTD2JkkXTyKPMRTsaa6c_y1OvMHgcVJ4CCWK.js:537
[   29794ms] [ERROR] ErrorUtils caught an error:

GraphQL operation responded with error 4630001: Invalid module param. (Operation: PolarisStoriesV3TrayContainerQuery)
 [Caught in: unexpected]

Subsequent non-fatal errors won't be logged; see https://fburl.com/debugjs. {column: 241, clientTime: 1781061834, extra: Object, guardList: Array(0), hash: 3wdpxg} @ https://static.cdninstagram.com/rsrc.php/v4/y8/r/3h4YqOhE0YZ.js:79
[   31708ms] [LOG] 
%cStop! font-family:helvetica; font-size:20px; font-size:50px; font-weight:bold; color:red; -webkit-text-stroke:1px black; @ https://static.cdninstagram.com/rsrc.php/v4iqwK4/yT/l/en_US-j/CKKoD8n6EQBmICe3y3Oh6zqlATF0asnSLdTApq0kA2TOv7WOcl_GyRyMFQQMTMPZfNoYfDQnsESIGpnMMLVJszTD2JkkXTyKPMRTsaa6c_y1OvMHgcVJ4CCWK.js:537
[   31708ms] [LOG] 
%cThis is a browser feature intended for developers. If someone told you to copy-paste something here to enable an Instagram feature or "hack" someone's account, it is a scam and will give them access to your Instagram account. font-family:helvetica; font-size:20px;  @ https://static.cdninstagram.com/rsrc.php/v4iqwK4/yT/l/en_US-j/CKKoD8n6EQBmICe3y3Oh6zqlATF0asnSLdTApq0kA2TOv7WOcl_GyRyMFQQMTMPZfNoYfDQnsESIGpnMMLVJszTD2JkkXTyKPMRTsaa6c_y1OvMHgcVJ4CCWK.js:537
[   31709ms] [LOG] 
%cSee https://www.facebook.com/selfxss for more information. font-family:helvetica; font-size:20px;  @ https://static.cdninstagram.com/rsrc.php/v4iqwK4/yT/l/en_US-j/CKKoD8n6EQBmICe3y3Oh6zqlATF0asnSLdTApq0kA2TOv7WOcl_GyRyMFQQMTMPZfNoYfDQnsESIGpnMMLVJszTD2JkkXTyKPMRTsaa6c_y1OvMHgcVJ4CCWK.js:537
[   31709ms] [LOG] 
%c  @ https://static.cdninstagram.com/rsrc.php/v4iqwK4/yT/l/en_US-j/CKKoD8n6EQBmICe3y3Oh6zqlATF0asnSLdTApq0kA2TOv7WOcl_GyRyMFQQMTMPZfNoYfDQnsESIGpnMMLVJszTD2JkkXTyKPMRTsaa6c_y1OvMHgcVJ4CCWK.js:537
[   31809ms] [INFO] Banner not shown: beforeinstallpromptevent.preventDefault() called. The page must call beforeinstallpromptevent.prompt() to show the banner. @ https://www.instagram.com/indyaagos/:0
[   31954ms] [ERROR] ErrorUtils caught an error:

GraphQL operation responded with error 4630001: Invalid module param. (Operation: PolarisStoriesV3TrayContainerQuery)
 [Caught in: unexpected]

Subsequent non-fatal errors won't be logged; see https://fburl.com/debugjs. {column: 241, clientTime: 1781061836, extra: Object, guardList: Array(0), hash: 3wdpxg} @ https://static.cdninstagram.com/rsrc.php/v4/y8/r/3h4YqOhE0YZ.js:79
[   34368ms] [INFO] Banner not shown: beforeinstallpromptevent.preventDefault() called. The page must call beforeinstallpromptevent.prompt() to show the banner. @ https://www.instagram.com/bec_bfit/:0
[   34976ms] [LOG] 
%cStop! font-family:helvetica; font-size:20px; font-size:50px; font-weight:bold; color:red; -webkit-text-stroke:1px black; @ https://static.cdninstagram.com/rsrc.php/v4iqwK4/yT/l/en_US-j/CKKoD8n6EQBmICe3y3Oh6zqlATF0asnSLdTApq0kA2TOv7WOcl_GyRyMFQQMTMPZfNoYfDQnsESIGpnMMLVJszTD2JkkXTyKPMRTsaa6c_y1OvMHgcVJ4CCWK.js:537
[   34978ms] [LOG] 
%cThis is a browser feature intended for developers. If someone told you to copy-paste something here to enable an Instagram feature or "hack" someone's account, it is a scam and will give them access to your Instagram account. font-family:helvetica; font-size:20px;  @ https://static.cdninstagram.com/rsrc.php/v4iqwK4/yT/l/en_US-j/CKKoD8n6EQBmICe3y3Oh6zqlATF0asnSLdTApq0kA2TOv7WOcl_GyRyMFQQMTMPZfNoYfDQnsESIGpnMMLVJszTD2JkkXTyKPMRTsaa6c_y1OvMHgcVJ4CCWK.js:537
[   34978ms] [LOG] 
%cSee https://www.facebook.com/selfxss for more information. font-family:helvetica; font-size:20px;  @ https://static.cdninstagram.com/rsrc.php/v4iqwK4/yT/l/en_US-j/CKKoD8n6EQBmICe3y3Oh6zqlATF0asnSLdTApq0kA2TOv7WOcl_GyRyMFQQMTMPZfNoYfDQnsESIGpnMMLVJszTD2JkkXTyKPMRTsaa6c_y1OvMHgcVJ4CCWK.js:537
[   34980ms] [LOG] 
%c  @ https://static.cdninstagram.com/rsrc.php/v4iqwK4/yT/l/en_US-j/CKKoD8n6EQBmICe3y3Oh6zqlATF0asnSLdTApq0kA2TOv7WOcl_GyRyMFQQMTMPZfNoYfDQnsESIGpnMMLVJszTD2JkkXTyKPMRTsaa6c_y1OvMHgcVJ4CCWK.js:537
[   35160ms] [ERROR] ErrorUtils caught an error:

GraphQL operation responded with error 4630001: Invalid module param. (Operation: PolarisStoriesV3TrayContainerQuery)
 [Caught in: unexpected]

Subsequent non-fatal errors won't be logged; see https://fburl.com/debugjs. {column: 241, clientTime: 1781061839, extra: Object, guardList: Array(0), hash: 3wdpxg} @ https://static.cdninstagram.com/rsrc.php/v4/y8/r/3h4YqOhE0YZ.js:79
[   36785ms] [INFO] Banner not shown: beforeinstallpromptevent.preventDefault() called. The page must call beforeinstallpromptevent.prompt() to show the banner. @ https://www.instagram.com/sonyabarlowuk/:0
[   37303ms] [LOG] 
%cStop! font-family:helvetica; font-size:20px; font-size:50px; font-weight:bold; color:red; -webkit-text-stroke:1px black; @ https://static.cdninstagram.com/rsrc.php/v4iqwK4/yT/l/en_US-j/CKKoD8n6EQBmICe3y3Oh6zqlATF0asnSLdTApq0kA2TOv7WOcl_GyRyMFQQMTMPZfNoYfDQnsESIGpnMMLVJszTD2JkkXTyKPMRTsaa6c_y1OvMHgcVJ4CCWK.js:537
[   37304ms] [LOG] 
%cThis is a browser feature intended for developers. If someone told you to copy-paste something here to enable an Instagram feature or "hack" someone's account, it is a scam and will give them access to your Instagram account. font-family:helvetica; font-size:20px;  @ https://static.cdninstagram.com/rsrc.php/v4iqwK4/yT/l/en_US-j/CKKoD8n6EQBmICe3y3Oh6zqlATF0asnSLdTApq0kA2TOv7WOcl_GyRyMFQQMTMPZfNoYfDQnsESIGpnMMLVJszTD2JkkXTyKPMRTsaa6c_y1OvMHgcVJ4CCWK.js:537
[   37304ms] [LOG] 
%cSee https://www.facebook.com/selfxss for more information. font-family:helvetica; font-size:20px;  @ https://static.cdninstagram.com/rsrc.php/v4iqwK4/yT/l/en_US-j/CKKoD8n6EQBmICe3y3Oh6zqlATF0asnSLdTApq0kA2TOv7WOcl_GyRyMFQQMTMPZfNoYfDQnsESIGpnMMLVJszTD2JkkXTyKPMRTsaa6c_y1OvMHgcVJ4CCWK.js:537
[   37304ms] [LOG] 
%c  @ https://static.cdninstagram.com/rsrc.php/v4iqwK4/yT/l/en_US-j/CKKoD8n6EQBmICe3y3Oh6zqlATF0asnSLdTApq0kA2TOv7WOcl_GyRyMFQQMTMPZfNoYfDQnsESIGpnMMLVJszTD2JkkXTyKPMRTsaa6c_y1OvMHgcVJ4CCWK.js:537
[   37500ms] [ERROR] ErrorUtils caught an error:

GraphQL operation responded with error 4630001: Invalid module param. (Operation: PolarisStoriesV3TrayContainerQuery)
 [Caught in: unexpected]

Subsequent non-fatal errors won't be logged; see https://fburl.com/debugjs. {column: 241, clientTime: 1781061842, extra: Object, guardList: Array(0), hash: 3wdpxg} @ https://static.cdninstagram.com/rsrc.php/v4/y8/r/3h4YqOhE0YZ.js:79
[   39296ms] [INFO] Banner not shown: beforeinstallpromptevent.preventDefault() called. The page must call beforeinstallpromptevent.prompt() to show the banner. @ https://www.instagram.com/mandimakes/:0
[   39598ms] [LOG] 
%cStop! font-family:helvetica; font-size:20px; font-size:50px; font-weight:bold; color:red; -webkit-text-stroke:1px black; @ https://static.cdninstagram.com/rsrc.php/v4iqwK4/yT/l/en_US-j/CKKoD8n6EQBmICe3y3Oh6zqlATF0asnSLdTApq0kA2TOv7WOcl_GyRyMFQQMTMPZfNoYfDQnsESIGpnMMLVJszTD2JkkXTyKPMRTsaa6c_y1OvMHgcVJ4CCWK.js:537
[   39598ms] [LOG] 
%cThis is a browser feature intended for developers. If someone told you to copy-paste something here to enable an Instagram feature or "hack" someone's account, it is a scam and will give them access to your Instagram account. font-family:helvetica; font-size:20px;  @ https://static.cdninstagram.com/rsrc.php/v4iqwK4/yT/l/en_US-j/CKKoD8n6EQBmICe3y3Oh6zqlATF0asnSLdTApq0kA2TOv7WOcl_GyRyMFQQMTMPZfNoYfDQnsESIGpnMMLVJszTD2JkkXTyKPMRTsaa6c_y1OvMHgcVJ4CCWK.js:537
[   39599ms] [LOG] 
%cSee https://www.facebook.com/selfxss for more information. font-family:helvetica; font-size:20px;  @ https://static.cdninstagram.com/rsrc.php/v4iqwK4/yT/l/en_US-j/CKKoD8n6EQBmICe3y3Oh6zqlATF0asnSLdTApq0kA2TOv7WOcl_GyRyMFQQMTMPZfNoYfDQnsESIGpnMMLVJszTD2JkkXTyKPMRTsaa6c_y1OvMHgcVJ4CCWK.js:537
[   39599ms] [LOG] 
%c  @ https://static.cdninstagram.com/rsrc.php/v4iqwK4/yT/l/en_US-j/CKKoD8n6EQBmICe3y3Oh6zqlATF0asnSLdTApq0kA2TOv7WOcl_GyRyMFQQMTMPZfNoYfDQnsESIGpnMMLVJszTD2JkkXTyKPMRTsaa6c_y1OvMHgcVJ4CCWK.js:537
[   39788ms] [ERROR] ErrorUtils caught an error:

GraphQL operation responded with error 4630001: Invalid module param. (Operation: PolarisStoriesV3TrayContainerQuery)
 [Caught in: unexpected]

Subsequent non-fatal errors won't be logged; see https://fburl.com/debugjs. {column: 241, clientTime: 1781061844, extra: Object, guardList: Array(0), hash: 3wdpxg} @ https://static.cdninstagram.com/rsrc.php/v4/y8/r/3h4YqOhE0YZ.js:79
[   41901ms] [INFO] Banner not shown: beforeinstallpromptevent.preventDefault() called. The page must call beforeinstallpromptevent.prompt() to show the banner. @ https://www.instagram.com/randysantel/:0
[   42347ms] [LOG] 
%cStop! font-family:helvetica; font-size:20px; font-size:50px; font-weight:bold; color:red; -webkit-text-stroke:1px black; @ https://static.cdninstagram.com/rsrc.php/v4iqwK4/yT/l/en_US-j/CKKoD8n6EQBmICe3y3Oh6zqlATF0asnSLdTApq0kA2TOv7WOcl_GyRyMFQQMTMPZfNoYfDQnsESIGpnMMLVJszTD2JkkXTyKPMRTsaa6c_y1OvMHgcVJ4CCWK.js:537
[   42348ms] [LOG] 
%cThis is a browser feature intended for developers. If someone told you to copy-paste something here to enable an Instagram feature or "hack" someone's account, it is a scam and will give them access to your Instagram account. font-family:helvetica; font-size:20px;  @ https://static.cdninstagram.com/rsrc.php/v4iqwK4/yT/l/en_US-j/CKKoD8n6EQBmICe3y3Oh6zqlATF0asnSLdTApq0kA2TOv7WOcl_GyRyMFQQMTMPZfNoYfDQnsESIGpnMMLVJszTD2JkkXTyKPMRTsaa6c_y1OvMHgcVJ4CCWK.js:537
[   42349ms] [LOG] 
%cSee https://www.facebook.com/selfxss for more information. font-family:helvetica; font-size:20px;  @ https://static.cdninstagram.com/rsrc.php/v4iqwK4/yT/l/en_US-j/CKKoD8n6EQBmICe3y3Oh6zqlATF0asnSLdTApq0kA2TOv7WOcl_GyRyMFQQMTMPZfNoYfDQnsESIGpnMMLVJszTD2JkkXTyKPMRTsaa6c_y1OvMHgcVJ4CCWK.js:537
[   42349ms] [LOG] 
%c  @ https://static.cdninstagram.com/rsrc.php/v4iqwK4/yT/l/en_US-j/CKKoD8n6EQBmICe3y3Oh6zqlATF0asnSLdTApq0kA2TOv7WOcl_GyRyMFQQMTMPZfNoYfDQnsESIGpnMMLVJszTD2JkkXTyKPMRTsaa6c_y1OvMHgcVJ4CCWK.js:537
[   42506ms] [ERROR] ErrorUtils caught an error:

GraphQL operation responded with error 4630001: Invalid module param. (Operation: PolarisStoriesV3TrayContainerQuery)
 [Caught in: unexpected]

Subsequent non-fatal errors won't be logged; see https://fburl.com/debugjs. {column: 241, clientTime: 1781061847, extra: Object, guardList: Array(0), hash: 3wdpxg} @ https://static.cdninstagram.com/rsrc.php/v4/y8/r/3h4YqOhE0YZ.js:79
[   44722ms] [INFO] Banner not shown: beforeinstallpromptevent.preventDefault() called. The page must call beforeinstallpromptevent.prompt() to show the banner. @ https://www.instagram.com/evelynelesin_ugc/:0
[   45080ms] [LOG] 
%cStop! font-family:helvetica; font-size:20px; font-size:50px; font-weight:bold; color:red; -webkit-text-stroke:1px black; @ https://static.cdninstagram.com/rsrc.php/v4iqwK4/yT/l/en_US-j/CKKoD8n6EQBmICe3y3Oh6zqlATF0asnSLdTApq0kA2TOv7WOcl_GyRyMFQQMTMPZfNoYfDQnsESIGpnMMLVJszTD2JkkXTyKPMRTsaa6c_y1OvMHgcVJ4CCWK.js:537
[   45081ms] [LOG] 
%cThis is a browser feature intended for developers. If someone told you to copy-paste something here to enable an Instagram feature or "hack" someone's account, it is a scam and will give them access to your Instagram account. font-family:helvetica; font-size:20px;  @ https://static.cdninstagram.com/rsrc.php/v4iqwK4/yT/l/en_US-j/CKKoD8n6EQBmICe3y3Oh6zqlATF0asnSLdTApq0kA2TOv7WOcl_GyRyMFQQMTMPZfNoYfDQnsESIGpnMMLVJszTD2JkkXTyKPMRTsaa6c_y1OvMHgcVJ4CCWK.js:537
[   45081ms] [LOG] 
%cSee https://www.facebook.com/selfxss for more information. font-family:helvetica; font-size:20px;  @ https://static.cdninstagram.com/rsrc.php/v4iqwK4/yT/l/en_US-j/CKKoD8n6EQBmICe3y3Oh6zqlATF0asnSLdTApq0kA2TOv7WOcl_GyRyMFQQMTMPZfNoYfDQnsESIGpnMMLVJszTD2JkkXTyKPMRTsaa6c_y1OvMHgcVJ4CCWK.js:537
[   45081ms] [LOG] 
%c  @ https://static.cdninstagram.com/rsrc.php/v4iqwK4/yT/l/en_US-j/CKKoD8n6EQBmICe3y3Oh6zqlATF0asnSLdTApq0kA2TOv7WOcl_GyRyMFQQMTMPZfNoYfDQnsESIGpnMMLVJszTD2JkkXTyKPMRTsaa6c_y1OvMHgcVJ4CCWK.js:537
[   45590ms] [ERROR] ErrorUtils caught an error:

GraphQL operation responded with error 4630001: Invalid module param. (Operation: PolarisStoriesV3TrayContainerQuery)
 [Caught in: unexpected]

Subsequent non-fatal errors won't be logged; see https://fburl.com/debugjs. {column: 241, clientTime: 1781061850, extra: Object, guardList: Array(0), hash: 3wdpxg} @ https://static.cdninstagram.com/rsrc.php/v4/y8/r/3h4YqOhE0YZ.js:79
[   47380ms] [INFO] Banner not shown: beforeinstallpromptevent.preventDefault() called. The page must call beforeinstallpromptevent.prompt() to show the banner. @ https://www.instagram.com/vashtikanahele/:0
[   48157ms] [LOG] 
%cStop! font-family:helvetica; font-size:20px; font-size:50px; font-weight:bold; color:red; -webkit-text-stroke:1px black; @ https://static.cdninstagram.com/rsrc.php/v4iqwK4/yT/l/en_US-j/CKKoD8n6EQBmICe3y3Oh6zqlATF0asnSLdTApq0kA2TOv7WOcl_GyRyMFQQMTMPZfNoYfDQnsESIGpnMMLVJszTD2JkkXTyKPMRTsaa6c_y1OvMHgcVJ4CCWK.js:537
[   48157ms] [LOG] 
%cThis is a browser feature intended for developers. If someone told you to copy-paste something here to enable an Instagram feature or "hack" someone's account, it is a scam and will give them access to your Instagram account. font-family:helvetica; font-size:20px;  @ https://static.cdninstagram.com/rsrc.php/v4iqwK4/yT/l/en_US-j/CKKoD8n6EQBmICe3y3Oh6zqlATF0asnSLdTApq0kA2TOv7WOcl_GyRyMFQQMTMPZfNoYfDQnsESIGpnMMLVJszTD2JkkXTyKPMRTsaa6c_y1OvMHgcVJ4CCWK.js:537
[   48158ms] [LOG] 
%cSee https://www.facebook.com/selfxss for more information. font-family:helvetica; font-size:20px;  @ https://static.cdninstagram.com/rsrc.php/v4iqwK4/yT/l/en_US-j/CKKoD8n6EQBmICe3y3Oh6zqlATF0asnSLdTApq0kA2TOv7WOcl_GyRyMFQQMTMPZfNoYfDQnsESIGpnMMLVJszTD2JkkXTyKPMRTsaa6c_y1OvMHgcVJ4CCWK.js:537
[   48158ms] [LOG] 
%c  @ https://static.cdninstagram.com/rsrc.php/v4iqwK4/yT/l/en_US-j/CKKoD8n6EQBmICe3y3Oh6zqlATF0asnSLdTApq0kA2TOv7WOcl_GyRyMFQQMTMPZfNoYfDQnsESIGpnMMLVJszTD2JkkXTyKPMRTsaa6c_y1OvMHgcVJ4CCWK.js:537
[   48346ms] [ERROR] ErrorUtils caught an error:

GraphQL operation responded with error 4630001: Invalid module param. (Operation: PolarisStoriesV3TrayContainerQuery)
 [Caught in: unexpected]

Subsequent non-fatal errors won't be logged; see https://fburl.com/debugjs. {column: 241, clientTime: 1781061853, extra: Object, guardList: Array(0), hash: 3wdpxg} @ https://static.cdninstagram.com/rsrc.php/v4/y8/r/3h4YqOhE0YZ.js:79
[   51469ms] [ERROR] Permissions policy violation: unload is not allowed in this document. @ https://static.xx.fbcdn.net/rsrc.php/v4/yA/r/llpHPzBZ1ZW.js:241
