[     635ms] [INFO] Banner not shown: beforeinstallpromptevent.preventDefault() called. The page must call beforeinstallpromptevent.prompt() to show the banner. @ https://www.instagram.com/sophieandlili/:0
[     919ms] [ERROR] ErrorUtils caught an error:

GraphQL operation responded with error 4630001: Invalid module param. (Operation: PolarisStoriesV3TrayContainerQuery)
 [Caught in: unexpected]

Subsequent non-fatal errors won't be logged; see https://fburl.com/debugjs. {column: 241, clientTime: 1781060636, extra: Object, guardList: Array(0), hash: 3wdpxg} @ https://static.cdninstagram.com/rsrc.php/v4/y8/r/3h4YqOhE0YZ.js:79
[     956ms] [LOG] 
%cStop! font-family:helvetica; font-size:20px; font-size:50px; font-weight:bold; color:red; -webkit-text-stroke:1px black; @ https://static.cdninstagram.com/rsrc.php/v4iqwK4/yT/l/en_US-j/CKKoD8n6EQBmICe3y3Oh6zqlATF0asnSLdTApq0kA2TOv7WOcl_GyRyMFQQMTMPZfNoYfDQnsESIGpnMMLVJszTD2JkkXTyKPMRTsaa6c_y1OvMHgcVJ4CCWK.js:537
[     956ms] [LOG] 
%cThis is a browser feature intended for developers. If someone told you to copy-paste something here to enable an Instagram feature or "hack" someone's account, it is a scam and will give them access to your Instagram account. font-family:helvetica; font-size:20px;  @ https://static.cdninstagram.com/rsrc.php/v4iqwK4/yT/l/en_US-j/CKKoD8n6EQBmICe3y3Oh6zqlATF0asnSLdTApq0kA2TOv7WOcl_GyRyMFQQMTMPZfNoYfDQnsESIGpnMMLVJszTD2JkkXTyKPMRTsaa6c_y1OvMHgcVJ4CCWK.js:537
[     956ms] [LOG] 
%cSee https://www.facebook.com/selfxss for more information. font-family:helvetica; font-size:20px;  @ https://static.cdninstagram.com/rsrc.php/v4iqwK4/yT/l/en_US-j/CKKoD8n6EQBmICe3y3Oh6zqlATF0asnSLdTApq0kA2TOv7WOcl_GyRyMFQQMTMPZfNoYfDQnsESIGpnMMLVJszTD2JkkXTyKPMRTsaa6c_y1OvMHgcVJ4CCWK.js:537
[     957ms] [LOG] 
%c  @ https://static.cdninstagram.com/rsrc.php/v4iqwK4/yT/l/en_US-j/CKKoD8n6EQBmICe3y3Oh6zqlATF0asnSLdTApq0kA2TOv7WOcl_GyRyMFQQMTMPZfNoYfDQnsESIGpnMMLVJszTD2JkkXTyKPMRTsaa6c_y1OvMHgcVJ4CCWK.js:537
[    4314ms] [ERROR] Permissions policy violation: unload is not allowed in this document. @ https://static.xx.fbcdn.net/rsrc.php/v4/yA/r/llpHPzBZ1ZW.js:241
[   22209ms] [LOG] 
%cStop! font-family:helvetica; font-size:20px; font-size:50px; font-weight:bold; color:red; -webkit-text-stroke:1px black; @ https://static.cdninstagram.com/rsrc.php/v4iqwK4/yT/l/en_US-j/CKKoD8n6EQBmICe3y3Oh6zqlATF0asnSLdTApq0kA2TOv7WOcl_GyRyMFQQMTMPZfNoYfDQnsESIGpnMMLVJszTD2JkkXTyKPMRTsaa6c_y1OvMHgcVJ4CCWK.js:537
[   22209ms] [LOG] 
%cThis is a browser feature intended for developers. If someone told you to copy-paste something here to enable an Instagram feature or "hack" someone's account, it is a scam and will give them access to your Instagram account. font-family:helvetica; font-size:20px;  @ https://static.cdninstagram.com/rsrc.php/v4iqwK4/yT/l/en_US-j/CKKoD8n6EQBmICe3y3Oh6zqlATF0asnSLdTApq0kA2TOv7WOcl_GyRyMFQQMTMPZfNoYfDQnsESIGpnMMLVJszTD2JkkXTyKPMRTsaa6c_y1OvMHgcVJ4CCWK.js:537
[   22209ms] [LOG] 
%cSee https://www.facebook.com/selfxss for more information. font-family:helvetica; font-size:20px;  @ https://static.cdninstagram.com/rsrc.php/v4iqwK4/yT/l/en_US-j/CKKoD8n6EQBmICe3y3Oh6zqlATF0asnSLdTApq0kA2TOv7WOcl_GyRyMFQQMTMPZfNoYfDQnsESIGpnMMLVJszTD2JkkXTyKPMRTsaa6c_y1OvMHgcVJ4CCWK.js:537
[   22209ms] [LOG] 
%c  @ https://static.cdninstagram.com/rsrc.php/v4iqwK4/yT/l/en_US-j/CKKoD8n6EQBmICe3y3Oh6zqlATF0asnSLdTApq0kA2TOv7WOcl_GyRyMFQQMTMPZfNoYfDQnsESIGpnMMLVJszTD2JkkXTyKPMRTsaa6c_y1OvMHgcVJ4CCWK.js:537
[   22218ms] [INFO] Banner not shown: beforeinstallpromptevent.preventDefault() called. The page must call beforeinstallpromptevent.prompt() to show the banner. @ https://www.instagram.com/sophieandlili/:0
[   22260ms] [ERROR] ErrorUtils caught an error:

GraphQL operation responded with error 4630001: Invalid module param. (Operation: PolarisStoriesV3TrayContainerQuery)
 [Caught in: unexpected]

Subsequent non-fatal errors won't be logged; see https://fburl.com/debugjs. {column: 241, clientTime: 1781060657, extra: Object, guardList: Array(0), hash: 3wdpxg} @ https://static.cdninstagram.com/rsrc.php/v4/y8/r/3h4YqOhE0YZ.js:79
[   25872ms] [ERROR] Permissions policy violation: unload is not allowed in this document. @ https://static.xx.fbcdn.net/rsrc.php/v4/yA/r/llpHPzBZ1ZW.js:241
[   28666ms] [LOG] 
%cStop! font-family:helvetica; font-size:20px; font-size:50px; font-weight:bold; color:red; -webkit-text-stroke:1px black; @ https://static.cdninstagram.com/rsrc.php/v4i8iB4/yg/l/en_US-j/dTApq0kA2TOv7WOcl_GyRyMFQQMTMPZfNoYfDQnsESIGTsaa6c_y1Ov0FbROOjSCWMC4fHGZPlv6rTGHskmxiWfm19JIBMpvbDr9aUyD2ha4Ta_2mxykuiW-v0MgvGFgTubtGa_18N7y_wfidQMhm2UXA2rrCxjEFdRGjiFGHh9ozlMI64oxaJD-bMV1zrNvhsc-jaOuxqSKnm9UbXofocMwkJXyIKxAiusmbNiolQ_GXCJLbUoLqllHVDFQqoHyzVzN2il_s172D1_ZhzkphhshD5-sc1yxdkJx4O5NrpKzMGU-W7GsTMMsiJC02ez.js:219
[   28666ms] [LOG] 
%cThis is a browser feature intended for developers. If someone told you to copy-paste something here to enable an Instagram feature or "hack" someone's account, it is a scam and will give them access to your Instagram account. font-family:helvetica; font-size:20px;  @ https://static.cdninstagram.com/rsrc.php/v4i8iB4/yg/l/en_US-j/dTApq0kA2TOv7WOcl_GyRyMFQQMTMPZfNoYfDQnsESIGTsaa6c_y1Ov0FbROOjSCWMC4fHGZPlv6rTGHskmxiWfm19JIBMpvbDr9aUyD2ha4Ta_2mxykuiW-v0MgvGFgTubtGa_18N7y_wfidQMhm2UXA2rrCxjEFdRGjiFGHh9ozlMI64oxaJD-bMV1zrNvhsc-jaOuxqSKnm9UbXofocMwkJXyIKxAiusmbNiolQ_GXCJLbUoLqllHVDFQqoHyzVzN2il_s172D1_ZhzkphhshD5-sc1yxdkJx4O5NrpKzMGU-W7GsTMMsiJC02ez.js:219
[   28666ms] [LOG] 
%cSee https://www.facebook.com/selfxss for more information. font-family:helvetica; font-size:20px;  @ https://static.cdninstagram.com/rsrc.php/v4i8iB4/yg/l/en_US-j/dTApq0kA2TOv7WOcl_GyRyMFQQMTMPZfNoYfDQnsESIGTsaa6c_y1Ov0FbROOjSCWMC4fHGZPlv6rTGHskmxiWfm19JIBMpvbDr9aUyD2ha4Ta_2mxykuiW-v0MgvGFgTubtGa_18N7y_wfidQMhm2UXA2rrCxjEFdRGjiFGHh9ozlMI64oxaJD-bMV1zrNvhsc-jaOuxqSKnm9UbXofocMwkJXyIKxAiusmbNiolQ_GXCJLbUoLqllHVDFQqoHyzVzN2il_s172D1_ZhzkphhshD5-sc1yxdkJx4O5NrpKzMGU-W7GsTMMsiJC02ez.js:219
[   28666ms] [LOG] 
%c  @ https://static.cdninstagram.com/rsrc.php/v4i8iB4/yg/l/en_US-j/dTApq0kA2TOv7WOcl_GyRyMFQQMTMPZfNoYfDQnsESIGTsaa6c_y1Ov0FbROOjSCWMC4fHGZPlv6rTGHskmxiWfm19JIBMpvbDr9aUyD2ha4Ta_2mxykuiW-v0MgvGFgTubtGa_18N7y_wfidQMhm2UXA2rrCxjEFdRGjiFGHh9ozlMI64oxaJD-bMV1zrNvhsc-jaOuxqSKnm9UbXofocMwkJXyIKxAiusmbNiolQ_GXCJLbUoLqllHVDFQqoHyzVzN2il_s172D1_ZhzkphhshD5-sc1yxdkJx4O5NrpKzMGU-W7GsTMMsiJC02ez.js:219
[   28766ms] [ERROR] ErrorUtils caught an error:

GraphQL operation responded with error 4630001: Invalid module param. (Operation: PolarisStoriesV3TrayContainerQuery)
 [Caught in: unexpected]

Subsequent non-fatal errors won't be logged; see https://fburl.com/debugjs. {column: 241, clientTime: 1781060664, extra: Object, guardList: Array(0), hash: kvyt2o} @ https://static.cdninstagram.com/rsrc.php/v4/y8/r/3h4YqOhE0YZ.js:79
[   34985ms] [INFO] Banner not shown: beforeinstallpromptevent.preventDefault() called. The page must call beforeinstallpromptevent.prompt() to show the banner. @ https://www.instagram.com/theugccreatorolivia/:0
[   35091ms] [LOG] 
%cStop! font-family:helvetica; font-size:20px; font-size:50px; font-weight:bold; color:red; -webkit-text-stroke:1px black; @ https://static.cdninstagram.com/rsrc.php/v4iqwK4/yT/l/en_US-j/CKKoD8n6EQBmICe3y3Oh6zqlATF0asnSLdTApq0kA2TOv7WOcl_GyRyMFQQMTMPZfNoYfDQnsESIGpnMMLVJszTD2JkkXTyKPMRTsaa6c_y1OvMHgcVJ4CCWK.js:537
[   35092ms] [LOG] 
%cThis is a browser feature intended for developers. If someone told you to copy-paste something here to enable an Instagram feature or "hack" someone's account, it is a scam and will give them access to your Instagram account. font-family:helvetica; font-size:20px;  @ https://static.cdninstagram.com/rsrc.php/v4iqwK4/yT/l/en_US-j/CKKoD8n6EQBmICe3y3Oh6zqlATF0asnSLdTApq0kA2TOv7WOcl_GyRyMFQQMTMPZfNoYfDQnsESIGpnMMLVJszTD2JkkXTyKPMRTsaa6c_y1OvMHgcVJ4CCWK.js:537
[   35092ms] [LOG] 
%cSee https://www.facebook.com/selfxss for more information. font-family:helvetica; font-size:20px;  @ https://static.cdninstagram.com/rsrc.php/v4iqwK4/yT/l/en_US-j/CKKoD8n6EQBmICe3y3Oh6zqlATF0asnSLdTApq0kA2TOv7WOcl_GyRyMFQQMTMPZfNoYfDQnsESIGpnMMLVJszTD2JkkXTyKPMRTsaa6c_y1OvMHgcVJ4CCWK.js:537
[   35092ms] [LOG] 
%c  @ https://static.cdninstagram.com/rsrc.php/v4iqwK4/yT/l/en_US-j/CKKoD8n6EQBmICe3y3Oh6zqlATF0asnSLdTApq0kA2TOv7WOcl_GyRyMFQQMTMPZfNoYfDQnsESIGpnMMLVJszTD2JkkXTyKPMRTsaa6c_y1OvMHgcVJ4CCWK.js:537
[   35270ms] [ERROR] ErrorUtils caught an error:

GraphQL operation responded with error 4630001: Invalid module param. (Operation: PolarisStoriesV3TrayContainerQuery)
 [Caught in: unexpected]

Subsequent non-fatal errors won't be logged; see https://fburl.com/debugjs. {column: 241, clientTime: 1781060670, extra: Object, guardList: Array(0), hash: 3wdpxg} @ https://static.cdninstagram.com/rsrc.php/v4/y8/r/3h4YqOhE0YZ.js:79
[   38553ms] [ERROR] Permissions policy violation: unload is not allowed in this document. @ https://static.xx.fbcdn.net/rsrc.php/v4/yA/r/llpHPzBZ1ZW.js:241
[   43671ms] [INFO] Banner not shown: beforeinstallpromptevent.preventDefault() called. The page must call beforeinstallpromptevent.prompt() to show the banner. @ https://www.instagram.com/surya___sarkar/:0
[   43746ms] [LOG] 
%cStop! font-family:helvetica; font-size:20px; font-size:50px; font-weight:bold; color:red; -webkit-text-stroke:1px black; @ https://static.cdninstagram.com/rsrc.php/v4iqwK4/yT/l/en_US-j/CKKoD8n6EQBmICe3y3Oh6zqlATF0asnSLdTApq0kA2TOv7WOcl_GyRyMFQQMTMPZfNoYfDQnsESIGpnMMLVJszTD2JkkXTyKPMRTsaa6c_y1OvMHgcVJ4CCWK.js:537
[   43747ms] [LOG] 
%cThis is a browser feature intended for developers. If someone told you to copy-paste something here to enable an Instagram feature or "hack" someone's account, it is a scam and will give them access to your Instagram account. font-family:helvetica; font-size:20px;  @ https://static.cdninstagram.com/rsrc.php/v4iqwK4/yT/l/en_US-j/CKKoD8n6EQBmICe3y3Oh6zqlATF0asnSLdTApq0kA2TOv7WOcl_GyRyMFQQMTMPZfNoYfDQnsESIGpnMMLVJszTD2JkkXTyKPMRTsaa6c_y1OvMHgcVJ4CCWK.js:537
[   43747ms] [LOG] 
%cSee https://www.facebook.com/selfxss for more information. font-family:helvetica; font-size:20px;  @ https://static.cdninstagram.com/rsrc.php/v4iqwK4/yT/l/en_US-j/CKKoD8n6EQBmICe3y3Oh6zqlATF0asnSLdTApq0kA2TOv7WOcl_GyRyMFQQMTMPZfNoYfDQnsESIGpnMMLVJszTD2JkkXTyKPMRTsaa6c_y1OvMHgcVJ4CCWK.js:537
[   43747ms] [LOG] 
%c  @ https://static.cdninstagram.com/rsrc.php/v4iqwK4/yT/l/en_US-j/CKKoD8n6EQBmICe3y3Oh6zqlATF0asnSLdTApq0kA2TOv7WOcl_GyRyMFQQMTMPZfNoYfDQnsESIGpnMMLVJszTD2JkkXTyKPMRTsaa6c_y1OvMHgcVJ4CCWK.js:537
[   43918ms] [ERROR] ErrorUtils caught an error:

GraphQL operation responded with error 4630001: Invalid module param. (Operation: PolarisStoriesV3TrayContainerQuery)
 [Caught in: unexpected]

Subsequent non-fatal errors won't be logged; see https://fburl.com/debugjs. {column: 241, clientTime: 1781060679, extra: Object, guardList: Array(0), hash: 3wdpxg} @ https://static.cdninstagram.com/rsrc.php/v4/y8/r/3h4YqOhE0YZ.js:79
[   47114ms] [ERROR] Permissions policy violation: unload is not allowed in this document. @ https://static.xx.fbcdn.net/rsrc.php/v4/yA/r/llpHPzBZ1ZW.js:241
[   50236ms] [INFO] Banner not shown: beforeinstallpromptevent.preventDefault() called. The page must call beforeinstallpromptevent.prompt() to show the banner. @ https://www.instagram.com/kgink_/:0
[   50492ms] [LOG] 
%cStop! font-family:helvetica; font-size:20px; font-size:50px; font-weight:bold; color:red; -webkit-text-stroke:1px black; @ https://static.cdninstagram.com/rsrc.php/v4iqwK4/yT/l/en_US-j/CKKoD8n6EQBmICe3y3Oh6zqlATF0asnSLdTApq0kA2TOv7WOcl_GyRyMFQQMTMPZfNoYfDQnsESIGpnMMLVJszTD2JkkXTyKPMRTsaa6c_y1OvMHgcVJ4CCWK.js:537
[   50493ms] [LOG] 
%cThis is a browser feature intended for developers. If someone told you to copy-paste something here to enable an Instagram feature or "hack" someone's account, it is a scam and will give them access to your Instagram account. font-family:helvetica; font-size:20px;  @ https://static.cdninstagram.com/rsrc.php/v4iqwK4/yT/l/en_US-j/CKKoD8n6EQBmICe3y3Oh6zqlATF0asnSLdTApq0kA2TOv7WOcl_GyRyMFQQMTMPZfNoYfDQnsESIGpnMMLVJszTD2JkkXTyKPMRTsaa6c_y1OvMHgcVJ4CCWK.js:537
[   50493ms] [LOG] 
%cSee https://www.facebook.com/selfxss for more information. font-family:helvetica; font-size:20px;  @ https://static.cdninstagram.com/rsrc.php/v4iqwK4/yT/l/en_US-j/CKKoD8n6EQBmICe3y3Oh6zqlATF0asnSLdTApq0kA2TOv7WOcl_GyRyMFQQMTMPZfNoYfDQnsESIGpnMMLVJszTD2JkkXTyKPMRTsaa6c_y1OvMHgcVJ4CCWK.js:537
[   50493ms] [LOG] 
%c  @ https://static.cdninstagram.com/rsrc.php/v4iqwK4/yT/l/en_US-j/CKKoD8n6EQBmICe3y3Oh6zqlATF0asnSLdTApq0kA2TOv7WOcl_GyRyMFQQMTMPZfNoYfDQnsESIGpnMMLVJszTD2JkkXTyKPMRTsaa6c_y1OvMHgcVJ4CCWK.js:537
[   50635ms] [ERROR] ErrorUtils caught an error:

GraphQL operation responded with error 4630001: Invalid module param. (Operation: PolarisStoriesV3TrayContainerQuery)
 [Caught in: unexpected]

Subsequent non-fatal errors won't be logged; see https://fburl.com/debugjs. {column: 241, clientTime: 1781060685, extra: Object, guardList: Array(0), hash: 3wdpxg} @ https://static.cdninstagram.com/rsrc.php/v4/y8/r/3h4YqOhE0YZ.js:79
[   53701ms] [ERROR] Permissions policy violation: unload is not allowed in this document. @ https://static.xx.fbcdn.net/rsrc.php/v4/yA/r/llpHPzBZ1ZW.js:241
[   59034ms] [INFO] Banner not shown: beforeinstallpromptevent.preventDefault() called. The page must call beforeinstallpromptevent.prompt() to show the banner. @ https://www.instagram.com/lupecastrophotography/:0
[   59388ms] [LOG] 
%cStop! font-family:helvetica; font-size:20px; font-size:50px; font-weight:bold; color:red; -webkit-text-stroke:1px black; @ https://static.cdninstagram.com/rsrc.php/v4iqwK4/yT/l/en_US-j/CKKoD8n6EQBmICe3y3Oh6zqlATF0asnSLdTApq0kA2TOv7WOcl_GyRyMFQQMTMPZfNoYfDQnsESIGpnMMLVJszTD2JkkXTyKPMRTsaa6c_y1OvMHgcVJ4CCWK.js:537
[   59389ms] [LOG] 
%cThis is a browser feature intended for developers. If someone told you to copy-paste something here to enable an Instagram feature or "hack" someone's account, it is a scam and will give them access to your Instagram account. font-family:helvetica; font-size:20px;  @ https://static.cdninstagram.com/rsrc.php/v4iqwK4/yT/l/en_US-j/CKKoD8n6EQBmICe3y3Oh6zqlATF0asnSLdTApq0kA2TOv7WOcl_GyRyMFQQMTMPZfNoYfDQnsESIGpnMMLVJszTD2JkkXTyKPMRTsaa6c_y1OvMHgcVJ4CCWK.js:537
[   59389ms] [LOG] 
%cSee https://www.facebook.com/selfxss for more information. font-family:helvetica; font-size:20px;  @ https://static.cdninstagram.com/rsrc.php/v4iqwK4/yT/l/en_US-j/CKKoD8n6EQBmICe3y3Oh6zqlATF0asnSLdTApq0kA2TOv7WOcl_GyRyMFQQMTMPZfNoYfDQnsESIGpnMMLVJszTD2JkkXTyKPMRTsaa6c_y1OvMHgcVJ4CCWK.js:537
[   59389ms] [LOG] 
%c  @ https://static.cdninstagram.com/rsrc.php/v4iqwK4/yT/l/en_US-j/CKKoD8n6EQBmICe3y3Oh6zqlATF0asnSLdTApq0kA2TOv7WOcl_GyRyMFQQMTMPZfNoYfDQnsESIGpnMMLVJszTD2JkkXTyKPMRTsaa6c_y1OvMHgcVJ4CCWK.js:537
[   59560ms] [ERROR] ErrorUtils caught an error:

GraphQL operation responded with error 4630001: Invalid module param. (Operation: PolarisStoriesV3TrayContainerQuery)
 [Caught in: unexpected]

Subsequent non-fatal errors won't be logged; see https://fburl.com/debugjs. {column: 241, clientTime: 1781060694, extra: Object, guardList: Array(0), hash: 3wdpxg} @ https://static.cdninstagram.com/rsrc.php/v4/y8/r/3h4YqOhE0YZ.js:79
[   62603ms] [ERROR] Permissions policy violation: unload is not allowed in this document. @ https://static.xx.fbcdn.net/rsrc.php/v4/y8/r/3h4YqOhE0YZ.js:241
[   65797ms] [INFO] Banner not shown: beforeinstallpromptevent.preventDefault() called. The page must call beforeinstallpromptevent.prompt() to show the banner. @ https://www.instagram.com/jmforddesigns/:0
[   66180ms] [LOG] 
%cStop! font-family:helvetica; font-size:20px; font-size:50px; font-weight:bold; color:red; -webkit-text-stroke:1px black; @ https://static.cdninstagram.com/rsrc.php/v4iqwK4/yT/l/en_US-j/CKKoD8n6EQBmICe3y3Oh6zqlATF0asnSLdTApq0kA2TOv7WOcl_GyRyMFQQMTMPZfNoYfDQnsESIGpnMMLVJszTD2JkkXTyKPMRTsaa6c_y1OvMHgcVJ4CCWK.js:537
[   66181ms] [LOG] 
%cThis is a browser feature intended for developers. If someone told you to copy-paste something here to enable an Instagram feature or "hack" someone's account, it is a scam and will give them access to your Instagram account. font-family:helvetica; font-size:20px;  @ https://static.cdninstagram.com/rsrc.php/v4iqwK4/yT/l/en_US-j/CKKoD8n6EQBmICe3y3Oh6zqlATF0asnSLdTApq0kA2TOv7WOcl_GyRyMFQQMTMPZfNoYfDQnsESIGpnMMLVJszTD2JkkXTyKPMRTsaa6c_y1OvMHgcVJ4CCWK.js:537
[   66182ms] [LOG] 
%cSee https://www.facebook.com/selfxss for more information. font-family:helvetica; font-size:20px;  @ https://static.cdninstagram.com/rsrc.php/v4iqwK4/yT/l/en_US-j/CKKoD8n6EQBmICe3y3Oh6zqlATF0asnSLdTApq0kA2TOv7WOcl_GyRyMFQQMTMPZfNoYfDQnsESIGpnMMLVJszTD2JkkXTyKPMRTsaa6c_y1OvMHgcVJ4CCWK.js:537
[   66183ms] [LOG] 
%c  @ https://static.cdninstagram.com/rsrc.php/v4iqwK4/yT/l/en_US-j/CKKoD8n6EQBmICe3y3Oh6zqlATF0asnSLdTApq0kA2TOv7WOcl_GyRyMFQQMTMPZfNoYfDQnsESIGpnMMLVJszTD2JkkXTyKPMRTsaa6c_y1OvMHgcVJ4CCWK.js:537
[   66344ms] [ERROR] ErrorUtils caught an error:

GraphQL operation responded with error 4630001: Invalid module param. (Operation: PolarisStoriesV3TrayContainerQuery)
 [Caught in: unexpected]

Subsequent non-fatal errors won't be logged; see https://fburl.com/debugjs. {column: 241, clientTime: 1781060701, extra: Object, guardList: Array(0), hash: 3wdpxg} @ https://static.cdninstagram.com/rsrc.php/v4/y8/r/3h4YqOhE0YZ.js:79
[   69366ms] [ERROR] Permissions policy violation: unload is not allowed in this document. @ https://static.xx.fbcdn.net/rsrc.php/v4/yA/r/llpHPzBZ1ZW.js:241
[   72622ms] [INFO] Banner not shown: beforeinstallpromptevent.preventDefault() called. The page must call beforeinstallpromptevent.prompt() to show the banner. @ https://www.instagram.com/itsqurlycue/:0
[   73002ms] [LOG] 
%cStop! font-family:helvetica; font-size:20px; font-size:50px; font-weight:bold; color:red; -webkit-text-stroke:1px black; @ https://static.cdninstagram.com/rsrc.php/v4iqwK4/yT/l/en_US-j/CKKoD8n6EQBmICe3y3Oh6zqlATF0asnSLdTApq0kA2TOv7WOcl_GyRyMFQQMTMPZfNoYfDQnsESIGpnMMLVJszTD2JkkXTyKPMRTsaa6c_y1OvMHgcVJ4CCWK.js:537
[   73002ms] [LOG] 
%cThis is a browser feature intended for developers. If someone told you to copy-paste something here to enable an Instagram feature or "hack" someone's account, it is a scam and will give them access to your Instagram account. font-family:helvetica; font-size:20px;  @ https://static.cdninstagram.com/rsrc.php/v4iqwK4/yT/l/en_US-j/CKKoD8n6EQBmICe3y3Oh6zqlATF0asnSLdTApq0kA2TOv7WOcl_GyRyMFQQMTMPZfNoYfDQnsESIGpnMMLVJszTD2JkkXTyKPMRTsaa6c_y1OvMHgcVJ4CCWK.js:537
[   73003ms] [LOG] 
%cSee https://www.facebook.com/selfxss for more information. font-family:helvetica; font-size:20px;  @ https://static.cdninstagram.com/rsrc.php/v4iqwK4/yT/l/en_US-j/CKKoD8n6EQBmICe3y3Oh6zqlATF0asnSLdTApq0kA2TOv7WOcl_GyRyMFQQMTMPZfNoYfDQnsESIGpnMMLVJszTD2JkkXTyKPMRTsaa6c_y1OvMHgcVJ4CCWK.js:537
[   73003ms] [LOG] 
%c  @ https://static.cdninstagram.com/rsrc.php/v4iqwK4/yT/l/en_US-j/CKKoD8n6EQBmICe3y3Oh6zqlATF0asnSLdTApq0kA2TOv7WOcl_GyRyMFQQMTMPZfNoYfDQnsESIGpnMMLVJszTD2JkkXTyKPMRTsaa6c_y1OvMHgcVJ4CCWK.js:537
[   73204ms] [ERROR] ErrorUtils caught an error:

GraphQL operation responded with error 4630001: Invalid module param. (Operation: PolarisStoriesV3TrayContainerQuery)
 [Caught in: unexpected]

Subsequent non-fatal errors won't be logged; see https://fburl.com/debugjs. {column: 241, clientTime: 1781060708, extra: Object, guardList: Array(0), hash: 3wdpxg} @ https://static.cdninstagram.com/rsrc.php/v4/y8/r/3h4YqOhE0YZ.js:79
[   76221ms] [ERROR] Permissions policy violation: unload is not allowed in this document. @ https://static.xx.fbcdn.net/rsrc.php/v4/y8/r/3h4YqOhE0YZ.js:241
[   85001ms] [INFO] Banner not shown: beforeinstallpromptevent.preventDefault() called. The page must call beforeinstallpromptevent.prompt() to show the banner. @ https://www.instagram.com/kirakirakat/:0
[   85372ms] [LOG] 
%cStop! font-family:helvetica; font-size:20px; font-size:50px; font-weight:bold; color:red; -webkit-text-stroke:1px black; @ https://static.cdninstagram.com/rsrc.php/v4iqwK4/yT/l/en_US-j/CKKoD8n6EQBmICe3y3Oh6zqlATF0asnSLdTApq0kA2TOv7WOcl_GyRyMFQQMTMPZfNoYfDQnsESIGpnMMLVJszTD2JkkXTyKPMRTsaa6c_y1OvMHgcVJ4CCWK.js:537
[   85372ms] [LOG] 
%cThis is a browser feature intended for developers. If someone told you to copy-paste something here to enable an Instagram feature or "hack" someone's account, it is a scam and will give them access to your Instagram account. font-family:helvetica; font-size:20px;  @ https://static.cdninstagram.com/rsrc.php/v4iqwK4/yT/l/en_US-j/CKKoD8n6EQBmICe3y3Oh6zqlATF0asnSLdTApq0kA2TOv7WOcl_GyRyMFQQMTMPZfNoYfDQnsESIGpnMMLVJszTD2JkkXTyKPMRTsaa6c_y1OvMHgcVJ4CCWK.js:537
[   85373ms] [LOG] 
%cSee https://www.facebook.com/selfxss for more information. font-family:helvetica; font-size:20px;  @ https://static.cdninstagram.com/rsrc.php/v4iqwK4/yT/l/en_US-j/CKKoD8n6EQBmICe3y3Oh6zqlATF0asnSLdTApq0kA2TOv7WOcl_GyRyMFQQMTMPZfNoYfDQnsESIGpnMMLVJszTD2JkkXTyKPMRTsaa6c_y1OvMHgcVJ4CCWK.js:537
[   85373ms] [LOG] 
%c  @ https://static.cdninstagram.com/rsrc.php/v4iqwK4/yT/l/en_US-j/CKKoD8n6EQBmICe3y3Oh6zqlATF0asnSLdTApq0kA2TOv7WOcl_GyRyMFQQMTMPZfNoYfDQnsESIGpnMMLVJszTD2JkkXTyKPMRTsaa6c_y1OvMHgcVJ4CCWK.js:537
[   85546ms] [ERROR] ErrorUtils caught an error:

GraphQL operation responded with error 4630001: Invalid module param. (Operation: PolarisStoriesV3TrayContainerQuery)
 [Caught in: unexpected]

Subsequent non-fatal errors won't be logged; see https://fburl.com/debugjs. {column: 241, clientTime: 1781060720, extra: Object, guardList: Array(0), hash: 3wdpxg} @ https://static.cdninstagram.com/rsrc.php/v4/y8/r/3h4YqOhE0YZ.js:79
[   88557ms] [ERROR] Permissions policy violation: unload is not allowed in this document. @ https://static.xx.fbcdn.net/rsrc.php/v4/yA/r/llpHPzBZ1ZW.js:241
[   94681ms] [INFO] Banner not shown: beforeinstallpromptevent.preventDefault() called. The page must call beforeinstallpromptevent.prompt() to show the banner. @ https://www.instagram.com/digent.ink/:0
[   95006ms] [LOG] 
%cStop! font-family:helvetica; font-size:20px; font-size:50px; font-weight:bold; color:red; -webkit-text-stroke:1px black; @ https://static.cdninstagram.com/rsrc.php/v4iqwK4/yT/l/en_US-j/CKKoD8n6EQBmICe3y3Oh6zqlATF0asnSLdTApq0kA2TOv7WOcl_GyRyMFQQMTMPZfNoYfDQnsESIGpnMMLVJszTD2JkkXTyKPMRTsaa6c_y1OvMHgcVJ4CCWK.js:537
[   95009ms] [LOG] 
%cThis is a browser feature intended for developers. If someone told you to copy-paste something here to enable an Instagram feature or "hack" someone's account, it is a scam and will give them access to your Instagram account. font-family:helvetica; font-size:20px;  @ https://static.cdninstagram.com/rsrc.php/v4iqwK4/yT/l/en_US-j/CKKoD8n6EQBmICe3y3Oh6zqlATF0asnSLdTApq0kA2TOv7WOcl_GyRyMFQQMTMPZfNoYfDQnsESIGpnMMLVJszTD2JkkXTyKPMRTsaa6c_y1OvMHgcVJ4CCWK.js:537
[   95009ms] [LOG] 
%cSee https://www.facebook.com/selfxss for more information. font-family:helvetica; font-size:20px;  @ https://static.cdninstagram.com/rsrc.php/v4iqwK4/yT/l/en_US-j/CKKoD8n6EQBmICe3y3Oh6zqlATF0asnSLdTApq0kA2TOv7WOcl_GyRyMFQQMTMPZfNoYfDQnsESIGpnMMLVJszTD2JkkXTyKPMRTsaa6c_y1OvMHgcVJ4CCWK.js:537
[   95009ms] [LOG] 
%c  @ https://static.cdninstagram.com/rsrc.php/v4iqwK4/yT/l/en_US-j/CKKoD8n6EQBmICe3y3Oh6zqlATF0asnSLdTApq0kA2TOv7WOcl_GyRyMFQQMTMPZfNoYfDQnsESIGpnMMLVJszTD2JkkXTyKPMRTsaa6c_y1OvMHgcVJ4CCWK.js:537
[   95168ms] [ERROR] ErrorUtils caught an error:

GraphQL operation responded with error 4630001: Invalid module param. (Operation: PolarisStoriesV3TrayContainerQuery)
 [Caught in: unexpected]

Subsequent non-fatal errors won't be logged; see https://fburl.com/debugjs. {column: 241, clientTime: 1781060730, extra: Object, guardList: Array(0), hash: 3wdpxg} @ https://static.cdninstagram.com/rsrc.php/v4/y8/r/3h4YqOhE0YZ.js:79
[   98199ms] [ERROR] Permissions policy violation: unload is not allowed in this document. @ https://static.xx.fbcdn.net/rsrc.php/v4/yA/r/llpHPzBZ1ZW.js:241
[  101598ms] [INFO] Banner not shown: beforeinstallpromptevent.preventDefault() called. The page must call beforeinstallpromptevent.prompt() to show the banner. @ https://www.instagram.com/projectpat/:0
[  101881ms] [LOG] 
%cStop! font-family:helvetica; font-size:20px; font-size:50px; font-weight:bold; color:red; -webkit-text-stroke:1px black; @ https://static.cdninstagram.com/rsrc.php/v4iqwK4/yT/l/en_US-j/CKKoD8n6EQBmICe3y3Oh6zqlATF0asnSLdTApq0kA2TOv7WOcl_GyRyMFQQMTMPZfNoYfDQnsESIGpnMMLVJszTD2JkkXTyKPMRTsaa6c_y1OvMHgcVJ4CCWK.js:537
[  101881ms] [LOG] 
%cThis is a browser feature intended for developers. If someone told you to copy-paste something here to enable an Instagram feature or "hack" someone's account, it is a scam and will give them access to your Instagram account. font-family:helvetica; font-size:20px;  @ https://static.cdninstagram.com/rsrc.php/v4iqwK4/yT/l/en_US-j/CKKoD8n6EQBmICe3y3Oh6zqlATF0asnSLdTApq0kA2TOv7WOcl_GyRyMFQQMTMPZfNoYfDQnsESIGpnMMLVJszTD2JkkXTyKPMRTsaa6c_y1OvMHgcVJ4CCWK.js:537
[  101881ms] [LOG] 
%cSee https://www.facebook.com/selfxss for more information. font-family:helvetica; font-size:20px;  @ https://static.cdninstagram.com/rsrc.php/v4iqwK4/yT/l/en_US-j/CKKoD8n6EQBmICe3y3Oh6zqlATF0asnSLdTApq0kA2TOv7WOcl_GyRyMFQQMTMPZfNoYfDQnsESIGpnMMLVJszTD2JkkXTyKPMRTsaa6c_y1OvMHgcVJ4CCWK.js:537
[  101882ms] [LOG] 
%c  @ https://static.cdninstagram.com/rsrc.php/v4iqwK4/yT/l/en_US-j/CKKoD8n6EQBmICe3y3Oh6zqlATF0asnSLdTApq0kA2TOv7WOcl_GyRyMFQQMTMPZfNoYfDQnsESIGpnMMLVJszTD2JkkXTyKPMRTsaa6c_y1OvMHgcVJ4CCWK.js:537
[  102025ms] [ERROR] ErrorUtils caught an error:

GraphQL operation responded with error 4630001: Invalid module param. (Operation: PolarisStoriesV3TrayContainerQuery)
 [Caught in: unexpected]

Subsequent non-fatal errors won't be logged; see https://fburl.com/debugjs. {column: 241, clientTime: 1781060737, extra: Object, guardList: Array(0), hash: 3wdpxg} @ https://static.cdninstagram.com/rsrc.php/v4/y8/r/3h4YqOhE0YZ.js:79
[  105051ms] [ERROR] Permissions policy violation: unload is not allowed in this document. @ https://static.xx.fbcdn.net/rsrc.php/v4/yA/r/llpHPzBZ1ZW.js:241
[  109433ms] [INFO] Banner not shown: beforeinstallpromptevent.preventDefault() called. The page must call beforeinstallpromptevent.prompt() to show the banner. @ https://www.instagram.com/stacylmatthews/:0
[  110125ms] [LOG] 
%cStop! font-family:helvetica; font-size:20px; font-size:50px; font-weight:bold; color:red; -webkit-text-stroke:1px black; @ https://static.cdninstagram.com/rsrc.php/v4iqwK4/yT/l/en_US-j/CKKoD8n6EQBmICe3y3Oh6zqlATF0asnSLdTApq0kA2TOv7WOcl_GyRyMFQQMTMPZfNoYfDQnsESIGpnMMLVJszTD2JkkXTyKPMRTsaa6c_y1OvMHgcVJ4CCWK.js:537
[  110125ms] [LOG] 
%cThis is a browser feature intended for developers. If someone told you to copy-paste something here to enable an Instagram feature or "hack" someone's account, it is a scam and will give them access to your Instagram account. font-family:helvetica; font-size:20px;  @ https://static.cdninstagram.com/rsrc.php/v4iqwK4/yT/l/en_US-j/CKKoD8n6EQBmICe3y3Oh6zqlATF0asnSLdTApq0kA2TOv7WOcl_GyRyMFQQMTMPZfNoYfDQnsESIGpnMMLVJszTD2JkkXTyKPMRTsaa6c_y1OvMHgcVJ4CCWK.js:537
[  110126ms] [LOG] 
%cSee https://www.facebook.com/selfxss for more information. font-family:helvetica; font-size:20px;  @ https://static.cdninstagram.com/rsrc.php/v4iqwK4/yT/l/en_US-j/CKKoD8n6EQBmICe3y3Oh6zqlATF0asnSLdTApq0kA2TOv7WOcl_GyRyMFQQMTMPZfNoYfDQnsESIGpnMMLVJszTD2JkkXTyKPMRTsaa6c_y1OvMHgcVJ4CCWK.js:537
[  110126ms] [LOG] 
%c  @ https://static.cdninstagram.com/rsrc.php/v4iqwK4/yT/l/en_US-j/CKKoD8n6EQBmICe3y3Oh6zqlATF0asnSLdTApq0kA2TOv7WOcl_GyRyMFQQMTMPZfNoYfDQnsESIGpnMMLVJszTD2JkkXTyKPMRTsaa6c_y1OvMHgcVJ4CCWK.js:537
[  110300ms] [ERROR] ErrorUtils caught an error:

GraphQL operation responded with error 4630001: Invalid module param. (Operation: PolarisStoriesV3TrayContainerQuery)
 [Caught in: unexpected]

Subsequent non-fatal errors won't be logged; see https://fburl.com/debugjs. {column: 241, clientTime: 1781060745, extra: Object, guardList: Array(0), hash: 3wdpxg} @ https://static.cdninstagram.com/rsrc.php/v4/y8/r/3h4YqOhE0YZ.js:79
[  112147ms] [LOG] 
%cStop! font-family:helvetica; font-size:20px; font-size:50px; font-weight:bold; color:red; -webkit-text-stroke:1px black; @ https://static.cdninstagram.com/rsrc.php/v4i8iB4/yg/l/en_US-j/dTApq0kA2TOv7WOcl_GyRyMFQQMTMPZfNoYfDQnsESIGTsaa6c_y1Ov0FbROOjSCWMC4fHGZPlv6rTGHskmxiWfm19JIBMpvbDr9aUyD2ha4Ta_2mxykuiW-v0MgvGFgTubtGa_18N7y_wfidQMhm2UXA2rrCxjEFdRGjiFGHh9ozlMI64oxaJD-bMV1zrNvhsc-jaOuxqSKnm9UbXofocMwkJXyIKxAiusmbNiolQ_GXCJLbUoLqllHVDFQqoHyzVzN2il_s172D1_ZhzkphhshD5-sc1yxdkJx4O5NrpKzMGU-W7GsTMMsiJC02ez.js:219
[  112147ms] [LOG] 
%cThis is a browser feature intended for developers. If someone told you to copy-paste something here to enable an Instagram feature or "hack" someone's account, it is a scam and will give them access to your Instagram account. font-family:helvetica; font-size:20px;  @ https://static.cdninstagram.com/rsrc.php/v4i8iB4/yg/l/en_US-j/dTApq0kA2TOv7WOcl_GyRyMFQQMTMPZfNoYfDQnsESIGTsaa6c_y1Ov0FbROOjSCWMC4fHGZPlv6rTGHskmxiWfm19JIBMpvbDr9aUyD2ha4Ta_2mxykuiW-v0MgvGFgTubtGa_18N7y_wfidQMhm2UXA2rrCxjEFdRGjiFGHh9ozlMI64oxaJD-bMV1zrNvhsc-jaOuxqSKnm9UbXofocMwkJXyIKxAiusmbNiolQ_GXCJLbUoLqllHVDFQqoHyzVzN2il_s172D1_ZhzkphhshD5-sc1yxdkJx4O5NrpKzMGU-W7GsTMMsiJC02ez.js:219
[  112147ms] [LOG] 
%cSee https://www.facebook.com/selfxss for more information. font-family:helvetica; font-size:20px;  @ https://static.cdninstagram.com/rsrc.php/v4i8iB4/yg/l/en_US-j/dTApq0kA2TOv7WOcl_GyRyMFQQMTMPZfNoYfDQnsESIGTsaa6c_y1Ov0FbROOjSCWMC4fHGZPlv6rTGHskmxiWfm19JIBMpvbDr9aUyD2ha4Ta_2mxykuiW-v0MgvGFgTubtGa_18N7y_wfidQMhm2UXA2rrCxjEFdRGjiFGHh9ozlMI64oxaJD-bMV1zrNvhsc-jaOuxqSKnm9UbXofocMwkJXyIKxAiusmbNiolQ_GXCJLbUoLqllHVDFQqoHyzVzN2il_s172D1_ZhzkphhshD5-sc1yxdkJx4O5NrpKzMGU-W7GsTMMsiJC02ez.js:219
[  112148ms] [LOG] 
%c  @ https://static.cdninstagram.com/rsrc.php/v4i8iB4/yg/l/en_US-j/dTApq0kA2TOv7WOcl_GyRyMFQQMTMPZfNoYfDQnsESIGTsaa6c_y1Ov0FbROOjSCWMC4fHGZPlv6rTGHskmxiWfm19JIBMpvbDr9aUyD2ha4Ta_2mxykuiW-v0MgvGFgTubtGa_18N7y_wfidQMhm2UXA2rrCxjEFdRGjiFGHh9ozlMI64oxaJD-bMV1zrNvhsc-jaOuxqSKnm9UbXofocMwkJXyIKxAiusmbNiolQ_GXCJLbUoLqllHVDFQqoHyzVzN2il_s172D1_ZhzkphhshD5-sc1yxdkJx4O5NrpKzMGU-W7GsTMMsiJC02ez.js:219
[  112295ms] [ERROR] ErrorUtils caught an error:

GraphQL operation responded with error 4630001: Invalid module param. (Operation: PolarisStoriesV3TrayContainerQuery)
 [Caught in: unexpected]

Subsequent non-fatal errors won't be logged; see https://fburl.com/debugjs. {column: 241, clientTime: 1781060747, extra: Object, guardList: Array(0), hash: kvyt2o} @ https://static.cdninstagram.com/rsrc.php/v4/y8/r/3h4YqOhE0YZ.js:79
[  114430ms] [INFO] Banner not shown: beforeinstallpromptevent.preventDefault() called. The page must call beforeinstallpromptevent.prompt() to show the banner. @ https://www.instagram.com/theugccreatorolivia/:0
[  114603ms] [LOG] 
%cStop! font-family:helvetica; font-size:20px; font-size:50px; font-weight:bold; color:red; -webkit-text-stroke:1px black; @ https://static.cdninstagram.com/rsrc.php/v4iqwK4/yT/l/en_US-j/CKKoD8n6EQBmICe3y3Oh6zqlATF0asnSLdTApq0kA2TOv7WOcl_GyRyMFQQMTMPZfNoYfDQnsESIGpnMMLVJszTD2JkkXTyKPMRTsaa6c_y1OvMHgcVJ4CCWK.js:537
[  114603ms] [LOG] 
%cThis is a browser feature intended for developers. If someone told you to copy-paste something here to enable an Instagram feature or "hack" someone's account, it is a scam and will give them access to your Instagram account. font-family:helvetica; font-size:20px;  @ https://static.cdninstagram.com/rsrc.php/v4iqwK4/yT/l/en_US-j/CKKoD8n6EQBmICe3y3Oh6zqlATF0asnSLdTApq0kA2TOv7WOcl_GyRyMFQQMTMPZfNoYfDQnsESIGpnMMLVJszTD2JkkXTyKPMRTsaa6c_y1OvMHgcVJ4CCWK.js:537
[  114604ms] [LOG] 
%cSee https://www.facebook.com/selfxss for more information. font-family:helvetica; font-size:20px;  @ https://static.cdninstagram.com/rsrc.php/v4iqwK4/yT/l/en_US-j/CKKoD8n6EQBmICe3y3Oh6zqlATF0asnSLdTApq0kA2TOv7WOcl_GyRyMFQQMTMPZfNoYfDQnsESIGpnMMLVJszTD2JkkXTyKPMRTsaa6c_y1OvMHgcVJ4CCWK.js:537
[  114604ms] [LOG] 
%c  @ https://static.cdninstagram.com/rsrc.php/v4iqwK4/yT/l/en_US-j/CKKoD8n6EQBmICe3y3Oh6zqlATF0asnSLdTApq0kA2TOv7WOcl_GyRyMFQQMTMPZfNoYfDQnsESIGpnMMLVJszTD2JkkXTyKPMRTsaa6c_y1OvMHgcVJ4CCWK.js:537
[  115072ms] [ERROR] ErrorUtils caught an error:

GraphQL operation responded with error 4630001: Invalid module param. (Operation: PolarisStoriesV3TrayContainerQuery)
 [Caught in: unexpected]

Subsequent non-fatal errors won't be logged; see https://fburl.com/debugjs. {column: 241, clientTime: 1781060750, extra: Object, guardList: Array(0), hash: 3wdpxg} @ https://static.cdninstagram.com/rsrc.php/v4/y8/r/3h4YqOhE0YZ.js:79
[  116944ms] [INFO] Banner not shown: beforeinstallpromptevent.preventDefault() called. The page must call beforeinstallpromptevent.prompt() to show the banner. @ https://www.instagram.com/itsqurlycue/:0
[  117345ms] [LOG] 
%cStop! font-family:helvetica; font-size:20px; font-size:50px; font-weight:bold; color:red; -webkit-text-stroke:1px black; @ https://static.cdninstagram.com/rsrc.php/v4iqwK4/yT/l/en_US-j/CKKoD8n6EQBmICe3y3Oh6zqlATF0asnSLdTApq0kA2TOv7WOcl_GyRyMFQQMTMPZfNoYfDQnsESIGpnMMLVJszTD2JkkXTyKPMRTsaa6c_y1OvMHgcVJ4CCWK.js:537
[  117345ms] [LOG] 
%cThis is a browser feature intended for developers. If someone told you to copy-paste something here to enable an Instagram feature or "hack" someone's account, it is a scam and will give them access to your Instagram account. font-family:helvetica; font-size:20px;  @ https://static.cdninstagram.com/rsrc.php/v4iqwK4/yT/l/en_US-j/CKKoD8n6EQBmICe3y3Oh6zqlATF0asnSLdTApq0kA2TOv7WOcl_GyRyMFQQMTMPZfNoYfDQnsESIGpnMMLVJszTD2JkkXTyKPMRTsaa6c_y1OvMHgcVJ4CCWK.js:537
[  117345ms] [LOG] 
%cSee https://www.facebook.com/selfxss for more information. font-family:helvetica; font-size:20px;  @ https://static.cdninstagram.com/rsrc.php/v4iqwK4/yT/l/en_US-j/CKKoD8n6EQBmICe3y3Oh6zqlATF0asnSLdTApq0kA2TOv7WOcl_GyRyMFQQMTMPZfNoYfDQnsESIGpnMMLVJszTD2JkkXTyKPMRTsaa6c_y1OvMHgcVJ4CCWK.js:537
[  117345ms] [LOG] 
%c  @ https://static.cdninstagram.com/rsrc.php/v4iqwK4/yT/l/en_US-j/CKKoD8n6EQBmICe3y3Oh6zqlATF0asnSLdTApq0kA2TOv7WOcl_GyRyMFQQMTMPZfNoYfDQnsESIGpnMMLVJszTD2JkkXTyKPMRTsaa6c_y1OvMHgcVJ4CCWK.js:537
[  117493ms] [ERROR] ErrorUtils caught an error:

GraphQL operation responded with error 4630001: Invalid module param. (Operation: PolarisStoriesV3TrayContainerQuery)
 [Caught in: unexpected]

Subsequent non-fatal errors won't be logged; see https://fburl.com/debugjs. {column: 241, clientTime: 1781060752, extra: Object, guardList: Array(0), hash: 3wdpxg} @ https://static.cdninstagram.com/rsrc.php/v4/y8/r/3h4YqOhE0YZ.js:79
[  119534ms] [INFO] Banner not shown: beforeinstallpromptevent.preventDefault() called. The page must call beforeinstallpromptevent.prompt() to show the banner. @ https://www.instagram.com/kirakirakat/:0
[  120038ms] [LOG] 
%cStop! font-family:helvetica; font-size:20px; font-size:50px; font-weight:bold; color:red; -webkit-text-stroke:1px black; @ https://static.cdninstagram.com/rsrc.php/v4iqwK4/yT/l/en_US-j/CKKoD8n6EQBmICe3y3Oh6zqlATF0asnSLdTApq0kA2TOv7WOcl_GyRyMFQQMTMPZfNoYfDQnsESIGpnMMLVJszTD2JkkXTyKPMRTsaa6c_y1OvMHgcVJ4CCWK.js:537
[  120038ms] [LOG] 
%cThis is a browser feature intended for developers. If someone told you to copy-paste something here to enable an Instagram feature or "hack" someone's account, it is a scam and will give them access to your Instagram account. font-family:helvetica; font-size:20px;  @ https://static.cdninstagram.com/rsrc.php/v4iqwK4/yT/l/en_US-j/CKKoD8n6EQBmICe3y3Oh6zqlATF0asnSLdTApq0kA2TOv7WOcl_GyRyMFQQMTMPZfNoYfDQnsESIGpnMMLVJszTD2JkkXTyKPMRTsaa6c_y1OvMHgcVJ4CCWK.js:537
[  120038ms] [LOG] 
%cSee https://www.facebook.com/selfxss for more information. font-family:helvetica; font-size:20px;  @ https://static.cdninstagram.com/rsrc.php/v4iqwK4/yT/l/en_US-j/CKKoD8n6EQBmICe3y3Oh6zqlATF0asnSLdTApq0kA2TOv7WOcl_GyRyMFQQMTMPZfNoYfDQnsESIGpnMMLVJszTD2JkkXTyKPMRTsaa6c_y1OvMHgcVJ4CCWK.js:537
[  120038ms] [LOG] 
%c  @ https://static.cdninstagram.com/rsrc.php/v4iqwK4/yT/l/en_US-j/CKKoD8n6EQBmICe3y3Oh6zqlATF0asnSLdTApq0kA2TOv7WOcl_GyRyMFQQMTMPZfNoYfDQnsESIGpnMMLVJszTD2JkkXTyKPMRTsaa6c_y1OvMHgcVJ4CCWK.js:537
[  120229ms] [ERROR] ErrorUtils caught an error:

GraphQL operation responded with error 4630001: Invalid module param. (Operation: PolarisStoriesV3TrayContainerQuery)
 [Caught in: unexpected]

Subsequent non-fatal errors won't be logged; see https://fburl.com/debugjs. {column: 241, clientTime: 1781060755, extra: Object, guardList: Array(0), hash: 3wdpxg} @ https://static.cdninstagram.com/rsrc.php/v4/y8/r/3h4YqOhE0YZ.js:79
[  123206ms] [ERROR] Permissions policy violation: unload is not allowed in this document. @ https://static.xx.fbcdn.net/rsrc.php/v4/yA/r/llpHPzBZ1ZW.js:241
[  126651ms] [INFO] Banner not shown: beforeinstallpromptevent.preventDefault() called. The page must call beforeinstallpromptevent.prompt() to show the banner. @ https://www.instagram.com/lallysellwane_madia/:0
[  127069ms] [LOG] 
%cStop! font-family:helvetica; font-size:20px; font-size:50px; font-weight:bold; color:red; -webkit-text-stroke:1px black; @ https://static.cdninstagram.com/rsrc.php/v4iqwK4/yT/l/en_US-j/CKKoD8n6EQBmICe3y3Oh6zqlATF0asnSLdTApq0kA2TOv7WOcl_GyRyMFQQMTMPZfNoYfDQnsESIGpnMMLVJszTD2JkkXTyKPMRTsaa6c_y1OvMHgcVJ4CCWK.js:537
[  127070ms] [LOG] 
%cThis is a browser feature intended for developers. If someone told you to copy-paste something here to enable an Instagram feature or "hack" someone's account, it is a scam and will give them access to your Instagram account. font-family:helvetica; font-size:20px;  @ https://static.cdninstagram.com/rsrc.php/v4iqwK4/yT/l/en_US-j/CKKoD8n6EQBmICe3y3Oh6zqlATF0asnSLdTApq0kA2TOv7WOcl_GyRyMFQQMTMPZfNoYfDQnsESIGpnMMLVJszTD2JkkXTyKPMRTsaa6c_y1OvMHgcVJ4CCWK.js:537
[  127070ms] [LOG] 
%cSee https://www.facebook.com/selfxss for more information. font-family:helvetica; font-size:20px;  @ https://static.cdninstagram.com/rsrc.php/v4iqwK4/yT/l/en_US-j/CKKoD8n6EQBmICe3y3Oh6zqlATF0asnSLdTApq0kA2TOv7WOcl_GyRyMFQQMTMPZfNoYfDQnsESIGpnMMLVJszTD2JkkXTyKPMRTsaa6c_y1OvMHgcVJ4CCWK.js:537
[  127070ms] [LOG] 
%c  @ https://static.cdninstagram.com/rsrc.php/v4iqwK4/yT/l/en_US-j/CKKoD8n6EQBmICe3y3Oh6zqlATF0asnSLdTApq0kA2TOv7WOcl_GyRyMFQQMTMPZfNoYfDQnsESIGpnMMLVJszTD2JkkXTyKPMRTsaa6c_y1OvMHgcVJ4CCWK.js:537
[  127259ms] [ERROR] ErrorUtils caught an error:

GraphQL operation responded with error 4630001: Invalid module param. (Operation: PolarisStoriesV3TrayContainerQuery)
 [Caught in: unexpected]

Subsequent non-fatal errors won't be logged; see https://fburl.com/debugjs. {column: 241, clientTime: 1781060762, extra: Object, guardList: Array(0), hash: 3wdpxg} @ https://static.cdninstagram.com/rsrc.php/v4/y8/r/3h4YqOhE0YZ.js:79
[  130290ms] [ERROR] Permissions policy violation: unload is not allowed in this document. @ https://static.xx.fbcdn.net/rsrc.php/v4/yA/r/llpHPzBZ1ZW.js:241
