[     677ms] [INFO] Banner not shown: beforeinstallpromptevent.preventDefault() called. The page must call beforeinstallpromptevent.prompt() to show the banner. @ https://www.instagram.com/sophieandlili/:0
[     716ms] [ERROR] ErrorUtils caught an error:

GraphQL operation responded with error 4630001: Invalid module param. (Operation: PolarisStoriesV3TrayContainerQuery)
 [Caught in: unexpected]

Subsequent non-fatal errors won't be logged; see https://fburl.com/debugjs. {column: 241, clientTime: 1781060767, extra: Object, guardList: Array(0), hash: 3wdpxg} @ https://static.cdninstagram.com/rsrc.php/v4/y8/r/3h4YqOhE0YZ.js:79
[     898ms] [LOG] 
%cStop! font-family:helvetica; font-size:20px; font-size:50px; font-weight:bold; color:red; -webkit-text-stroke:1px black; @ https://static.cdninstagram.com/rsrc.php/v4iqwK4/yT/l/en_US-j/CKKoD8n6EQBmICe3y3Oh6zqlATF0asnSLdTApq0kA2TOv7WOcl_GyRyMFQQMTMPZfNoYfDQnsESIGpnMMLVJszTD2JkkXTyKPMRTsaa6c_y1OvMHgcVJ4CCWK.js:537
[     898ms] [LOG] 
%cThis is a browser feature intended for developers. If someone told you to copy-paste something here to enable an Instagram feature or "hack" someone's account, it is a scam and will give them access to your Instagram account. font-family:helvetica; font-size:20px;  @ https://static.cdninstagram.com/rsrc.php/v4iqwK4/yT/l/en_US-j/CKKoD8n6EQBmICe3y3Oh6zqlATF0asnSLdTApq0kA2TOv7WOcl_GyRyMFQQMTMPZfNoYfDQnsESIGpnMMLVJszTD2JkkXTyKPMRTsaa6c_y1OvMHgcVJ4CCWK.js:537
[     898ms] [LOG] 
%cSee https://www.facebook.com/selfxss for more information. font-family:helvetica; font-size:20px;  @ https://static.cdninstagram.com/rsrc.php/v4iqwK4/yT/l/en_US-j/CKKoD8n6EQBmICe3y3Oh6zqlATF0asnSLdTApq0kA2TOv7WOcl_GyRyMFQQMTMPZfNoYfDQnsESIGpnMMLVJszTD2JkkXTyKPMRTsaa6c_y1OvMHgcVJ4CCWK.js:537
[     898ms] [LOG] 
%c  @ https://static.cdninstagram.com/rsrc.php/v4iqwK4/yT/l/en_US-j/CKKoD8n6EQBmICe3y3Oh6zqlATF0asnSLdTApq0kA2TOv7WOcl_GyRyMFQQMTMPZfNoYfDQnsESIGpnMMLVJszTD2JkkXTyKPMRTsaa6c_y1OvMHgcVJ4CCWK.js:537
[    2611ms] [INFO] Banner not shown: beforeinstallpromptevent.preventDefault() called. The page must call beforeinstallpromptevent.prompt() to show the banner. @ https://www.instagram.com/emscottla/:0
[    2636ms] [LOG] 
%cStop! font-family:helvetica; font-size:20px; font-size:50px; font-weight:bold; color:red; -webkit-text-stroke:1px black; @ https://static.cdninstagram.com/rsrc.php/v4iqwK4/yT/l/en_US-j/CKKoD8n6EQBmICe3y3Oh6zqlATF0asnSLdTApq0kA2TOv7WOcl_GyRyMFQQMTMPZfNoYfDQnsESIGpnMMLVJszTD2JkkXTyKPMRTsaa6c_y1OvMHgcVJ4CCWK.js:537
[    2636ms] [LOG] 
%cThis is a browser feature intended for developers. If someone told you to copy-paste something here to enable an Instagram feature or "hack" someone's account, it is a scam and will give them access to your Instagram account. font-family:helvetica; font-size:20px;  @ https://static.cdninstagram.com/rsrc.php/v4iqwK4/yT/l/en_US-j/CKKoD8n6EQBmICe3y3Oh6zqlATF0asnSLdTApq0kA2TOv7WOcl_GyRyMFQQMTMPZfNoYfDQnsESIGpnMMLVJszTD2JkkXTyKPMRTsaa6c_y1OvMHgcVJ4CCWK.js:537
[    2636ms] [LOG] 
%cSee https://www.facebook.com/selfxss for more information. font-family:helvetica; font-size:20px;  @ https://static.cdninstagram.com/rsrc.php/v4iqwK4/yT/l/en_US-j/CKKoD8n6EQBmICe3y3Oh6zqlATF0asnSLdTApq0kA2TOv7WOcl_GyRyMFQQMTMPZfNoYfDQnsESIGpnMMLVJszTD2JkkXTyKPMRTsaa6c_y1OvMHgcVJ4CCWK.js:537
[    2636ms] [LOG] 
%c  @ https://static.cdninstagram.com/rsrc.php/v4iqwK4/yT/l/en_US-j/CKKoD8n6EQBmICe3y3Oh6zqlATF0asnSLdTApq0kA2TOv7WOcl_GyRyMFQQMTMPZfNoYfDQnsESIGpnMMLVJszTD2JkkXTyKPMRTsaa6c_y1OvMHgcVJ4CCWK.js:537
[    2775ms] [ERROR] ErrorUtils caught an error:

GraphQL operation responded with error 4630001: Invalid module param. (Operation: PolarisStoriesV3TrayContainerQuery)
 [Caught in: unexpected]

Subsequent non-fatal errors won't be logged; see https://fburl.com/debugjs. {column: 241, clientTime: 1781060769, extra: Object, guardList: Array(0), hash: 3wdpxg} @ https://static.cdninstagram.com/rsrc.php/v4/y8/r/3h4YqOhE0YZ.js:79
[    5952ms] [ERROR] Permissions policy violation: unload is not allowed in this document. @ https://static.xx.fbcdn.net/rsrc.php/v4/yA/r/llpHPzBZ1ZW.js:241
[    8652ms] [INFO] Banner not shown: beforeinstallpromptevent.preventDefault() called. The page must call beforeinstallpromptevent.prompt() to show the banner. @ https://www.instagram.com/nikashiyan.art/:0
[    8806ms] [ERROR] ErrorUtils caught an error:

GraphQL operation responded with error 4630001: Invalid module param. (Operation: PolarisStoriesV3TrayContainerQuery)
 [Caught in: unexpected]

Subsequent non-fatal errors won't be logged; see https://fburl.com/debugjs. {column: 241, clientTime: 1781060775, extra: Object, guardList: Array(0), hash: 3wdpxg} @ https://static.cdninstagram.com/rsrc.php/v4/y8/r/3h4YqOhE0YZ.js:79
[    8904ms] [LOG] 
%cStop! font-family:helvetica; font-size:20px; font-size:50px; font-weight:bold; color:red; -webkit-text-stroke:1px black; @ https://static.cdninstagram.com/rsrc.php/v4iqwK4/yT/l/en_US-j/CKKoD8n6EQBmICe3y3Oh6zqlATF0asnSLdTApq0kA2TOv7WOcl_GyRyMFQQMTMPZfNoYfDQnsESIGpnMMLVJszTD2JkkXTyKPMRTsaa6c_y1OvMHgcVJ4CCWK.js:537
[    8904ms] [LOG] 
%cThis is a browser feature intended for developers. If someone told you to copy-paste something here to enable an Instagram feature or "hack" someone's account, it is a scam and will give them access to your Instagram account. font-family:helvetica; font-size:20px;  @ https://static.cdninstagram.com/rsrc.php/v4iqwK4/yT/l/en_US-j/CKKoD8n6EQBmICe3y3Oh6zqlATF0asnSLdTApq0kA2TOv7WOcl_GyRyMFQQMTMPZfNoYfDQnsESIGpnMMLVJszTD2JkkXTyKPMRTsaa6c_y1OvMHgcVJ4CCWK.js:537
[    8904ms] [LOG] 
%cSee https://www.facebook.com/selfxss for more information. font-family:helvetica; font-size:20px;  @ https://static.cdninstagram.com/rsrc.php/v4iqwK4/yT/l/en_US-j/CKKoD8n6EQBmICe3y3Oh6zqlATF0asnSLdTApq0kA2TOv7WOcl_GyRyMFQQMTMPZfNoYfDQnsESIGpnMMLVJszTD2JkkXTyKPMRTsaa6c_y1OvMHgcVJ4CCWK.js:537
[    8904ms] [LOG] 
%c  @ https://static.cdninstagram.com/rsrc.php/v4iqwK4/yT/l/en_US-j/CKKoD8n6EQBmICe3y3Oh6zqlATF0asnSLdTApq0kA2TOv7WOcl_GyRyMFQQMTMPZfNoYfDQnsESIGpnMMLVJszTD2JkkXTyKPMRTsaa6c_y1OvMHgcVJ4CCWK.js:537
[   12060ms] [ERROR] Permissions policy violation: unload is not allowed in this document. @ https://static.xx.fbcdn.net/rsrc.php/v4/yA/r/llpHPzBZ1ZW.js:241
