[    1191ms] [LOG] 
%cStop! font-family:helvetica; font-size:20px; font-size:50px; font-weight:bold; color:red; -webkit-text-stroke:1px black; @ https://static.cdninstagram.com/rsrc.php/v4/yA/r/llpHPzBZ1ZW.js:245
[    1192ms] [LOG] 
%cThis is a browser feature intended for developers. If someone told you to copy-paste something here to enable an Instagram feature or "hack" someone's account, it is a scam and will give them access to your Instagram account. font-family:helvetica; font-size:20px;  @ https://static.cdninstagram.com/rsrc.php/v4/yA/r/llpHPzBZ1ZW.js:245
[    1192ms] [LOG] 
%cSee https://www.facebook.com/selfxss for more information. font-family:helvetica; font-size:20px;  @ https://static.cdninstagram.com/rsrc.php/v4/yA/r/llpHPzBZ1ZW.js:245
[    1192ms] [LOG] 
%c  @ https://static.cdninstagram.com/rsrc.php/v4/yA/r/llpHPzBZ1ZW.js:245
[    1235ms] [VERBOSE] [DOM] Input elements should have autocomplete attributes (suggested: "current-password"): (More info: https://goo.gl/9p2vKq) %o @ https://www.instagram.com/accounts/login/:0
[    1735ms] [INFO] Banner not shown: beforeinstallpromptevent.preventDefault() called. The page must call beforeinstallpromptevent.prompt() to show the banner. @ https://www.instagram.com/accounts/login/:0
[    4143ms] [VERBOSE] [DOM] Input elements should have autocomplete attributes (suggested: "current-password"): (More info: https://goo.gl/9p2vKq) %o @ https://www.instagram.com/accounts/login/:0
[   27914ms] [ERROR] ErrorUtils caught an error:

Missing cryptedUid for successful web login

Subsequent non-fatal errors won't be logged; see https://fburl.com/debugjs. {column: 17870, clientTime: 1781049573, extra: Object, guardList: Array(1), hash: pdzjka} @ https://static.cdninstagram.com/rsrc.php/v4/yA/r/llpHPzBZ1ZW.js:79
[   28714ms] [INFO] Banner not shown: beforeinstallpromptevent.preventDefault() called. The page must call beforeinstallpromptevent.prompt() to show the banner. @ https://www.instagram.com/auth_platform/recaptcha/?apc=Q8HeCgPHFIGr8TjFBA1kiDEEvs4f8WjQ214_AzvG3xqNBoLrVk0zUqPauRiOD_Eysm-t0QABAkg-3SOvmB49P4v5nu4UqDhP7o886NP1jJwwhecetAEgWOch2BqCxQq_rHT0lPgkLwUYVWNvPBbXfatGvCI4dk0xEdp7t5-felISXtaHmzmV4A0_itPyaSuPKw-pzcR77n9mKdFRX3FuUHm8c10iziFZSovDaatTq0GJ0xP8Vg81-5DiWx5uX7kobstcyWw132hJ5kYUSvdLVLAT7i_l3jocTSeH9phHFocGGFbcV6E2rZV1S1FdAwVchZRqLPEN6jw6_m_l0RbXUknNB3WzZRvOj2L2Z2L8BmnpMerHS-ey8l6X-3NC8AfG4fbYE4q8k_kAXh1HxEO0gkep0SMdobUH0O31msxyRGqT9VQXxYVHzGQXSVCwS2lMeJ0QxULuF6Zf40TvouUXrI1tu8JTCguWGzj6gesuNsNOOgEeng-54P-1MrtguvwXvsG4EgJ126wNlbxQCvBLkl-3sux1WxujQzbTXo83mRv68-xahSIAc69ZZx8QrOazI_3MbxmShEWIjTW_lIVvhZ3ClZCgiP767r00Q6aO88QaF7z2EsfuSiPiei5wuQ1vSd1zcP5SACcpITlxIug0j1erq50gZPwSa8l25mFDvl7Fiszljry8b31r5OGxN2tUbsVURDJQxqw_6h1gIb5SOR2mVC7-GQ6S0F0eBReuz-rN1SUST5VfLs_HlLm1jv_h4Oy3cNryT0rRGYcSkDJ0nCIS__H0f8NFuT-Vr7oZ7LeOBhs8UV0g7Hp4tOIVHYGkjVfU4eS2G0Q3XJ54ClMKZm5Mbc2_ve-y_fICzg1-u33OUlgsvyp-qUOunXuHo5jKLIMJHpliE5UIpbJ-FK5buLuTV0Na3CpopgmokGNs1-XzJxh0bHjdkNDzDxiqGYTiPFHpLCsXnd-6Og3INVW3sJIKst0EfyCwTlJpEbjxXRiG0B812opoORYDKsuXm7PwJyh2ZYL9VDYGh4kS7KHvqk9TsbqvwBfS5knwNiN1VdP7Dvd28XFZEHtA02G_IR-fJFhuQ6wWOtbtjP9LirIYg2xLMHJG06XrjAj1nwcKa99px4YSLEBvbSX3zVvTaUSgvLZFz6alXQyP9B689e5aOrzedvgfsmmbjdvNuUE9oGbN2NFfmy9TEDBP50Rj0FLSFMdhzzx7R00CgeSnrTuAga0PRvaUqLXP3qrK8dQIGWSC1PmIb6OWcUvNFTVz3o4e8mJHfVjHQ-ogl03QMc1yYEe0Z-K2GiZgcoVPkLo5N_cj2icsFb3_x3EbB5Kd-43n-sXAarUiDdNMrogP3tt8x4wjomTCoY0z0sZ44DPoELo6IA6OOlwynRbgoSJnZHBh766PJniD56dklBFzPczDZPBlaIRCxcxPoUpw2WHq05fJt-t-jqWJxu_0KgMu8LoZNvHRPnLSITx5rIWb7EU2bq7Ib4iusQ6SR-kJKdo-ZjpTV8_-UeLZphyCjp23K6IgLEeZgQqtFou84joOhDVoDHBGHEH3F7_6Ye_1Utyyx_iRtXRmetkwA40LthbJlBX7klBlFoy38tOs1NkwjlF_nQdHV0sAjfnH2tkT0uoBJ_WIvZUQKzp-JJygi1zz_HTWAV_Gyjx1xA9-76JyLbTwGpKgKN47dzDSzbHbO-Dft5huNJfmLHopCYJgMkDDENwzYr9qIeQgS2XV29Gnl_y2TcFARwf0tr0A6-I_Ntp9x4QxQ2YB61L5UQbLPr39mnR6laqa3PY2hjNNw9-irCebtqh2gTrtKYWSy6AUeQ5i0U8l7_CJLmvB4AmXYJGb6mC9-HeY3YKnI4ICNNGOiDRcbaxWK8F6e-Pj_MdHXAGqZ1fRkWerhiEhMbhAy9A0TZ5BO8saj1za4mL19tpdxuxblpmif2LA1AuAvtVOx9V2NqyAFBtVE7N56UJ0zMaMuqLf9E82uyOBk3v1x3sPVfjVc7yMJ_lMb1nGQkm--mHUJ3jtFZ2NrCc6YhkBnuSqwxK2gEuBWwqnz_lNNfhK5M7XW-02UFVRk495QW154VjOVDOAMTR3zxrYdipMgHHxcm63S54O_jLCANRnEDtQCitGVZOBaQbTtpvnKe8gDsmqhgT8S6VJ-VCDVJAToP1mKw3fzQXwssxlmzZK7Giqm0W8IIguW7OILEI-L5hBAeQGt8RWS3qMW2DpRuKrEqEK2isUKlc73EZ4omEOR4f7ocbH5ryTgMwxfJVYzk0DN3QdLtSmolNgBlpP-OO1Ygv1Zv91fD3h672I7nAT74ZSkE_JA3w7f1vW7UmWkD0i25ZboGQvTnM_c9lxfDr-xZ6D1P4dfVgWa-sZ--bw3gu1X3IyVEfjt5X97qwx_YWngayS1zsUCF-iI1fVs3_wd5OzQzZRw1mbowPGCqGtqbt1V78oAyJ2Vn-0qMUl-Y21d7KpJGlWOAETbN1Jxcg8mAEgJckjMpAhbHO-4qr1yzBeGLZjWQqVFcwExlt1zLXcp8DYapDet4e1Dt1wXt3ULjdThhH7-T4fT7L4bidXZ3g-Df5q87D4yKdWqm_hJxzyc3rw2iWKqME3A7g0BVkLr0B_b_5xc6r00xRX7CL_CcKtN-rfdEs%7Capas&device_id=aiioyQALAAFpnWlaIVnbXWWOIzfB:0
[   28740ms] [LOG] 
%cStop! font-family:helvetica; font-size:20px; font-size:50px; font-weight:bold; color:red; -webkit-text-stroke:1px black; @ https://static.cdninstagram.com/rsrc.php/v4/yA/r/llpHPzBZ1ZW.js:245
[   28740ms] [LOG] 
%cThis is a browser feature intended for developers. If someone told you to copy-paste something here to enable an Instagram feature or "hack" someone's account, it is a scam and will give them access to your Instagram account. font-family:helvetica; font-size:20px;  @ https://static.cdninstagram.com/rsrc.php/v4/yA/r/llpHPzBZ1ZW.js:245
[   28740ms] [LOG] 
%cSee https://www.facebook.com/selfxss for more information. font-family:helvetica; font-size:20px;  @ https://static.cdninstagram.com/rsrc.php/v4/yA/r/llpHPzBZ1ZW.js:245
[   28740ms] [LOG] 
%c  @ https://static.cdninstagram.com/rsrc.php/v4/yA/r/llpHPzBZ1ZW.js:245
[   29165ms] [ERROR] Permissions policy violation: unload is not allowed in this document. @ https://static.xx.fbcdn.net/rsrc.php/v4/ys/r/wPrfXEAC8ZC.js:321
